[0.184s] Invoking command in '/home/chris/Racing-pipline/build/car_interfaces': CMAKE_PREFIX_PATH=${CMAKE_PREFIX_PATH}:/home/chris/sim_ws/install/f1tenth_gym_ros:/home/chris/Racing-pipline/install/test_pkg:/home/chris/Racing-pipline/install/particle_filter:/home/chris/Racing-pipline/install/benchmark_test_pkg:/home/chris/Ros2PP/install/my_waypoint_follower:/home/chris/udemy_ws/install/my_py_pkg:/opt/ros/humble /usr/bin/cmake /home/chris/Racing-pipline/src/car_interfaces -DCMAKE_INSTALL_PREFIX=/home/chris/Racing-pipline/install/car_interfaces
[0.365s] -- The C compiler identification is GNU 11.4.0
[0.366s] -- The CXX compiler identification is GNU 11.4.0
[0.366s] -- Detecting C compiler ABI info
[0.366s] -- Detecting C compiler ABI info - done
[0.366s] -- Check for working C compiler: /usr/bin/cc - skipped
[0.366s] -- Detecting C compile features
[0.366s] -- Detecting C compile features - done
[0.366s] -- Detecting CXX compiler ABI info
[0.366s] -- Detecting CXX compiler ABI info - done
[0.366s] -- Check for working CXX compiler: /usr/bin/c++ - skipped
[0.366s] -- Detecting CXX compile features
[0.366s] -- Detecting CXX compile features - done
[0.366s] -- Found ament_cmake: 1.3.8 (/opt/ros/humble/share/ament_cmake/cmake)
[0.464s] -- Found Python3: /usr/bin/python3 (found version "3.10.12") found components: Interpreter 
[0.524s] -- Found rosidl_default_generators: 1.2.0 (/opt/ros/humble/share/rosidl_default_generators/cmake)
[0.527s] -- Using all available rosidl_typesupport_c: rosidl_typesupport_fastrtps_c;rosidl_typesupport_introspection_c
[0.531s] -- Found rosidl_adapter: 3.1.5 (/opt/ros/humble/share/rosidl_adapter/cmake)
[0.559s] -- Using all available rosidl_typesupport_cpp: rosidl_typesupport_fastrtps_cpp;rosidl_typesupport_introspection_cpp
[0.582s] -- Found ament_lint_auto: 0.12.10 (/opt/ros/humble/share/ament_lint_auto/cmake)
[0.766s] -- Found ament_cmake_ros: 0.10.0 (/opt/ros/humble/share/ament_cmake_ros/cmake)
[0.901s] -- Using all available rosidl_typesupport_c: rosidl_typesupport_fastrtps_c;rosidl_typesupport_introspection_c
[1.071s] -- Using all available rosidl_typesupport_cpp: rosidl_typesupport_fastrtps_cpp;rosidl_typesupport_introspection_cpp
[1.086s] -- Found PythonInterp: /usr/bin/python3 (found suitable version "3.10.12", minimum required is "3.6") 
[1.088s] -- Found python_cmake_module: 0.10.0 (/opt/ros/humble/share/python_cmake_module/cmake)
[1.105s] -- Found PythonLibs: /usr/lib/x86_64-linux-gnu/libpython3.10.so (found suitable version "3.10.12", minimum required is "3.5") 
[1.105s] -- Using PYTHON_EXECUTABLE: /usr/bin/python3
[1.105s] -- Using PYTHON_INCLUDE_DIRS: /usr/include/python3.10
[1.105s] -- Using PYTHON_LIBRARIES: /usr/lib/x86_64-linux-gnu/libpython3.10.so
[1.121s] -- Found PythonExtra: .so  
[1.145s] -- Added test 'lint_cmake' to check CMake code style
[1.146s] -- Added test 'xmllint' to check XML markup files
[1.148s] -- Configuring done
[1.163s] -- Generating done
[1.164s] -- Build files have been written to: /home/chris/Racing-pipline/build/car_interfaces
[1.170s] Invoked command in '/home/chris/Racing-pipline/build/car_interfaces' returned '0': CMAKE_PREFIX_PATH=${CMAKE_PREFIX_PATH}:/home/chris/sim_ws/install/f1tenth_gym_ros:/home/chris/Racing-pipline/install/test_pkg:/home/chris/Racing-pipline/install/particle_filter:/home/chris/Racing-pipline/install/benchmark_test_pkg:/home/chris/Ros2PP/install/my_waypoint_follower:/home/chris/udemy_ws/install/my_py_pkg:/opt/ros/humble /usr/bin/cmake /home/chris/Racing-pipline/src/car_interfaces -DCMAKE_INSTALL_PREFIX=/home/chris/Racing-pipline/install/car_interfaces
[1.170s] Invoking command in '/home/chris/Racing-pipline/build/car_interfaces': CMAKE_PREFIX_PATH=${CMAKE_PREFIX_PATH}:/home/chris/sim_ws/install/f1tenth_gym_ros:/home/chris/Racing-pipline/install/test_pkg:/home/chris/Racing-pipline/install/particle_filter:/home/chris/Racing-pipline/install/benchmark_test_pkg:/home/chris/Ros2PP/install/my_waypoint_follower:/home/chris/udemy_ws/install/my_py_pkg:/opt/ros/humble /usr/bin/cmake --build /home/chris/Racing-pipline/build/car_interfaces -- -j16 -l16
[1.200s] [  2%] [34m[1mGenerating C code for ROS interfaces[0m
[1.209s] [  5%] [34m[1mGenerating C++ code for ROS interfaces[0m
[1.215s] [  5%] Built target ament_cmake_python_copy_car_interfaces
[1.384s] running egg_info
[1.385s] creating car_interfaces.egg-info
[1.385s] writing car_interfaces.egg-info/PKG-INFO
[1.385s] writing dependency_links to car_interfaces.egg-info/dependency_links.txt
[1.385s] writing top-level names to car_interfaces.egg-info/top_level.txt
[1.385s] writing manifest file 'car_interfaces.egg-info/SOURCES.txt'
[1.387s] reading manifest file 'car_interfaces.egg-info/SOURCES.txt'
[1.387s] writing manifest file 'car_interfaces.egg-info/SOURCES.txt'
[1.406s] [  5%] Built target car_interfaces__cpp
[1.411s] [  5%] Built target ament_cmake_python_build_car_interfaces_egg
[1.412s] [ 10%] [34m[1mGenerating C++ type support for eProsima Fast-RTPS[0m
[1.412s] [ 10%] [34m[1mGenerating C++ introspection for ROS interfaces[0m
[1.412s] [ 12%] [34m[1mGenerating C++ type support dispatch for ROS interfaces[0m
[1.418s] [ 17%] [32mBuilding C object CMakeFiles/car_interfaces__rosidl_generator_c.dir/rosidl_generator_c/car_interfaces/srv/detail/car_control__functions.c.o[0m
[1.418s] [ 17%] [32mBuilding C object CMakeFiles/car_interfaces__rosidl_generator_c.dir/rosidl_generator_c/car_interfaces/msg/detail/start_position__functions.c.o[0m
[1.454s] [ 20%] [32m[1mLinking C shared library libcar_interfaces__rosidl_generator_c.so[0m
[1.478s] [ 20%] Built target car_interfaces__rosidl_generator_c
[1.485s] [ 28%] [34m[1mGenerating C type support dispatch for ROS interfaces[0m
[1.485s] [ 28%] [34m[1mGenerating C type support for eProsima Fast-RTPS[0m
[1.485s] [ 28%] [34m[1mGenerating C introspection for ROS interfaces[0m
[1.581s] [ 33%] [32mBuilding CXX object CMakeFiles/car_interfaces__rosidl_typesupport_cpp.dir/rosidl_typesupport_cpp/car_interfaces/srv/car_control__type_support.cpp.o[0m
[1.581s] [ 33%] [32mBuilding CXX object CMakeFiles/car_interfaces__rosidl_typesupport_cpp.dir/rosidl_typesupport_cpp/car_interfaces/msg/start_position__type_support.cpp.o[0m
[1.598s] [ 38%] [32mBuilding CXX object CMakeFiles/car_interfaces__rosidl_typesupport_introspection_cpp.dir/rosidl_typesupport_introspection_cpp/car_interfaces/srv/detail/car_control__type_support.cpp.o[0m
[1.599s] [ 38%] [32mBuilding CXX object CMakeFiles/car_interfaces__rosidl_typesupport_introspection_cpp.dir/rosidl_typesupport_introspection_cpp/car_interfaces/msg/detail/start_position__type_support.cpp.o[0m
[1.616s] [ 41%] [32mBuilding CXX object CMakeFiles/car_interfaces__rosidl_typesupport_fastrtps_cpp.dir/rosidl_typesupport_fastrtps_cpp/car_interfaces/msg/detail/dds_fastrtps/start_position__type_support.cpp.o[0m
[1.619s] [ 43%] [32mBuilding CXX object CMakeFiles/car_interfaces__rosidl_typesupport_fastrtps_cpp.dir/rosidl_typesupport_fastrtps_cpp/car_interfaces/srv/detail/dds_fastrtps/car_control__type_support.cpp.o[0m
[1.676s] [ 46%] [32mBuilding CXX object CMakeFiles/car_interfaces__rosidl_typesupport_c.dir/rosidl_typesupport_c/car_interfaces/msg/start_position__type_support.cpp.o[0m
[1.678s] [ 48%] [32mBuilding CXX object CMakeFiles/car_interfaces__rosidl_typesupport_c.dir/rosidl_typesupport_c/car_interfaces/srv/car_control__type_support.cpp.o[0m
[1.692s] [ 51%] [32mBuilding C object CMakeFiles/car_interfaces__rosidl_typesupport_introspection_c.dir/rosidl_typesupport_introspection_c/car_interfaces/msg/detail/start_position__type_support.c.o[0m
[1.694s] [ 53%] [32mBuilding C object CMakeFiles/car_interfaces__rosidl_typesupport_introspection_c.dir/rosidl_typesupport_introspection_c/car_interfaces/srv/detail/car_control__type_support.c.o[0m
[1.701s] [ 58%] [32mBuilding CXX object CMakeFiles/car_interfaces__rosidl_typesupport_fastrtps_c.dir/rosidl_typesupport_fastrtps_c/car_interfaces/srv/detail/car_control__type_support_c.cpp.o[0m
[1.701s] [ 58%] [32mBuilding CXX object CMakeFiles/car_interfaces__rosidl_typesupport_fastrtps_c.dir/rosidl_typesupport_fastrtps_c/car_interfaces/msg/detail/start_position__type_support_c.cpp.o[0m
[1.710s] [ 61%] [32m[1mLinking CXX shared library libcar_interfaces__rosidl_typesupport_c.so[0m
[1.732s] [ 64%] [32m[1mLinking C shared library libcar_interfaces__rosidl_typesupport_introspection_c.so[0m
[1.744s] [ 64%] Built target car_interfaces__rosidl_typesupport_c
[1.759s] [ 64%] Built target car_interfaces__rosidl_typesupport_introspection_c
[1.784s] [ 66%] [32m[1mLinking CXX shared library libcar_interfaces__rosidl_typesupport_cpp.so[0m
[1.814s] [ 66%] Built target car_interfaces__rosidl_typesupport_cpp
[1.885s] [ 69%] [32m[1mLinking CXX shared library libcar_interfaces__rosidl_typesupport_introspection_cpp.so[0m
[1.916s] [ 71%] [32m[1mLinking CXX shared library libcar_interfaces__rosidl_typesupport_fastrtps_cpp.so[0m
[1.927s] [ 71%] Built target car_interfaces__rosidl_typesupport_introspection_cpp
[1.943s] [ 74%] [32m[1mLinking CXX shared library libcar_interfaces__rosidl_typesupport_fastrtps_c.so[0m
[1.964s] [ 74%] Built target car_interfaces__rosidl_typesupport_fastrtps_cpp
[1.987s] [ 74%] Built target car_interfaces__rosidl_typesupport_fastrtps_c
[1.999s] [ 74%] Built target car_interfaces
[2.012s] [ 76%] [34m[1mGenerating Python code for ROS interfaces[0m
[2.276s] [ 76%] Built target car_interfaces__py
[2.289s] [ 82%] [32mBuilding C object CMakeFiles/car_interfaces__rosidl_generator_py.dir/rosidl_generator_py/car_interfaces/msg/_start_position_s.c.o[0m
[2.289s] [ 82%] [32mBuilding C object CMakeFiles/car_interfaces__rosidl_generator_py.dir/rosidl_generator_py/car_interfaces/srv/_car_control_s.c.o[0m
[2.350s] [ 84%] [32m[1mLinking C shared library rosidl_generator_py/car_interfaces/libcar_interfaces__rosidl_generator_py.so[0m
[2.377s] [ 84%] Built target car_interfaces__rosidl_generator_py
[2.390s] [ 89%] [32mBuilding C object CMakeFiles/car_interfaces__rosidl_typesupport_c__pyext.dir/rosidl_generator_py/car_interfaces/_car_interfaces_s.ep.rosidl_typesupport_c.c.o[0m
[2.390s] [ 89%] [32mBuilding C object CMakeFiles/car_interfaces__rosidl_typesupport_fastrtps_c__pyext.dir/rosidl_generator_py/car_interfaces/_car_interfaces_s.ep.rosidl_typesupport_fastrtps_c.c.o[0m
[2.390s] [ 92%] [32mBuilding C object CMakeFiles/car_interfaces__rosidl_typesupport_introspection_c__pyext.dir/rosidl_generator_py/car_interfaces/_car_interfaces_s.ep.rosidl_typesupport_introspection_c.c.o[0m
[2.448s] [ 97%] [32m[1mLinking C shared library rosidl_generator_py/car_interfaces/car_interfaces_s__rosidl_typesupport_introspection_c.cpython-310-x86_64-linux-gnu.so[0m
[2.448s] [ 97%] [32m[1mLinking C shared library rosidl_generator_py/car_interfaces/car_interfaces_s__rosidl_typesupport_c.cpython-310-x86_64-linux-gnu.so[0m
[2.448s] [100%] [32m[1mLinking C shared library rosidl_generator_py/car_interfaces/car_interfaces_s__rosidl_typesupport_fastrtps_c.cpython-310-x86_64-linux-gnu.so[0m
[2.469s] [100%] Built target car_interfaces__rosidl_typesupport_fastrtps_c__pyext
[2.469s] [100%] Built target car_interfaces__rosidl_typesupport_introspection_c__pyext
[2.470s] [100%] Built target car_interfaces__rosidl_typesupport_c__pyext
[2.478s] Invoked command in '/home/chris/Racing-pipline/build/car_interfaces' returned '0': CMAKE_PREFIX_PATH=${CMAKE_PREFIX_PATH}:/home/chris/sim_ws/install/f1tenth_gym_ros:/home/chris/Racing-pipline/install/test_pkg:/home/chris/Racing-pipline/install/particle_filter:/home/chris/Racing-pipline/install/benchmark_test_pkg:/home/chris/Ros2PP/install/my_waypoint_follower:/home/chris/udemy_ws/install/my_py_pkg:/opt/ros/humble /usr/bin/cmake --build /home/chris/Racing-pipline/build/car_interfaces -- -j16 -l16
[2.633s] Invoking command in '/home/chris/Racing-pipline/build/car_interfaces': CMAKE_PREFIX_PATH=${CMAKE_PREFIX_PATH}:/home/chris/sim_ws/install/f1tenth_gym_ros:/home/chris/Racing-pipline/install/test_pkg:/home/chris/Racing-pipline/install/particle_filter:/home/chris/Racing-pipline/install/benchmark_test_pkg:/home/chris/Ros2PP/install/my_waypoint_follower:/home/chris/udemy_ws/install/my_py_pkg:/opt/ros/humble /usr/bin/cmake --install /home/chris/Racing-pipline/build/car_interfaces
[2.646s] -- Install configuration: ""
[2.647s] -- Installing: /home/chris/Racing-pipline/install/car_interfaces/share/ament_index/resource_index/rosidl_interfaces/car_interfaces
[2.647s] -- Installing: /home/chris/Racing-pipline/install/car_interfaces/include/car_interfaces/car_interfaces
[2.647s] -- Installing: /home/chris/Racing-pipline/install/car_interfaces/include/car_interfaces/car_interfaces/srv
[2.648s] -- Installing: /home/chris/Racing-pipline/install/car_interfaces/include/car_interfaces/car_interfaces/srv/detail
[2.648s] -- Installing: /home/chris/Racing-pipline/install/car_interfaces/include/car_interfaces/car_interfaces/srv/detail/car_control__functions.c
[2.648s] -- Installing: /home/chris/Racing-pipline/install/car_interfaces/include/car_interfaces/car_interfaces/srv/detail/car_control__struct.h
[2.648s] -- Installing: /home/chris/Racing-pipline/install/car_interfaces/include/car_interfaces/car_interfaces/srv/detail/car_control__functions.h
[2.649s] -- Installing: /home/chris/Racing-pipline/install/car_interfaces/include/car_interfaces/car_interfaces/srv/detail/car_control__type_support.h
[2.649s] -- Installing: /home/chris/Racing-pipline/install/car_interfaces/include/car_interfaces/car_interfaces/srv/car_control.h
[2.649s] -- Installing: /home/chris/Racing-pipline/install/car_interfaces/include/car_interfaces/car_interfaces/msg
[2.649s] -- Installing: /home/chris/Racing-pipline/install/car_interfaces/include/car_interfaces/car_interfaces/msg/start_position.h
[2.649s] -- Installing: /home/chris/Racing-pipline/install/car_interfaces/include/car_interfaces/car_interfaces/msg/detail
[2.649s] -- Installing: /home/chris/Racing-pipline/install/car_interfaces/include/car_interfaces/car_interfaces/msg/detail/start_position__type_support.h
[2.650s] -- Installing: /home/chris/Racing-pipline/install/car_interfaces/include/car_interfaces/car_interfaces/msg/detail/start_position__functions.c
[2.650s] -- Installing: /home/chris/Racing-pipline/install/car_interfaces/include/car_interfaces/car_interfaces/msg/detail/start_position__struct.h
[2.650s] -- Installing: /home/chris/Racing-pipline/install/car_interfaces/include/car_interfaces/car_interfaces/msg/detail/start_position__functions.h
[2.650s] -- Installing: /home/chris/Racing-pipline/install/car_interfaces/include/car_interfaces/car_interfaces/msg/rosidl_generator_c__visibility_control.h
[2.650s] -- Installing: /home/chris/Racing-pipline/install/car_interfaces/share/car_interfaces/environment/library_path.sh
[2.650s] -- Installing: /home/chris/Racing-pipline/install/car_interfaces/share/car_interfaces/environment/library_path.dsv
[2.650s] -- Installing: /home/chris/Racing-pipline/install/car_interfaces/lib/libcar_interfaces__rosidl_generator_c.so
[2.650s] -- Set runtime path of "/home/chris/Racing-pipline/install/car_interfaces/lib/libcar_interfaces__rosidl_generator_c.so" to ""
[2.650s] -- Up-to-date: /home/chris/Racing-pipline/install/car_interfaces/include/car_interfaces/car_interfaces
[2.650s] -- Up-to-date: /home/chris/Racing-pipline/install/car_interfaces/include/car_interfaces/car_interfaces/srv
[2.650s] -- Up-to-date: /home/chris/Racing-pipline/install/car_interfaces/include/car_interfaces/car_interfaces/srv/detail
[2.650s] -- Installing: /home/chris/Racing-pipline/install/car_interfaces/include/car_interfaces/car_interfaces/srv/detail/car_control__rosidl_typesupport_fastrtps_c.h
[2.651s] -- Up-to-date: /home/chris/Racing-pipline/install/car_interfaces/include/car_interfaces/car_interfaces/msg
[2.651s] -- Installing: /home/chris/Racing-pipline/install/car_interfaces/include/car_interfaces/car_interfaces/msg/rosidl_typesupport_fastrtps_c__visibility_control.h
[2.651s] -- Up-to-date: /home/chris/Racing-pipline/install/car_interfaces/include/car_interfaces/car_interfaces/msg/detail
[2.651s] -- Installing: /home/chris/Racing-pipline/install/car_interfaces/include/car_interfaces/car_interfaces/msg/detail/start_position__rosidl_typesupport_fastrtps_c.h
[2.651s] -- Installing: /home/chris/Racing-pipline/install/car_interfaces/lib/libcar_interfaces__rosidl_typesupport_fastrtps_c.so
[2.651s] -- Set runtime path of "/home/chris/Racing-pipline/install/car_interfaces/lib/libcar_interfaces__rosidl_typesupport_fastrtps_c.so" to ""
[2.651s] -- Up-to-date: /home/chris/Racing-pipline/install/car_interfaces/include/car_interfaces/car_interfaces
[2.651s] -- Up-to-date: /home/chris/Racing-pipline/install/car_interfaces/include/car_interfaces/car_interfaces/srv
[2.651s] -- Up-to-date: /home/chris/Racing-pipline/install/car_interfaces/include/car_interfaces/car_interfaces/srv/detail
[2.651s] -- Installing: /home/chris/Racing-pipline/install/car_interfaces/include/car_interfaces/car_interfaces/srv/detail/car_control__type_support.c
[2.651s] -- Installing: /home/chris/Racing-pipline/install/car_interfaces/include/car_interfaces/car_interfaces/srv/detail/car_control__rosidl_typesupport_introspection_c.h
[2.651s] -- Up-to-date: /home/chris/Racing-pipline/install/car_interfaces/include/car_interfaces/car_interfaces/msg
[2.651s] -- Installing: /home/chris/Racing-pipline/install/car_interfaces/include/car_interfaces/car_interfaces/msg/rosidl_typesupport_introspection_c__visibility_control.h
[2.651s] -- Up-to-date: /home/chris/Racing-pipline/install/car_interfaces/include/car_interfaces/car_interfaces/msg/detail
[2.651s] -- Installing: /home/chris/Racing-pipline/install/car_interfaces/include/car_interfaces/car_interfaces/msg/detail/start_position__type_support.c
[2.651s] -- Installing: /home/chris/Racing-pipline/install/car_interfaces/include/car_interfaces/car_interfaces/msg/detail/start_position__rosidl_typesupport_introspection_c.h
[2.651s] -- Installing: /home/chris/Racing-pipline/install/car_interfaces/lib/libcar_interfaces__rosidl_typesupport_introspection_c.so
[2.651s] -- Set runtime path of "/home/chris/Racing-pipline/install/car_interfaces/lib/libcar_interfaces__rosidl_typesupport_introspection_c.so" to ""
[2.651s] -- Installing: /home/chris/Racing-pipline/install/car_interfaces/lib/libcar_interfaces__rosidl_typesupport_c.so
[2.651s] -- Set runtime path of "/home/chris/Racing-pipline/install/car_interfaces/lib/libcar_interfaces__rosidl_typesupport_c.so" to ""
[2.652s] -- Up-to-date: /home/chris/Racing-pipline/install/car_interfaces/include/car_interfaces/car_interfaces
[2.652s] -- Up-to-date: /home/chris/Racing-pipline/install/car_interfaces/include/car_interfaces/car_interfaces/srv
[2.652s] -- Up-to-date: /home/chris/Racing-pipline/install/car_interfaces/include/car_interfaces/car_interfaces/srv/detail
[2.652s] -- Installing: /home/chris/Racing-pipline/install/car_interfaces/include/car_interfaces/car_interfaces/srv/detail/car_control__struct.hpp
[2.652s] -- Installing: /home/chris/Racing-pipline/install/car_interfaces/include/car_interfaces/car_interfaces/srv/detail/car_control__builder.hpp
[2.652s] -- Installing: /home/chris/Racing-pipline/install/car_interfaces/include/car_interfaces/car_interfaces/srv/detail/car_control__traits.hpp
[2.652s] -- Installing: /home/chris/Racing-pipline/install/car_interfaces/include/car_interfaces/car_interfaces/srv/car_control.hpp
[2.652s] -- Up-to-date: /home/chris/Racing-pipline/install/car_interfaces/include/car_interfaces/car_interfaces/msg
[2.652s] -- Up-to-date: /home/chris/Racing-pipline/install/car_interfaces/include/car_interfaces/car_interfaces/msg/detail
[2.652s] -- Installing: /home/chris/Racing-pipline/install/car_interfaces/include/car_interfaces/car_interfaces/msg/detail/start_position__struct.hpp
[2.652s] -- Installing: /home/chris/Racing-pipline/install/car_interfaces/include/car_interfaces/car_interfaces/msg/detail/start_position__builder.hpp
[2.652s] -- Installing: /home/chris/Racing-pipline/install/car_interfaces/include/car_interfaces/car_interfaces/msg/detail/start_position__traits.hpp
[2.652s] -- Installing: /home/chris/Racing-pipline/install/car_interfaces/include/car_interfaces/car_interfaces/msg/start_position.hpp
[2.652s] -- Up-to-date: /home/chris/Racing-pipline/install/car_interfaces/include/car_interfaces/car_interfaces
[2.652s] -- Up-to-date: /home/chris/Racing-pipline/install/car_interfaces/include/car_interfaces/car_interfaces/srv
[2.652s] -- Up-to-date: /home/chris/Racing-pipline/install/car_interfaces/include/car_interfaces/car_interfaces/srv/detail
[2.652s] -- Installing: /home/chris/Racing-pipline/install/car_interfaces/include/car_interfaces/car_interfaces/srv/detail/dds_fastrtps
[2.652s] -- Installing: /home/chris/Racing-pipline/install/car_interfaces/include/car_interfaces/car_interfaces/srv/detail/car_control__rosidl_typesupport_fastrtps_cpp.hpp
[2.652s] -- Up-to-date: /home/chris/Racing-pipline/install/car_interfaces/include/car_interfaces/car_interfaces/msg
[2.652s] -- Installing: /home/chris/Racing-pipline/install/car_interfaces/include/car_interfaces/car_interfaces/msg/rosidl_typesupport_fastrtps_cpp__visibility_control.h
[2.652s] -- Up-to-date: /home/chris/Racing-pipline/install/car_interfaces/include/car_interfaces/car_interfaces/msg/detail
[2.652s] -- Installing: /home/chris/Racing-pipline/install/car_interfaces/include/car_interfaces/car_interfaces/msg/detail/dds_fastrtps
[2.652s] -- Installing: /home/chris/Racing-pipline/install/car_interfaces/include/car_interfaces/car_interfaces/msg/detail/start_position__rosidl_typesupport_fastrtps_cpp.hpp
[2.652s] -- Installing: /home/chris/Racing-pipline/install/car_interfaces/lib/libcar_interfaces__rosidl_typesupport_fastrtps_cpp.so
[2.652s] -- Set runtime path of "/home/chris/Racing-pipline/install/car_interfaces/lib/libcar_interfaces__rosidl_typesupport_fastrtps_cpp.so" to ""
[2.653s] -- Up-to-date: /home/chris/Racing-pipline/install/car_interfaces/include/car_interfaces/car_interfaces
[2.653s] -- Up-to-date: /home/chris/Racing-pipline/install/car_interfaces/include/car_interfaces/car_interfaces/srv
[2.653s] -- Up-to-date: /home/chris/Racing-pipline/install/car_interfaces/include/car_interfaces/car_interfaces/srv/detail
[2.653s] -- Installing: /home/chris/Racing-pipline/install/car_interfaces/include/car_interfaces/car_interfaces/srv/detail/car_control__rosidl_typesupport_introspection_cpp.hpp
[2.653s] -- Installing: /home/chris/Racing-pipline/install/car_interfaces/include/car_interfaces/car_interfaces/srv/detail/car_control__type_support.cpp
[2.653s] -- Up-to-date: /home/chris/Racing-pipline/install/car_interfaces/include/car_interfaces/car_interfaces/msg
[2.653s] -- Up-to-date: /home/chris/Racing-pipline/install/car_interfaces/include/car_interfaces/car_interfaces/msg/detail
[2.653s] -- Installing: /home/chris/Racing-pipline/install/car_interfaces/include/car_interfaces/car_interfaces/msg/detail/start_position__rosidl_typesupport_introspection_cpp.hpp
[2.653s] -- Installing: /home/chris/Racing-pipline/install/car_interfaces/include/car_interfaces/car_interfaces/msg/detail/start_position__type_support.cpp
[2.653s] -- Installing: /home/chris/Racing-pipline/install/car_interfaces/lib/libcar_interfaces__rosidl_typesupport_introspection_cpp.so
[2.653s] -- Set runtime path of "/home/chris/Racing-pipline/install/car_interfaces/lib/libcar_interfaces__rosidl_typesupport_introspection_cpp.so" to ""
[2.653s] -- Installing: /home/chris/Racing-pipline/install/car_interfaces/lib/libcar_interfaces__rosidl_typesupport_cpp.so
[2.653s] -- Set runtime path of "/home/chris/Racing-pipline/install/car_interfaces/lib/libcar_interfaces__rosidl_typesupport_cpp.so" to ""
[2.653s] -- Installing: /home/chris/Racing-pipline/install/car_interfaces/share/car_interfaces/environment/pythonpath.sh
[2.653s] -- Installing: /home/chris/Racing-pipline/install/car_interfaces/share/car_interfaces/environment/pythonpath.dsv
[2.653s] -- Installing: /home/chris/Racing-pipline/install/car_interfaces/local/lib/python3.10/dist-packages/car_interfaces-0.0.0-py3.10.egg-info
[2.653s] -- Installing: /home/chris/Racing-pipline/install/car_interfaces/local/lib/python3.10/dist-packages/car_interfaces-0.0.0-py3.10.egg-info/top_level.txt
[2.653s] -- Installing: /home/chris/Racing-pipline/install/car_interfaces/local/lib/python3.10/dist-packages/car_interfaces-0.0.0-py3.10.egg-info/dependency_links.txt
[2.653s] -- Installing: /home/chris/Racing-pipline/install/car_interfaces/local/lib/python3.10/dist-packages/car_interfaces-0.0.0-py3.10.egg-info/PKG-INFO
[2.653s] -- Installing: /home/chris/Racing-pipline/install/car_interfaces/local/lib/python3.10/dist-packages/car_interfaces-0.0.0-py3.10.egg-info/SOURCES.txt
[2.653s] -- Installing: /home/chris/Racing-pipline/install/car_interfaces/local/lib/python3.10/dist-packages/car_interfaces
[2.653s] -- Installing: /home/chris/Racing-pipline/install/car_interfaces/local/lib/python3.10/dist-packages/car_interfaces/__init__.py
[2.653s] -- Installing: /home/chris/Racing-pipline/install/car_interfaces/local/lib/python3.10/dist-packages/car_interfaces/srv
[2.654s] -- Installing: /home/chris/Racing-pipline/install/car_interfaces/local/lib/python3.10/dist-packages/car_interfaces/srv/__init__.py
[2.654s] -- Installing: /home/chris/Racing-pipline/install/car_interfaces/local/lib/python3.10/dist-packages/car_interfaces/srv/_car_control_s.c
[2.654s] -- Installing: /home/chris/Racing-pipline/install/car_interfaces/local/lib/python3.10/dist-packages/car_interfaces/srv/_car_control.py
[2.654s] -- Installing: /home/chris/Racing-pipline/install/car_interfaces/local/lib/python3.10/dist-packages/car_interfaces/car_interfaces_s__rosidl_typesupport_fastrtps_c.cpython-310-x86_64-linux-gnu.so
[2.654s] -- Installing: /home/chris/Racing-pipline/install/car_interfaces/local/lib/python3.10/dist-packages/car_interfaces/_car_interfaces_s.ep.rosidl_typesupport_fastrtps_c.c
[2.654s] -- Installing: /home/chris/Racing-pipline/install/car_interfaces/local/lib/python3.10/dist-packages/car_interfaces/car_interfaces_s__rosidl_typesupport_c.cpython-310-x86_64-linux-gnu.so
[2.654s] -- Installing: /home/chris/Racing-pipline/install/car_interfaces/local/lib/python3.10/dist-packages/car_interfaces/car_interfaces_s__rosidl_typesupport_introspection_c.cpython-310-x86_64-linux-gnu.so
[2.654s] -- Installing: /home/chris/Racing-pipline/install/car_interfaces/local/lib/python3.10/dist-packages/car_interfaces/_car_interfaces_s.ep.rosidl_typesupport_introspection_c.c
[2.654s] -- Installing: /home/chris/Racing-pipline/install/car_interfaces/local/lib/python3.10/dist-packages/car_interfaces/libcar_interfaces__rosidl_generator_py.so
[2.654s] -- Installing: /home/chris/Racing-pipline/install/car_interfaces/local/lib/python3.10/dist-packages/car_interfaces/_car_interfaces_s.ep.rosidl_typesupport_c.c
[2.654s] -- Installing: /home/chris/Racing-pipline/install/car_interfaces/local/lib/python3.10/dist-packages/car_interfaces/msg
[2.654s] -- Installing: /home/chris/Racing-pipline/install/car_interfaces/local/lib/python3.10/dist-packages/car_interfaces/msg/__init__.py
[2.654s] -- Installing: /home/chris/Racing-pipline/install/car_interfaces/local/lib/python3.10/dist-packages/car_interfaces/msg/_start_position_s.c
[2.654s] -- Installing: /home/chris/Racing-pipline/install/car_interfaces/local/lib/python3.10/dist-packages/car_interfaces/msg/_start_position.py
[2.677s] Listing '/home/chris/Racing-pipline/install/car_interfaces/local/lib/python3.10/dist-packages/car_interfaces'...
[2.678s] Compiling '/home/chris/Racing-pipline/install/car_interfaces/local/lib/python3.10/dist-packages/car_interfaces/__init__.py'...
[2.678s] Listing '/home/chris/Racing-pipline/install/car_interfaces/local/lib/python3.10/dist-packages/car_interfaces/msg'...
[2.678s] Compiling '/home/chris/Racing-pipline/install/car_interfaces/local/lib/python3.10/dist-packages/car_interfaces/msg/__init__.py'...
[2.678s] Compiling '/home/chris/Racing-pipline/install/car_interfaces/local/lib/python3.10/dist-packages/car_interfaces/msg/_start_position.py'...
[2.678s] Listing '/home/chris/Racing-pipline/install/car_interfaces/local/lib/python3.10/dist-packages/car_interfaces/srv'...
[2.678s] Compiling '/home/chris/Racing-pipline/install/car_interfaces/local/lib/python3.10/dist-packages/car_interfaces/srv/__init__.py'...
[2.678s] Compiling '/home/chris/Racing-pipline/install/car_interfaces/local/lib/python3.10/dist-packages/car_interfaces/srv/_car_control.py'...
[2.681s] -- Installing: /home/chris/Racing-pipline/install/car_interfaces/local/lib/python3.10/dist-packages/car_interfaces/car_interfaces_s__rosidl_typesupport_fastrtps_c.cpython-310-x86_64-linux-gnu.so
[2.681s] -- Set runtime path of "/home/chris/Racing-pipline/install/car_interfaces/local/lib/python3.10/dist-packages/car_interfaces/car_interfaces_s__rosidl_typesupport_fastrtps_c.cpython-310-x86_64-linux-gnu.so" to ""
[2.681s] -- Installing: /home/chris/Racing-pipline/install/car_interfaces/local/lib/python3.10/dist-packages/car_interfaces/car_interfaces_s__rosidl_typesupport_introspection_c.cpython-310-x86_64-linux-gnu.so
[2.681s] -- Set runtime path of "/home/chris/Racing-pipline/install/car_interfaces/local/lib/python3.10/dist-packages/car_interfaces/car_interfaces_s__rosidl_typesupport_introspection_c.cpython-310-x86_64-linux-gnu.so" to ""
[2.681s] -- Installing: /home/chris/Racing-pipline/install/car_interfaces/local/lib/python3.10/dist-packages/car_interfaces/car_interfaces_s__rosidl_typesupport_c.cpython-310-x86_64-linux-gnu.so
[2.681s] -- Set runtime path of "/home/chris/Racing-pipline/install/car_interfaces/local/lib/python3.10/dist-packages/car_interfaces/car_interfaces_s__rosidl_typesupport_c.cpython-310-x86_64-linux-gnu.so" to ""
[2.681s] -- Installing: /home/chris/Racing-pipline/install/car_interfaces/lib/libcar_interfaces__rosidl_generator_py.so
[2.681s] -- Set runtime path of "/home/chris/Racing-pipline/install/car_interfaces/lib/libcar_interfaces__rosidl_generator_py.so" to ""
[2.681s] -- Installing: /home/chris/Racing-pipline/install/car_interfaces/share/car_interfaces/msg/StartPosition.idl
[2.681s] -- Installing: /home/chris/Racing-pipline/install/car_interfaces/share/car_interfaces/srv/CarControl.idl
[2.681s] -- Installing: /home/chris/Racing-pipline/install/car_interfaces/share/car_interfaces/msg/StartPosition.msg
[2.681s] -- Installing: /home/chris/Racing-pipline/install/car_interfaces/share/car_interfaces/srv/CarControl.srv
[2.681s] -- Installing: /home/chris/Racing-pipline/install/car_interfaces/share/car_interfaces/srv/CarControl_Request.msg
[2.682s] -- Installing: /home/chris/Racing-pipline/install/car_interfaces/share/car_interfaces/srv/CarControl_Response.msg
[2.682s] -- Installing: /home/chris/Racing-pipline/install/car_interfaces/share/ament_index/resource_index/package_run_dependencies/car_interfaces
[2.682s] -- Installing: /home/chris/Racing-pipline/install/car_interfaces/share/ament_index/resource_index/parent_prefix_path/car_interfaces
[2.682s] -- Installing: /home/chris/Racing-pipline/install/car_interfaces/share/car_interfaces/environment/ament_prefix_path.sh
[2.682s] -- Installing: /home/chris/Racing-pipline/install/car_interfaces/share/car_interfaces/environment/ament_prefix_path.dsv
[2.682s] -- Installing: /home/chris/Racing-pipline/install/car_interfaces/share/car_interfaces/environment/path.sh
[2.682s] -- Installing: /home/chris/Racing-pipline/install/car_interfaces/share/car_interfaces/environment/path.dsv
[2.682s] -- Installing: /home/chris/Racing-pipline/install/car_interfaces/share/car_interfaces/local_setup.bash
[2.682s] -- Installing: /home/chris/Racing-pipline/install/car_interfaces/share/car_interfaces/local_setup.sh
[2.682s] -- Installing: /home/chris/Racing-pipline/install/car_interfaces/share/car_interfaces/local_setup.zsh
[2.682s] -- Installing: /home/chris/Racing-pipline/install/car_interfaces/share/car_interfaces/local_setup.dsv
[2.682s] -- Installing: /home/chris/Racing-pipline/install/car_interfaces/share/car_interfaces/package.dsv
[2.682s] -- Installing: /home/chris/Racing-pipline/install/car_interfaces/share/ament_index/resource_index/packages/car_interfaces
[2.682s] -- Installing: /home/chris/Racing-pipline/install/car_interfaces/share/car_interfaces/cmake/export_car_interfaces__rosidl_generator_cExport.cmake
[2.682s] -- Installing: /home/chris/Racing-pipline/install/car_interfaces/share/car_interfaces/cmake/export_car_interfaces__rosidl_generator_cExport-noconfig.cmake
[2.682s] -- Installing: /home/chris/Racing-pipline/install/car_interfaces/share/car_interfaces/cmake/export_car_interfaces__rosidl_typesupport_fastrtps_cExport.cmake
[2.683s] -- Installing: /home/chris/Racing-pipline/install/car_interfaces/share/car_interfaces/cmake/export_car_interfaces__rosidl_typesupport_fastrtps_cExport-noconfig.cmake
[2.683s] -- Installing: /home/chris/Racing-pipline/install/car_interfaces/share/car_interfaces/cmake/car_interfaces__rosidl_typesupport_introspection_cExport.cmake
[2.683s] -- Installing: /home/chris/Racing-pipline/install/car_interfaces/share/car_interfaces/cmake/car_interfaces__rosidl_typesupport_introspection_cExport-noconfig.cmake
[2.683s] -- Installing: /home/chris/Racing-pipline/install/car_interfaces/share/car_interfaces/cmake/car_interfaces__rosidl_typesupport_cExport.cmake
[2.683s] -- Installing: /home/chris/Racing-pipline/install/car_interfaces/share/car_interfaces/cmake/car_interfaces__rosidl_typesupport_cExport-noconfig.cmake
[2.683s] -- Installing: /home/chris/Racing-pipline/install/car_interfaces/share/car_interfaces/cmake/export_car_interfaces__rosidl_generator_cppExport.cmake
[2.683s] -- Installing: /home/chris/Racing-pipline/install/car_interfaces/share/car_interfaces/cmake/export_car_interfaces__rosidl_typesupport_fastrtps_cppExport.cmake
[2.683s] -- Installing: /home/chris/Racing-pipline/install/car_interfaces/share/car_interfaces/cmake/export_car_interfaces__rosidl_typesupport_fastrtps_cppExport-noconfig.cmake
[2.683s] -- Installing: /home/chris/Racing-pipline/install/car_interfaces/share/car_interfaces/cmake/car_interfaces__rosidl_typesupport_introspection_cppExport.cmake
[2.683s] -- Installing: /home/chris/Racing-pipline/install/car_interfaces/share/car_interfaces/cmake/car_interfaces__rosidl_typesupport_introspection_cppExport-noconfig.cmake
[2.683s] -- Installing: /home/chris/Racing-pipline/install/car_interfaces/share/car_interfaces/cmake/car_interfaces__rosidl_typesupport_cppExport.cmake
[2.683s] -- Installing: /home/chris/Racing-pipline/install/car_interfaces/share/car_interfaces/cmake/car_interfaces__rosidl_typesupport_cppExport-noconfig.cmake
[2.683s] -- Installing: /home/chris/Racing-pipline/install/car_interfaces/share/car_interfaces/cmake/export_car_interfaces__rosidl_generator_pyExport.cmake
[2.683s] -- Installing: /home/chris/Racing-pipline/install/car_interfaces/share/car_interfaces/cmake/export_car_interfaces__rosidl_generator_pyExport-noconfig.cmake
[2.683s] -- Installing: /home/chris/Racing-pipline/install/car_interfaces/share/car_interfaces/cmake/rosidl_cmake-extras.cmake
[2.684s] -- Installing: /home/chris/Racing-pipline/install/car_interfaces/share/car_interfaces/cmake/ament_cmake_export_include_directories-extras.cmake
[2.684s] -- Installing: /home/chris/Racing-pipline/install/car_interfaces/share/car_interfaces/cmake/ament_cmake_export_libraries-extras.cmake
[2.684s] -- Installing: /home/chris/Racing-pipline/install/car_interfaces/share/car_interfaces/cmake/ament_cmake_export_targets-extras.cmake
[2.684s] -- Installing: /home/chris/Racing-pipline/install/car_interfaces/share/car_interfaces/cmake/rosidl_cmake_export_typesupport_targets-extras.cmake
[2.684s] -- Installing: /home/chris/Racing-pipline/install/car_interfaces/share/car_interfaces/cmake/ament_cmake_export_dependencies-extras.cmake
[2.684s] -- Installing: /home/chris/Racing-pipline/install/car_interfaces/share/car_interfaces/cmake/rosidl_cmake_export_typesupport_libraries-extras.cmake
[2.684s] -- Installing: /home/chris/Racing-pipline/install/car_interfaces/share/car_interfaces/cmake/car_interfacesConfig.cmake
[2.684s] -- Installing: /home/chris/Racing-pipline/install/car_interfaces/share/car_interfaces/cmake/car_interfacesConfig-version.cmake
[2.684s] -- Installing: /home/chris/Racing-pipline/install/car_interfaces/share/car_interfaces/package.xml
[2.686s] Invoked command in '/home/chris/Racing-pipline/build/car_interfaces' returned '0': CMAKE_PREFIX_PATH=${CMAKE_PREFIX_PATH}:/home/chris/sim_ws/install/f1tenth_gym_ros:/home/chris/Racing-pipline/install/test_pkg:/home/chris/Racing-pipline/install/particle_filter:/home/chris/Racing-pipline/install/benchmark_test_pkg:/home/chris/Ros2PP/install/my_waypoint_follower:/home/chris/udemy_ws/install/my_py_pkg:/opt/ros/humble /usr/bin/cmake --install /home/chris/Racing-pipline/build/car_interfaces
