[0.652s] Invoking command in '/home/chris/Racing-pipline/build/car_interfaces': CMAKE_PREFIX_PATH=${CMAKE_PREFIX_PATH}:/home/chris/sim_ws/install/f1tenth_gym_ros:/home/chris/Racing-pipline/install/test_pkg:/home/chris/Racing-pipline/install/particle_filter:/home/chris/Racing-pipline/install/benchmark_test_pkg:/home/chris/Ros2PP/install/my_waypoint_follower:/home/chris/udemy_ws/install/my_py_pkg:/opt/ros/humble /usr/bin/cmake --build /home/chris/Racing-pipline/build/car_interfaces -- -j16 -l16
[1.150s] [  2%] Built target car_interfaces__cpp
[1.151s] [  2%] Built target ament_cmake_python_copy_car_interfaces
[1.151s] [ 12%] Built target car_interfaces__rosidl_typesupport_cpp
[1.528s] running egg_info
[1.529s] writing car_interfaces.egg-info/PKG-INFO
[1.529s] writing dependency_links to car_interfaces.egg-info/dependency_links.txt
[1.529s] writing top-level names to car_interfaces.egg-info/top_level.txt
[1.533s] reading manifest file 'car_interfaces.egg-info/SOURCES.txt'
[1.534s] writing manifest file 'car_interfaces.egg-info/SOURCES.txt'
[1.582s] [ 12%] Built target ament_cmake_python_build_car_interfaces_egg
[1.646s] [ 23%] Built target car_interfaces__rosidl_typesupport_introspection_cpp
[1.722s] [ 33%] Built target car_interfaces__rosidl_typesupport_fastrtps_cpp
[1.829s] [ 43%] Built target car_interfaces__rosidl_generator_c
[1.901s] [ 53%] Built target car_interfaces__rosidl_typesupport_fastrtps_c
[1.981s] [ 64%] Built target car_interfaces__rosidl_typesupport_c
[2.056s] [ 74%] Built target car_interfaces__rosidl_typesupport_introspection_c
[2.121s] [ 74%] Built target car_interfaces
[2.194s] [ 76%] Built target car_interfaces__py
[2.266s] [ 84%] Built target car_interfaces__rosidl_generator_py
[2.354s] [ 89%] Built target car_interfaces__rosidl_typesupport_fastrtps_c__pyext
[2.457s] [ 94%] Built target car_interfaces__rosidl_typesupport_c__pyext
[2.551s] [100%] Built target car_interfaces__rosidl_typesupport_introspection_c__pyext
[2.579s] Invoked command in '/home/chris/Racing-pipline/build/car_interfaces' returned '0': CMAKE_PREFIX_PATH=${CMAKE_PREFIX_PATH}:/home/chris/sim_ws/install/f1tenth_gym_ros:/home/chris/Racing-pipline/install/test_pkg:/home/chris/Racing-pipline/install/particle_filter:/home/chris/Racing-pipline/install/benchmark_test_pkg:/home/chris/Ros2PP/install/my_waypoint_follower:/home/chris/udemy_ws/install/my_py_pkg:/opt/ros/humble /usr/bin/cmake --build /home/chris/Racing-pipline/build/car_interfaces -- -j16 -l16
[3.132s] Invoking command in '/home/chris/Racing-pipline/build/car_interfaces': CMAKE_PREFIX_PATH=${CMAKE_PREFIX_PATH}:/home/chris/sim_ws/install/f1tenth_gym_ros:/home/chris/Racing-pipline/install/test_pkg:/home/chris/Racing-pipline/install/particle_filter:/home/chris/Racing-pipline/install/benchmark_test_pkg:/home/chris/Ros2PP/install/my_waypoint_follower:/home/chris/udemy_ws/install/my_py_pkg:/opt/ros/humble /usr/bin/cmake --install /home/chris/Racing-pipline/build/car_interfaces
[3.143s] -- Install configuration: ""
[3.144s] -- Up-to-date: /home/chris/Racing-pipline/install/car_interfaces/share/ament_index/resource_index/rosidl_interfaces/car_interfaces
[3.144s] -- Up-to-date: /home/chris/Racing-pipline/install/car_interfaces/include/car_interfaces/car_interfaces
[3.144s] -- Up-to-date: /home/chris/Racing-pipline/install/car_interfaces/include/car_interfaces/car_interfaces/srv
[3.144s] -- Up-to-date: /home/chris/Racing-pipline/install/car_interfaces/include/car_interfaces/car_interfaces/srv/detail
[3.145s] -- Up-to-date: /home/chris/Racing-pipline/install/car_interfaces/include/car_interfaces/car_interfaces/srv/detail/car_control__functions.c
[3.145s] -- Up-to-date: /home/chris/Racing-pipline/install/car_interfaces/include/car_interfaces/car_interfaces/srv/detail/car_control__struct.h
[3.145s] -- Up-to-date: /home/chris/Racing-pipline/install/car_interfaces/include/car_interfaces/car_interfaces/srv/detail/car_control__functions.h
[3.145s] -- Up-to-date: /home/chris/Racing-pipline/install/car_interfaces/include/car_interfaces/car_interfaces/srv/detail/car_control__type_support.h
[3.146s] -- Up-to-date: /home/chris/Racing-pipline/install/car_interfaces/include/car_interfaces/car_interfaces/srv/car_control.h
[3.146s] -- Up-to-date: /home/chris/Racing-pipline/install/car_interfaces/include/car_interfaces/car_interfaces/msg
[3.146s] -- Up-to-date: /home/chris/Racing-pipline/install/car_interfaces/include/car_interfaces/car_interfaces/msg/start_position.h
[3.146s] -- Up-to-date: /home/chris/Racing-pipline/install/car_interfaces/include/car_interfaces/car_interfaces/msg/detail
[3.146s] -- Up-to-date: /home/chris/Racing-pipline/install/car_interfaces/include/car_interfaces/car_interfaces/msg/detail/start_position__type_support.h
[3.147s] -- Up-to-date: /home/chris/Racing-pipline/install/car_interfaces/include/car_interfaces/car_interfaces/msg/detail/start_position__functions.c
[3.147s] -- Up-to-date: /home/chris/Racing-pipline/install/car_interfaces/include/car_interfaces/car_interfaces/msg/detail/start_position__struct.h
[3.148s] -- Up-to-date: /home/chris/Racing-pipline/install/car_interfaces/include/car_interfaces/car_interfaces/msg/detail/start_position__functions.h
[3.148s] -- Up-to-date: /home/chris/Racing-pipline/install/car_interfaces/include/car_interfaces/car_interfaces/msg/rosidl_generator_c__visibility_control.h
[3.148s] -- Up-to-date: /home/chris/Racing-pipline/install/car_interfaces/share/car_interfaces/environment/library_path.sh
[3.148s] -- Up-to-date: /home/chris/Racing-pipline/install/car_interfaces/share/car_interfaces/environment/library_path.dsv
[3.148s] -- Up-to-date: /home/chris/Racing-pipline/install/car_interfaces/lib/libcar_interfaces__rosidl_generator_c.so
[3.149s] -- Up-to-date: /home/chris/Racing-pipline/install/car_interfaces/include/car_interfaces/car_interfaces
[3.149s] -- Up-to-date: /home/chris/Racing-pipline/install/car_interfaces/include/car_interfaces/car_interfaces/srv
[3.149s] -- Up-to-date: /home/chris/Racing-pipline/install/car_interfaces/include/car_interfaces/car_interfaces/srv/detail
[3.149s] -- Up-to-date: /home/chris/Racing-pipline/install/car_interfaces/include/car_interfaces/car_interfaces/srv/detail/car_control__rosidl_typesupport_fastrtps_c.h
[3.149s] -- Up-to-date: /home/chris/Racing-pipline/install/car_interfaces/include/car_interfaces/car_interfaces/msg
[3.149s] -- Up-to-date: /home/chris/Racing-pipline/install/car_interfaces/include/car_interfaces/car_interfaces/msg/rosidl_typesupport_fastrtps_c__visibility_control.h
[3.149s] -- Up-to-date: /home/chris/Racing-pipline/install/car_interfaces/include/car_interfaces/car_interfaces/msg/detail
[3.149s] -- Up-to-date: /home/chris/Racing-pipline/install/car_interfaces/include/car_interfaces/car_interfaces/msg/detail/start_position__rosidl_typesupport_fastrtps_c.h
[3.149s] -- Up-to-date: /home/chris/Racing-pipline/install/car_interfaces/lib/libcar_interfaces__rosidl_typesupport_fastrtps_c.so
[3.149s] -- Up-to-date: /home/chris/Racing-pipline/install/car_interfaces/include/car_interfaces/car_interfaces
[3.149s] -- Up-to-date: /home/chris/Racing-pipline/install/car_interfaces/include/car_interfaces/car_interfaces/srv
[3.150s] -- Up-to-date: /home/chris/Racing-pipline/install/car_interfaces/include/car_interfaces/car_interfaces/srv/detail
[3.150s] -- Up-to-date: /home/chris/Racing-pipline/install/car_interfaces/include/car_interfaces/car_interfaces/srv/detail/car_control__type_support.c
[3.150s] -- Up-to-date: /home/chris/Racing-pipline/install/car_interfaces/include/car_interfaces/car_interfaces/srv/detail/car_control__rosidl_typesupport_introspection_c.h
[3.150s] -- Up-to-date: /home/chris/Racing-pipline/install/car_interfaces/include/car_interfaces/car_interfaces/msg
[3.153s] -- Up-to-date: /home/chris/Racing-pipline/install/car_interfaces/include/car_interfaces/car_interfaces/msg/rosidl_typesupport_introspection_c__visibility_control.h
[3.153s] -- Up-to-date: /home/chris/Racing-pipline/install/car_interfaces/include/car_interfaces/car_interfaces/msg/detail
[3.153s] -- Up-to-date: /home/chris/Racing-pipline/install/car_interfaces/include/car_interfaces/car_interfaces/msg/detail/start_position__type_support.c
[3.153s] -- Up-to-date: /home/chris/Racing-pipline/install/car_interfaces/include/car_interfaces/car_interfaces/msg/detail/start_position__rosidl_typesupport_introspection_c.h
[3.153s] -- Up-to-date: /home/chris/Racing-pipline/install/car_interfaces/lib/libcar_interfaces__rosidl_typesupport_introspection_c.so
[3.153s] -- Up-to-date: /home/chris/Racing-pipline/install/car_interfaces/lib/libcar_interfaces__rosidl_typesupport_c.so
[3.165s] -- Up-to-date: /home/chris/Racing-pipline/install/car_interfaces/include/car_interfaces/car_interfaces
[3.165s] -- Up-to-date: /home/chris/Racing-pipline/install/car_interfaces/include/car_interfaces/car_interfaces/srv
[3.166s] -- Up-to-date: /home/chris/Racing-pipline/install/car_interfaces/include/car_interfaces/car_interfaces/srv/detail
[3.166s] -- Up-to-date: /home/chris/Racing-pipline/install/car_interfaces/include/car_interfaces/car_interfaces/srv/detail/car_control__struct.hpp
[3.166s] -- Up-to-date: /home/chris/Racing-pipline/install/car_interfaces/include/car_interfaces/car_interfaces/srv/detail/car_control__builder.hpp
[3.166s] -- Up-to-date: /home/chris/Racing-pipline/install/car_interfaces/include/car_interfaces/car_interfaces/srv/detail/car_control__traits.hpp
[3.166s] -- Up-to-date: /home/chris/Racing-pipline/install/car_interfaces/include/car_interfaces/car_interfaces/srv/car_control.hpp
[3.166s] -- Up-to-date: /home/chris/Racing-pipline/install/car_interfaces/include/car_interfaces/car_interfaces/msg
[3.166s] -- Up-to-date: /home/chris/Racing-pipline/install/car_interfaces/include/car_interfaces/car_interfaces/msg/detail
[3.166s] -- Up-to-date: /home/chris/Racing-pipline/install/car_interfaces/include/car_interfaces/car_interfaces/msg/detail/start_position__struct.hpp
[3.166s] -- Up-to-date: /home/chris/Racing-pipline/install/car_interfaces/include/car_interfaces/car_interfaces/msg/detail/start_position__builder.hpp
[3.166s] -- Up-to-date: /home/chris/Racing-pipline/install/car_interfaces/include/car_interfaces/car_interfaces/msg/detail/start_position__traits.hpp
[3.167s] -- Up-to-date: /home/chris/Racing-pipline/install/car_interfaces/include/car_interfaces/car_interfaces/msg/start_position.hpp
[3.167s] -- Up-to-date: /home/chris/Racing-pipline/install/car_interfaces/include/car_interfaces/car_interfaces
[3.167s] -- Up-to-date: /home/chris/Racing-pipline/install/car_interfaces/include/car_interfaces/car_interfaces/srv
[3.167s] -- Up-to-date: /home/chris/Racing-pipline/install/car_interfaces/include/car_interfaces/car_interfaces/srv/detail
[3.167s] -- Up-to-date: /home/chris/Racing-pipline/install/car_interfaces/include/car_interfaces/car_interfaces/srv/detail/dds_fastrtps
[3.167s] -- Up-to-date: /home/chris/Racing-pipline/install/car_interfaces/include/car_interfaces/car_interfaces/srv/detail/car_control__rosidl_typesupport_fastrtps_cpp.hpp
[3.167s] -- Up-to-date: /home/chris/Racing-pipline/install/car_interfaces/include/car_interfaces/car_interfaces/msg
[3.167s] -- Up-to-date: /home/chris/Racing-pipline/install/car_interfaces/include/car_interfaces/car_interfaces/msg/rosidl_typesupport_fastrtps_cpp__visibility_control.h
[3.167s] -- Up-to-date: /home/chris/Racing-pipline/install/car_interfaces/include/car_interfaces/car_interfaces/msg/detail
[3.167s] -- Up-to-date: /home/chris/Racing-pipline/install/car_interfaces/include/car_interfaces/car_interfaces/msg/detail/dds_fastrtps
[3.167s] -- Up-to-date: /home/chris/Racing-pipline/install/car_interfaces/include/car_interfaces/car_interfaces/msg/detail/start_position__rosidl_typesupport_fastrtps_cpp.hpp
[3.168s] -- Up-to-date: /home/chris/Racing-pipline/install/car_interfaces/lib/libcar_interfaces__rosidl_typesupport_fastrtps_cpp.so
[3.168s] -- Up-to-date: /home/chris/Racing-pipline/install/car_interfaces/include/car_interfaces/car_interfaces
[3.168s] -- Up-to-date: /home/chris/Racing-pipline/install/car_interfaces/include/car_interfaces/car_interfaces/srv
[3.168s] -- Up-to-date: /home/chris/Racing-pipline/install/car_interfaces/include/car_interfaces/car_interfaces/srv/detail
[3.168s] -- Up-to-date: /home/chris/Racing-pipline/install/car_interfaces/include/car_interfaces/car_interfaces/srv/detail/car_control__rosidl_typesupport_introspection_cpp.hpp
[3.168s] -- Up-to-date: /home/chris/Racing-pipline/install/car_interfaces/include/car_interfaces/car_interfaces/srv/detail/car_control__type_support.cpp
[3.168s] -- Up-to-date: /home/chris/Racing-pipline/install/car_interfaces/include/car_interfaces/car_interfaces/msg
[3.168s] -- Up-to-date: /home/chris/Racing-pipline/install/car_interfaces/include/car_interfaces/car_interfaces/msg/detail
[3.168s] -- Up-to-date: /home/chris/Racing-pipline/install/car_interfaces/include/car_interfaces/car_interfaces/msg/detail/start_position__rosidl_typesupport_introspection_cpp.hpp
[3.168s] -- Up-to-date: /home/chris/Racing-pipline/install/car_interfaces/include/car_interfaces/car_interfaces/msg/detail/start_position__type_support.cpp
[3.169s] -- Up-to-date: /home/chris/Racing-pipline/install/car_interfaces/lib/libcar_interfaces__rosidl_typesupport_introspection_cpp.so
[3.169s] -- Up-to-date: /home/chris/Racing-pipline/install/car_interfaces/lib/libcar_interfaces__rosidl_typesupport_cpp.so
[3.169s] -- Up-to-date: /home/chris/Racing-pipline/install/car_interfaces/share/car_interfaces/environment/pythonpath.sh
[3.169s] -- Up-to-date: /home/chris/Racing-pipline/install/car_interfaces/share/car_interfaces/environment/pythonpath.dsv
[3.169s] -- Up-to-date: /home/chris/Racing-pipline/install/car_interfaces/local/lib/python3.10/dist-packages/car_interfaces-0.0.0-py3.10.egg-info
[3.169s] -- Installing: /home/chris/Racing-pipline/install/car_interfaces/local/lib/python3.10/dist-packages/car_interfaces-0.0.0-py3.10.egg-info/top_level.txt
[3.169s] -- Installing: /home/chris/Racing-pipline/install/car_interfaces/local/lib/python3.10/dist-packages/car_interfaces-0.0.0-py3.10.egg-info/dependency_links.txt
[3.169s] -- Installing: /home/chris/Racing-pipline/install/car_interfaces/local/lib/python3.10/dist-packages/car_interfaces-0.0.0-py3.10.egg-info/PKG-INFO
[3.169s] -- Installing: /home/chris/Racing-pipline/install/car_interfaces/local/lib/python3.10/dist-packages/car_interfaces-0.0.0-py3.10.egg-info/SOURCES.txt
[3.170s] -- Up-to-date: /home/chris/Racing-pipline/install/car_interfaces/local/lib/python3.10/dist-packages/car_interfaces
[3.170s] -- Up-to-date: /home/chris/Racing-pipline/install/car_interfaces/local/lib/python3.10/dist-packages/car_interfaces/__init__.py
[3.170s] -- Up-to-date: /home/chris/Racing-pipline/install/car_interfaces/local/lib/python3.10/dist-packages/car_interfaces/srv
[3.170s] -- Up-to-date: /home/chris/Racing-pipline/install/car_interfaces/local/lib/python3.10/dist-packages/car_interfaces/srv/__init__.py
[3.170s] -- Up-to-date: /home/chris/Racing-pipline/install/car_interfaces/local/lib/python3.10/dist-packages/car_interfaces/srv/_car_control_s.c
[3.170s] -- Up-to-date: /home/chris/Racing-pipline/install/car_interfaces/local/lib/python3.10/dist-packages/car_interfaces/srv/_car_control.py
[3.170s] -- Up-to-date: /home/chris/Racing-pipline/install/car_interfaces/local/lib/python3.10/dist-packages/car_interfaces/car_interfaces_s__rosidl_typesupport_fastrtps_c.cpython-310-x86_64-linux-gnu.so
[3.170s] -- Up-to-date: /home/chris/Racing-pipline/install/car_interfaces/local/lib/python3.10/dist-packages/car_interfaces/_car_interfaces_s.ep.rosidl_typesupport_fastrtps_c.c
[3.170s] -- Up-to-date: /home/chris/Racing-pipline/install/car_interfaces/local/lib/python3.10/dist-packages/car_interfaces/car_interfaces_s__rosidl_typesupport_c.cpython-310-x86_64-linux-gnu.so
[3.170s] -- Up-to-date: /home/chris/Racing-pipline/install/car_interfaces/local/lib/python3.10/dist-packages/car_interfaces/car_interfaces_s__rosidl_typesupport_introspection_c.cpython-310-x86_64-linux-gnu.so
[3.171s] -- Up-to-date: /home/chris/Racing-pipline/install/car_interfaces/local/lib/python3.10/dist-packages/car_interfaces/_car_interfaces_s.ep.rosidl_typesupport_introspection_c.c
[3.171s] -- Up-to-date: /home/chris/Racing-pipline/install/car_interfaces/local/lib/python3.10/dist-packages/car_interfaces/libcar_interfaces__rosidl_generator_py.so
[3.171s] -- Up-to-date: /home/chris/Racing-pipline/install/car_interfaces/local/lib/python3.10/dist-packages/car_interfaces/_car_interfaces_s.ep.rosidl_typesupport_c.c
[3.171s] -- Up-to-date: /home/chris/Racing-pipline/install/car_interfaces/local/lib/python3.10/dist-packages/car_interfaces/msg
[3.171s] -- Up-to-date: /home/chris/Racing-pipline/install/car_interfaces/local/lib/python3.10/dist-packages/car_interfaces/msg/__init__.py
[3.171s] -- Up-to-date: /home/chris/Racing-pipline/install/car_interfaces/local/lib/python3.10/dist-packages/car_interfaces/msg/_start_position_s.c
[3.171s] -- Up-to-date: /home/chris/Racing-pipline/install/car_interfaces/local/lib/python3.10/dist-packages/car_interfaces/msg/_start_position.py
[3.286s] Listing '/home/chris/Racing-pipline/install/car_interfaces/local/lib/python3.10/dist-packages/car_interfaces'...
[3.286s] Listing '/home/chris/Racing-pipline/install/car_interfaces/local/lib/python3.10/dist-packages/car_interfaces/msg'...
[3.286s] Listing '/home/chris/Racing-pipline/install/car_interfaces/local/lib/python3.10/dist-packages/car_interfaces/srv'...
[3.300s] -- Up-to-date: /home/chris/Racing-pipline/install/car_interfaces/local/lib/python3.10/dist-packages/car_interfaces/car_interfaces_s__rosidl_typesupport_fastrtps_c.cpython-310-x86_64-linux-gnu.so
[3.300s] -- Up-to-date: /home/chris/Racing-pipline/install/car_interfaces/local/lib/python3.10/dist-packages/car_interfaces/car_interfaces_s__rosidl_typesupport_introspection_c.cpython-310-x86_64-linux-gnu.so
[3.300s] -- Up-to-date: /home/chris/Racing-pipline/install/car_interfaces/local/lib/python3.10/dist-packages/car_interfaces/car_interfaces_s__rosidl_typesupport_c.cpython-310-x86_64-linux-gnu.so
[3.301s] -- Up-to-date: /home/chris/Racing-pipline/install/car_interfaces/lib/libcar_interfaces__rosidl_generator_py.so
[3.301s] -- Up-to-date: /home/chris/Racing-pipline/install/car_interfaces/share/car_interfaces/msg/StartPosition.idl
[3.301s] -- Up-to-date: /home/chris/Racing-pipline/install/car_interfaces/share/car_interfaces/srv/CarControl.idl
[3.302s] -- Up-to-date: /home/chris/Racing-pipline/install/car_interfaces/share/car_interfaces/msg/StartPosition.msg
[3.302s] -- Up-to-date: /home/chris/Racing-pipline/install/car_interfaces/share/car_interfaces/srv/CarControl.srv
[3.303s] -- Up-to-date: /home/chris/Racing-pipline/install/car_interfaces/share/car_interfaces/srv/CarControl_Request.msg
[3.304s] -- Up-to-date: /home/chris/Racing-pipline/install/car_interfaces/share/car_interfaces/srv/CarControl_Response.msg
[3.304s] -- Up-to-date: /home/chris/Racing-pipline/install/car_interfaces/share/ament_index/resource_index/package_run_dependencies/car_interfaces
[3.304s] -- Up-to-date: /home/chris/Racing-pipline/install/car_interfaces/share/ament_index/resource_index/parent_prefix_path/car_interfaces
[3.304s] -- Up-to-date: /home/chris/Racing-pipline/install/car_interfaces/share/car_interfaces/environment/ament_prefix_path.sh
[3.305s] -- Up-to-date: /home/chris/Racing-pipline/install/car_interfaces/share/car_interfaces/environment/ament_prefix_path.dsv
[3.305s] -- Up-to-date: /home/chris/Racing-pipline/install/car_interfaces/share/car_interfaces/environment/path.sh
[3.305s] -- Up-to-date: /home/chris/Racing-pipline/install/car_interfaces/share/car_interfaces/environment/path.dsv
[3.305s] -- Up-to-date: /home/chris/Racing-pipline/install/car_interfaces/share/car_interfaces/local_setup.bash
[3.306s] -- Up-to-date: /home/chris/Racing-pipline/install/car_interfaces/share/car_interfaces/local_setup.sh
[3.306s] -- Up-to-date: /home/chris/Racing-pipline/install/car_interfaces/share/car_interfaces/local_setup.zsh
[3.306s] -- Up-to-date: /home/chris/Racing-pipline/install/car_interfaces/share/car_interfaces/local_setup.dsv
[3.306s] -- Installing: /home/chris/Racing-pipline/install/car_interfaces/share/car_interfaces/package.dsv
[3.307s] -- Up-to-date: /home/chris/Racing-pipline/install/car_interfaces/share/ament_index/resource_index/packages/car_interfaces
[3.307s] -- Up-to-date: /home/chris/Racing-pipline/install/car_interfaces/share/car_interfaces/cmake/export_car_interfaces__rosidl_generator_cExport.cmake
[3.307s] -- Up-to-date: /home/chris/Racing-pipline/install/car_interfaces/share/car_interfaces/cmake/export_car_interfaces__rosidl_generator_cExport-noconfig.cmake
[3.307s] -- Up-to-date: /home/chris/Racing-pipline/install/car_interfaces/share/car_interfaces/cmake/export_car_interfaces__rosidl_typesupport_fastrtps_cExport.cmake
[3.308s] -- Up-to-date: /home/chris/Racing-pipline/install/car_interfaces/share/car_interfaces/cmake/export_car_interfaces__rosidl_typesupport_fastrtps_cExport-noconfig.cmake
[3.308s] -- Up-to-date: /home/chris/Racing-pipline/install/car_interfaces/share/car_interfaces/cmake/car_interfaces__rosidl_typesupport_introspection_cExport.cmake
[3.308s] -- Up-to-date: /home/chris/Racing-pipline/install/car_interfaces/share/car_interfaces/cmake/car_interfaces__rosidl_typesupport_introspection_cExport-noconfig.cmake
[3.308s] -- Up-to-date: /home/chris/Racing-pipline/install/car_interfaces/share/car_interfaces/cmake/car_interfaces__rosidl_typesupport_cExport.cmake
[3.309s] -- Up-to-date: /home/chris/Racing-pipline/install/car_interfaces/share/car_interfaces/cmake/car_interfaces__rosidl_typesupport_cExport-noconfig.cmake
[3.309s] -- Up-to-date: /home/chris/Racing-pipline/install/car_interfaces/share/car_interfaces/cmake/export_car_interfaces__rosidl_generator_cppExport.cmake
[3.309s] -- Up-to-date: /home/chris/Racing-pipline/install/car_interfaces/share/car_interfaces/cmake/export_car_interfaces__rosidl_typesupport_fastrtps_cppExport.cmake
[3.309s] -- Up-to-date: /home/chris/Racing-pipline/install/car_interfaces/share/car_interfaces/cmake/export_car_interfaces__rosidl_typesupport_fastrtps_cppExport-noconfig.cmake
[3.310s] -- Up-to-date: /home/chris/Racing-pipline/install/car_interfaces/share/car_interfaces/cmake/car_interfaces__rosidl_typesupport_introspection_cppExport.cmake
[3.310s] -- Up-to-date: /home/chris/Racing-pipline/install/car_interfaces/share/car_interfaces/cmake/car_interfaces__rosidl_typesupport_introspection_cppExport-noconfig.cmake
[3.310s] -- Up-to-date: /home/chris/Racing-pipline/install/car_interfaces/share/car_interfaces/cmake/car_interfaces__rosidl_typesupport_cppExport.cmake
[3.310s] -- Up-to-date: /home/chris/Racing-pipline/install/car_interfaces/share/car_interfaces/cmake/car_interfaces__rosidl_typesupport_cppExport-noconfig.cmake
[3.311s] -- Up-to-date: /home/chris/Racing-pipline/install/car_interfaces/share/car_interfaces/cmake/export_car_interfaces__rosidl_generator_pyExport.cmake
[3.311s] -- Up-to-date: /home/chris/Racing-pipline/install/car_interfaces/share/car_interfaces/cmake/export_car_interfaces__rosidl_generator_pyExport-noconfig.cmake
[3.311s] -- Up-to-date: /home/chris/Racing-pipline/install/car_interfaces/share/car_interfaces/cmake/rosidl_cmake-extras.cmake
[3.311s] -- Up-to-date: /home/chris/Racing-pipline/install/car_interfaces/share/car_interfaces/cmake/ament_cmake_export_include_directories-extras.cmake
[3.312s] -- Up-to-date: /home/chris/Racing-pipline/install/car_interfaces/share/car_interfaces/cmake/ament_cmake_export_libraries-extras.cmake
[3.312s] -- Up-to-date: /home/chris/Racing-pipline/install/car_interfaces/share/car_interfaces/cmake/ament_cmake_export_targets-extras.cmake
[3.312s] -- Up-to-date: /home/chris/Racing-pipline/install/car_interfaces/share/car_interfaces/cmake/rosidl_cmake_export_typesupport_targets-extras.cmake
[3.312s] -- Up-to-date: /home/chris/Racing-pipline/install/car_interfaces/share/car_interfaces/cmake/ament_cmake_export_dependencies-extras.cmake
[3.312s] -- Up-to-date: /home/chris/Racing-pipline/install/car_interfaces/share/car_interfaces/cmake/rosidl_cmake_export_typesupport_libraries-extras.cmake
[3.313s] -- Up-to-date: /home/chris/Racing-pipline/install/car_interfaces/share/car_interfaces/cmake/car_interfacesConfig.cmake
[3.313s] -- Up-to-date: /home/chris/Racing-pipline/install/car_interfaces/share/car_interfaces/cmake/car_interfacesConfig-version.cmake
[3.314s] -- Up-to-date: /home/chris/Racing-pipline/install/car_interfaces/share/car_interfaces/package.xml
[3.316s] Invoked command in '/home/chris/Racing-pipline/build/car_interfaces' returned '0': CMAKE_PREFIX_PATH=${CMAKE_PREFIX_PATH}:/home/chris/sim_ws/install/f1tenth_gym_ros:/home/chris/Racing-pipline/install/test_pkg:/home/chris/Racing-pipline/install/particle_filter:/home/chris/Racing-pipline/install/benchmark_test_pkg:/home/chris/Ros2PP/install/my_waypoint_follower:/home/chris/udemy_ws/install/my_py_pkg:/opt/ros/humble /usr/bin/cmake --install /home/chris/Racing-pipline/build/car_interfaces
