[0.082s] DEBUG:colcon:Command line arguments: ['/usr/bin/colcon', 'build']
[0.082s] DEBUG:colcon:Parsed command line arguments: Namespace(log_base=None, log_level=None, verb_name='build', build_base='build', install_base='install', merge_install=False, symlink_install=False, test_result_base=None, continue_on_error=False, executor='parallel', parallel_workers=16, event_handlers=None, ignore_user_meta=False, metas=['./colcon.meta'], base_paths=['.'], packages_ignore=None, packages_ignore_regex=None, paths=None, packages_up_to=None, packages_up_to_regex=None, packages_above=None, packages_above_and_dependencies=None, packages_above_depth=None, packages_select_by_dep=None, packages_skip_by_dep=None, packages_skip_up_to=None, packages_select_build_failed=False, packages_skip_build_finished=False, packages_select_test_failures=False, packages_skip_test_passed=False, packages_select=None, packages_skip=None, packages_select_regex=None, packages_skip_regex=None, packages_start=None, packages_end=None, allow_overriding=[], cmake_args=None, cmake_target=None, cmake_target_skip_unavailable=False, cmake_clean_cache=False, cmake_clean_first=False, cmake_force_configure=False, ament_cmake_args=None, catkin_cmake_args=None, catkin_skip_building_tests=False, mixin_files=None, mixin=None, verb_parser=<colcon_mixin.mixin.mixin_argument.MixinArgumentDecorator object at 0x7a4c4459f5b0>, verb_extension=<colcon_core.verb.build.BuildVerb object at 0x7a4c4468fc10>, main=<bound method BuildVerb.main of <colcon_core.verb.build.BuildVerb object at 0x7a4c4468fc10>>, mixin_verb=('build',))
[0.211s] Level 1:colcon.colcon_core.package_discovery:discover_packages(colcon_meta) check parameters
[0.211s] Level 1:colcon.colcon_core.package_discovery:discover_packages(recursive) check parameters
[0.211s] Level 1:colcon.colcon_core.package_discovery:discover_packages(ignore) check parameters
[0.211s] Level 1:colcon.colcon_core.package_discovery:discover_packages(path) check parameters
[0.211s] Level 1:colcon.colcon_core.package_discovery:discover_packages(colcon_meta) discover
[0.211s] Level 1:colcon.colcon_core.package_discovery:discover_packages(recursive) discover
[0.211s] INFO:colcon.colcon_core.package_discovery:Crawling recursively for packages in '/home/chris/Racing-pipline'
[0.211s] Level 1:colcon.colcon_core.package_identification:_identify(.) by extensions ['ignore', 'ignore_ament_install']
[0.211s] Level 1:colcon.colcon_core.package_identification:_identify(.) by extension 'ignore'
[0.211s] Level 1:colcon.colcon_core.package_identification:_identify(.) by extension 'ignore_ament_install'
[0.211s] Level 1:colcon.colcon_core.package_identification:_identify(.) by extensions ['colcon_pkg']
[0.211s] Level 1:colcon.colcon_core.package_identification:_identify(.) by extension 'colcon_pkg'
[0.211s] Level 1:colcon.colcon_core.package_identification:_identify(.) by extensions ['colcon_meta']
[0.211s] Level 1:colcon.colcon_core.package_identification:_identify(.) by extension 'colcon_meta'
[0.211s] Level 1:colcon.colcon_core.package_identification:_identify(.) by extensions ['ros']
[0.211s] Level 1:colcon.colcon_core.package_identification:_identify(.) by extension 'ros'
[0.226s] Level 1:colcon.colcon_core.package_identification:_identify(.) by extensions ['cmake', 'python']
[0.226s] Level 1:colcon.colcon_core.package_identification:_identify(.) by extension 'cmake'
[0.226s] Level 1:colcon.colcon_core.package_identification:_identify(.) by extension 'python'
[0.226s] Level 1:colcon.colcon_core.package_identification:_identify(.) by extensions ['python_setup_py']
[0.226s] Level 1:colcon.colcon_core.package_identification:_identify(.) by extension 'python_setup_py'
[0.227s] Level 1:colcon.colcon_core.package_identification:_identify(build) by extensions ['ignore', 'ignore_ament_install']
[0.227s] Level 1:colcon.colcon_core.package_identification:_identify(build) by extension 'ignore'
[0.227s] Level 1:colcon.colcon_core.package_identification:_identify(build) ignored
[0.227s] Level 1:colcon.colcon_core.package_identification:_identify(install) by extensions ['ignore', 'ignore_ament_install']
[0.227s] Level 1:colcon.colcon_core.package_identification:_identify(install) by extension 'ignore'
[0.227s] Level 1:colcon.colcon_core.package_identification:_identify(install) ignored
[0.227s] Level 1:colcon.colcon_core.package_identification:_identify(log) by extensions ['ignore', 'ignore_ament_install']
[0.227s] Level 1:colcon.colcon_core.package_identification:_identify(log) by extension 'ignore'
[0.227s] Level 1:colcon.colcon_core.package_identification:_identify(log) ignored
[0.227s] Level 1:colcon.colcon_core.package_identification:_identify(src) by extensions ['ignore', 'ignore_ament_install']
[0.227s] Level 1:colcon.colcon_core.package_identification:_identify(src) by extension 'ignore'
[0.227s] Level 1:colcon.colcon_core.package_identification:_identify(src) by extension 'ignore_ament_install'
[0.227s] Level 1:colcon.colcon_core.package_identification:_identify(src) by extensions ['colcon_pkg']
[0.227s] Level 1:colcon.colcon_core.package_identification:_identify(src) by extension 'colcon_pkg'
[0.227s] Level 1:colcon.colcon_core.package_identification:_identify(src) by extensions ['colcon_meta']
[0.227s] Level 1:colcon.colcon_core.package_identification:_identify(src) by extension 'colcon_meta'
[0.227s] Level 1:colcon.colcon_core.package_identification:_identify(src) by extensions ['ros']
[0.227s] Level 1:colcon.colcon_core.package_identification:_identify(src) by extension 'ros'
[0.227s] Level 1:colcon.colcon_core.package_identification:_identify(src) by extensions ['cmake', 'python']
[0.227s] Level 1:colcon.colcon_core.package_identification:_identify(src) by extension 'cmake'
[0.227s] Level 1:colcon.colcon_core.package_identification:_identify(src) by extension 'python'
[0.227s] Level 1:colcon.colcon_core.package_identification:_identify(src) by extensions ['python_setup_py']
[0.227s] Level 1:colcon.colcon_core.package_identification:_identify(src) by extension 'python_setup_py'
[0.227s] Level 1:colcon.colcon_core.package_identification:_identify(src/localisation) by extensions ['ignore', 'ignore_ament_install']
[0.228s] Level 1:colcon.colcon_core.package_identification:_identify(src/localisation) by extension 'ignore'
[0.228s] Level 1:colcon.colcon_core.package_identification:_identify(src/localisation) by extension 'ignore_ament_install'
[0.228s] Level 1:colcon.colcon_core.package_identification:_identify(src/localisation) by extensions ['colcon_pkg']
[0.228s] Level 1:colcon.colcon_core.package_identification:_identify(src/localisation) by extension 'colcon_pkg'
[0.228s] Level 1:colcon.colcon_core.package_identification:_identify(src/localisation) by extensions ['colcon_meta']
[0.228s] Level 1:colcon.colcon_core.package_identification:_identify(src/localisation) by extension 'colcon_meta'
[0.228s] Level 1:colcon.colcon_core.package_identification:_identify(src/localisation) by extensions ['ros']
[0.228s] Level 1:colcon.colcon_core.package_identification:_identify(src/localisation) by extension 'ros'
[0.229s] DEBUG:colcon.colcon_core.package_identification:Package 'src/localisation' with type 'ros.ament_python' and name 'localisation'
[0.229s] Level 1:colcon.colcon_core.package_identification:_identify(src/particle_filter) by extensions ['ignore', 'ignore_ament_install']
[0.229s] Level 1:colcon.colcon_core.package_identification:_identify(src/particle_filter) by extension 'ignore'
[0.230s] Level 1:colcon.colcon_core.package_identification:_identify(src/particle_filter) by extension 'ignore_ament_install'
[0.230s] Level 1:colcon.colcon_core.package_identification:_identify(src/particle_filter) by extensions ['colcon_pkg']
[0.230s] Level 1:colcon.colcon_core.package_identification:_identify(src/particle_filter) by extension 'colcon_pkg'
[0.230s] Level 1:colcon.colcon_core.package_identification:_identify(src/particle_filter) by extensions ['colcon_meta']
[0.230s] Level 1:colcon.colcon_core.package_identification:_identify(src/particle_filter) by extension 'colcon_meta'
[0.230s] Level 1:colcon.colcon_core.package_identification:_identify(src/particle_filter) by extensions ['ros']
[0.230s] Level 1:colcon.colcon_core.package_identification:_identify(src/particle_filter) by extension 'ros'
[0.230s] DEBUG:colcon.colcon_core.package_identification:Package 'src/particle_filter' with type 'ros.ament_python' and name 'particle_filter'
[0.230s] Level 1:colcon.colcon_core.package_identification:_identify(src/pf_pkg) by extensions ['ignore', 'ignore_ament_install']
[0.230s] Level 1:colcon.colcon_core.package_identification:_identify(src/pf_pkg) by extension 'ignore'
[0.230s] Level 1:colcon.colcon_core.package_identification:_identify(src/pf_pkg) by extension 'ignore_ament_install'
[0.231s] Level 1:colcon.colcon_core.package_identification:_identify(src/pf_pkg) by extensions ['colcon_pkg']
[0.231s] Level 1:colcon.colcon_core.package_identification:_identify(src/pf_pkg) by extension 'colcon_pkg'
[0.231s] Level 1:colcon.colcon_core.package_identification:_identify(src/pf_pkg) by extensions ['colcon_meta']
[0.231s] Level 1:colcon.colcon_core.package_identification:_identify(src/pf_pkg) by extension 'colcon_meta'
[0.231s] Level 1:colcon.colcon_core.package_identification:_identify(src/pf_pkg) by extensions ['ros']
[0.231s] Level 1:colcon.colcon_core.package_identification:_identify(src/pf_pkg) by extension 'ros'
[0.231s] DEBUG:colcon.colcon_core.package_identification:Package 'src/pf_pkg' with type 'ros.ament_python' and name 'pf_pkg'
[0.231s] Level 1:colcon.colcon_core.package_discovery:discover_packages(recursive) using defaults
[0.231s] Level 1:colcon.colcon_core.package_discovery:discover_packages(ignore) discover
[0.231s] Level 1:colcon.colcon_core.package_discovery:discover_packages(ignore) using defaults
[0.231s] Level 1:colcon.colcon_core.package_discovery:discover_packages(path) discover
[0.231s] Level 1:colcon.colcon_core.package_discovery:discover_packages(path) using defaults
[0.244s] Level 1:colcon.colcon_core.package_discovery:discover_packages(prefix_path) check parameters
[0.244s] Level 1:colcon.colcon_core.package_discovery:discover_packages(prefix_path) discover
[0.245s] DEBUG:colcon.colcon_installed_package_information.package_discovery:Found 3 installed packages in /home/chris/Racing-pipline/install
[0.245s] DEBUG:colcon.colcon_installed_package_information.package_discovery:Found 1 installed packages in /home/chris/Ros2PP/install
[0.246s] DEBUG:colcon.colcon_installed_package_information.package_discovery:Found 2 installed packages in /home/chris/sim_ws/install
[0.246s] DEBUG:colcon.colcon_installed_package_information.package_discovery:Found 2 installed packages in /home/chris/udemy_ws/install
[0.247s] DEBUG:colcon.colcon_installed_package_information.package_discovery:Found 326 installed packages in /opt/ros/humble
[0.248s] Level 1:colcon.colcon_core.package_discovery:discover_packages(prefix_path) using defaults
[0.276s] Level 5:colcon.colcon_core.verb:set package 'localisation' build argument 'cmake_args' from command line to 'None'
[0.276s] Level 5:colcon.colcon_core.verb:set package 'localisation' build argument 'cmake_target' from command line to 'None'
[0.276s] Level 5:colcon.colcon_core.verb:set package 'localisation' build argument 'cmake_target_skip_unavailable' from command line to 'False'
[0.276s] Level 5:colcon.colcon_core.verb:set package 'localisation' build argument 'cmake_clean_cache' from command line to 'False'
[0.276s] Level 5:colcon.colcon_core.verb:set package 'localisation' build argument 'cmake_clean_first' from command line to 'False'
[0.276s] Level 5:colcon.colcon_core.verb:set package 'localisation' build argument 'cmake_force_configure' from command line to 'False'
[0.276s] Level 5:colcon.colcon_core.verb:set package 'localisation' build argument 'ament_cmake_args' from command line to 'None'
[0.276s] Level 5:colcon.colcon_core.verb:set package 'localisation' build argument 'catkin_cmake_args' from command line to 'None'
[0.276s] Level 5:colcon.colcon_core.verb:set package 'localisation' build argument 'catkin_skip_building_tests' from command line to 'False'
[0.276s] DEBUG:colcon.colcon_core.verb:Building package 'localisation' with the following arguments: {'ament_cmake_args': None, 'build_base': '/home/chris/Racing-pipline/build/localisation', 'catkin_cmake_args': None, 'catkin_skip_building_tests': False, 'cmake_args': None, 'cmake_clean_cache': False, 'cmake_clean_first': False, 'cmake_force_configure': False, 'cmake_target': None, 'cmake_target_skip_unavailable': False, 'install_base': '/home/chris/Racing-pipline/install/localisation', 'merge_install': False, 'path': '/home/chris/Racing-pipline/src/localisation', 'symlink_install': False, 'test_result_base': None}
[0.276s] Level 5:colcon.colcon_core.verb:set package 'particle_filter' build argument 'cmake_args' from command line to 'None'
[0.276s] Level 5:colcon.colcon_core.verb:set package 'particle_filter' build argument 'cmake_target' from command line to 'None'
[0.276s] Level 5:colcon.colcon_core.verb:set package 'particle_filter' build argument 'cmake_target_skip_unavailable' from command line to 'False'
[0.276s] Level 5:colcon.colcon_core.verb:set package 'particle_filter' build argument 'cmake_clean_cache' from command line to 'False'
[0.277s] Level 5:colcon.colcon_core.verb:set package 'particle_filter' build argument 'cmake_clean_first' from command line to 'False'
[0.277s] Level 5:colcon.colcon_core.verb:set package 'particle_filter' build argument 'cmake_force_configure' from command line to 'False'
[0.277s] Level 5:colcon.colcon_core.verb:set package 'particle_filter' build argument 'ament_cmake_args' from command line to 'None'
[0.277s] Level 5:colcon.colcon_core.verb:set package 'particle_filter' build argument 'catkin_cmake_args' from command line to 'None'
[0.277s] Level 5:colcon.colcon_core.verb:set package 'particle_filter' build argument 'catkin_skip_building_tests' from command line to 'False'
[0.277s] DEBUG:colcon.colcon_core.verb:Building package 'particle_filter' with the following arguments: {'ament_cmake_args': None, 'build_base': '/home/chris/Racing-pipline/build/particle_filter', 'catkin_cmake_args': None, 'catkin_skip_building_tests': False, 'cmake_args': None, 'cmake_clean_cache': False, 'cmake_clean_first': False, 'cmake_force_configure': False, 'cmake_target': None, 'cmake_target_skip_unavailable': False, 'install_base': '/home/chris/Racing-pipline/install/particle_filter', 'merge_install': False, 'path': '/home/chris/Racing-pipline/src/particle_filter', 'symlink_install': False, 'test_result_base': None}
[0.277s] Level 5:colcon.colcon_core.verb:set package 'pf_pkg' build argument 'cmake_args' from command line to 'None'
[0.277s] Level 5:colcon.colcon_core.verb:set package 'pf_pkg' build argument 'cmake_target' from command line to 'None'
[0.277s] Level 5:colcon.colcon_core.verb:set package 'pf_pkg' build argument 'cmake_target_skip_unavailable' from command line to 'False'
[0.277s] Level 5:colcon.colcon_core.verb:set package 'pf_pkg' build argument 'cmake_clean_cache' from command line to 'False'
[0.277s] Level 5:colcon.colcon_core.verb:set package 'pf_pkg' build argument 'cmake_clean_first' from command line to 'False'
[0.277s] Level 5:colcon.colcon_core.verb:set package 'pf_pkg' build argument 'cmake_force_configure' from command line to 'False'
[0.277s] Level 5:colcon.colcon_core.verb:set package 'pf_pkg' build argument 'ament_cmake_args' from command line to 'None'
[0.277s] Level 5:colcon.colcon_core.verb:set package 'pf_pkg' build argument 'catkin_cmake_args' from command line to 'None'
[0.277s] Level 5:colcon.colcon_core.verb:set package 'pf_pkg' build argument 'catkin_skip_building_tests' from command line to 'False'
[0.277s] DEBUG:colcon.colcon_core.verb:Building package 'pf_pkg' with the following arguments: {'ament_cmake_args': None, 'build_base': '/home/chris/Racing-pipline/build/pf_pkg', 'catkin_cmake_args': None, 'catkin_skip_building_tests': False, 'cmake_args': None, 'cmake_clean_cache': False, 'cmake_clean_first': False, 'cmake_force_configure': False, 'cmake_target': None, 'cmake_target_skip_unavailable': False, 'install_base': '/home/chris/Racing-pipline/install/pf_pkg', 'merge_install': False, 'path': '/home/chris/Racing-pipline/src/pf_pkg', 'symlink_install': False, 'test_result_base': None}
[0.277s] INFO:colcon.colcon_core.executor:Executing jobs using 'parallel' executor
[0.278s] DEBUG:colcon.colcon_parallel_executor.executor.parallel:run_until_complete
[0.278s] INFO:colcon.colcon_ros.task.ament_python.build:Building ROS package in '/home/chris/Racing-pipline/src/localisation' with build type 'ament_python'
[0.278s] Level 1:colcon.colcon_core.shell:create_environment_hook('localisation', 'ament_prefix_path')
[0.279s] INFO:colcon.colcon_core.plugin_system:Skipping extension 'colcon_core.shell.bat': Not used on non-Windows systems
[0.279s] INFO:colcon.colcon_core.shell:Creating environment hook '/home/chris/Racing-pipline/install/localisation/share/localisation/hook/ament_prefix_path.ps1'
[0.280s] INFO:colcon.colcon_core.shell:Creating environment descriptor '/home/chris/Racing-pipline/install/localisation/share/localisation/hook/ament_prefix_path.dsv'
[0.280s] INFO:colcon.colcon_core.shell:Creating environment hook '/home/chris/Racing-pipline/install/localisation/share/localisation/hook/ament_prefix_path.sh'
[0.281s] INFO:colcon.colcon_core.shell:Skip shell extension 'powershell' for command environment: Not usable outside of PowerShell
[0.281s] DEBUG:colcon.colcon_core.shell:Skip shell extension 'dsv' for command environment
[0.283s] INFO:colcon.colcon_ros.task.ament_python.build:Building ROS package in '/home/chris/Racing-pipline/src/particle_filter' with build type 'ament_python'
[0.283s] Level 1:colcon.colcon_core.shell:create_environment_hook('particle_filter', 'ament_prefix_path')
[0.284s] INFO:colcon.colcon_core.shell:Creating environment hook '/home/chris/Racing-pipline/install/particle_filter/share/particle_filter/hook/ament_prefix_path.ps1'
[0.284s] INFO:colcon.colcon_core.shell:Creating environment descriptor '/home/chris/Racing-pipline/install/particle_filter/share/particle_filter/hook/ament_prefix_path.dsv'
[0.284s] INFO:colcon.colcon_core.shell:Creating environment hook '/home/chris/Racing-pipline/install/particle_filter/share/particle_filter/hook/ament_prefix_path.sh'
[0.284s] INFO:colcon.colcon_core.shell:Skip shell extension 'powershell' for command environment: Not usable outside of PowerShell
[0.284s] DEBUG:colcon.colcon_core.shell:Skip shell extension 'dsv' for command environment
[0.287s] INFO:colcon.colcon_ros.task.ament_python.build:Building ROS package in '/home/chris/Racing-pipline/src/pf_pkg' with build type 'ament_python'
[0.287s] Level 1:colcon.colcon_core.shell:create_environment_hook('pf_pkg', 'ament_prefix_path')
[0.287s] INFO:colcon.colcon_core.shell:Creating environment hook '/home/chris/Racing-pipline/install/pf_pkg/share/pf_pkg/hook/ament_prefix_path.ps1'
[0.287s] INFO:colcon.colcon_core.shell:Creating environment descriptor '/home/chris/Racing-pipline/install/pf_pkg/share/pf_pkg/hook/ament_prefix_path.dsv'
[0.288s] INFO:colcon.colcon_core.shell:Creating environment hook '/home/chris/Racing-pipline/install/pf_pkg/share/pf_pkg/hook/ament_prefix_path.sh'
[0.288s] INFO:colcon.colcon_core.shell:Skip shell extension 'powershell' for command environment: Not usable outside of PowerShell
[0.288s] DEBUG:colcon.colcon_core.shell:Skip shell extension 'dsv' for command environment
[0.480s] INFO:colcon.colcon_core.task.python.build:Building Python package in '/home/chris/Racing-pipline/src/localisation'
[0.480s] INFO:colcon.colcon_core.shell:Skip shell extension 'powershell' for command environment: Not usable outside of PowerShell
[0.481s] DEBUG:colcon.colcon_core.shell:Skip shell extension 'dsv' for command environment
[0.664s] INFO:colcon.colcon_core.task.python.build:Building Python package in '/home/chris/Racing-pipline/src/particle_filter'
[0.665s] INFO:colcon.colcon_core.shell:Skip shell extension 'powershell' for command environment: Not usable outside of PowerShell
[0.665s] DEBUG:colcon.colcon_core.shell:Skip shell extension 'dsv' for command environment
[0.855s] INFO:colcon.colcon_core.task.python.build:Building Python package in '/home/chris/Racing-pipline/src/pf_pkg'
[0.855s] INFO:colcon.colcon_core.shell:Skip shell extension 'powershell' for command environment: Not usable outside of PowerShell
[0.855s] DEBUG:colcon.colcon_core.shell:Skip shell extension 'dsv' for command environment
[1.162s] DEBUG:colcon.colcon_core.event_handler.log_command:Invoking command in '/home/chris/Racing-pipline/src/particle_filter': PYTHONPATH=/home/chris/Racing-pipline/build/particle_filter/prefix_override:/home/chris/Racing-pipline/install/particle_filter/lib/python3.10/site-packages:${PYTHONPATH} /usr/bin/python3 -W ignore:setup.py install is deprecated setup.py egg_info --egg-base ../../build/particle_filter build --build-base /home/chris/Racing-pipline/build/particle_filter/build install --record /home/chris/Racing-pipline/build/particle_filter/install.log --single-version-externally-managed install_data
[1.165s] DEBUG:colcon.colcon_core.event_handler.log_command:Invoking command in '/home/chris/Racing-pipline/src/pf_pkg': PYTHONPATH=/home/chris/Racing-pipline/build/pf_pkg/prefix_override:/home/chris/Racing-pipline/install/pf_pkg/lib/python3.10/site-packages:${PYTHONPATH} /usr/bin/python3 -W ignore:setup.py install is deprecated setup.py egg_info --egg-base ../../build/pf_pkg build --build-base /home/chris/Racing-pipline/build/pf_pkg/build install --record /home/chris/Racing-pipline/build/pf_pkg/install.log --single-version-externally-managed install_data
[1.166s] DEBUG:colcon.colcon_core.event_handler.log_command:Invoking command in '/home/chris/Racing-pipline/src/localisation': PYTHONPATH=/home/chris/Racing-pipline/build/localisation/prefix_override:/home/chris/Racing-pipline/install/localisation/lib/python3.10/site-packages:${PYTHONPATH} /usr/bin/python3 -W ignore:setup.py install is deprecated setup.py egg_info --egg-base ../../build/localisation build --build-base /home/chris/Racing-pipline/build/localisation/build install --record /home/chris/Racing-pipline/build/localisation/install.log --single-version-externally-managed install_data
[1.393s] DEBUG:colcon.colcon_core.event_handler.log_command:Invoked command in '/home/chris/Racing-pipline/src/localisation' returned '0': PYTHONPATH=/home/chris/Racing-pipline/build/localisation/prefix_override:/home/chris/Racing-pipline/install/localisation/lib/python3.10/site-packages:${PYTHONPATH} /usr/bin/python3 -W ignore:setup.py install is deprecated setup.py egg_info --egg-base ../../build/localisation build --build-base /home/chris/Racing-pipline/build/localisation/build install --record /home/chris/Racing-pipline/build/localisation/install.log --single-version-externally-managed install_data
[1.394s] Level 1:colcon.colcon_core.environment:checking '/home/chris/Racing-pipline/install/localisation' for CMake module files
[1.394s] Level 1:colcon.colcon_core.environment:checking '/home/chris/Racing-pipline/install/localisation' for CMake config files
[1.395s] Level 1:colcon.colcon_core.environment:checking '/home/chris/Racing-pipline/install/localisation/lib'
[1.395s] Level 1:colcon.colcon_core.environment:checking '/home/chris/Racing-pipline/install/localisation/bin'
[1.395s] Level 1:colcon.colcon_core.environment:checking '/home/chris/Racing-pipline/install/localisation/lib/pkgconfig/localisation.pc'
[1.395s] Level 1:colcon.colcon_core.environment:checking '/home/chris/Racing-pipline/install/localisation/lib/python3.10/site-packages'
[1.395s] Level 1:colcon.colcon_core.shell:create_environment_hook('localisation', 'pythonpath')
[1.395s] INFO:colcon.colcon_core.shell:Creating environment hook '/home/chris/Racing-pipline/install/localisation/share/localisation/hook/pythonpath.ps1'
[1.396s] INFO:colcon.colcon_core.shell:Creating environment descriptor '/home/chris/Racing-pipline/install/localisation/share/localisation/hook/pythonpath.dsv'
[1.396s] INFO:colcon.colcon_core.shell:Creating environment hook '/home/chris/Racing-pipline/install/localisation/share/localisation/hook/pythonpath.sh'
[1.396s] Level 1:colcon.colcon_core.environment:checking '/home/chris/Racing-pipline/install/localisation/bin'
[1.396s] Level 1:colcon.colcon_core.environment:create_environment_scripts_only(localisation)
[1.396s] INFO:colcon.colcon_core.shell:Creating package script '/home/chris/Racing-pipline/install/localisation/share/localisation/package.ps1'
[1.397s] INFO:colcon.colcon_core.shell:Creating package descriptor '/home/chris/Racing-pipline/install/localisation/share/localisation/package.dsv'
[1.397s] INFO:colcon.colcon_core.shell:Creating package script '/home/chris/Racing-pipline/install/localisation/share/localisation/package.sh'
[1.398s] INFO:colcon.colcon_core.shell:Creating package script '/home/chris/Racing-pipline/install/localisation/share/localisation/package.bash'
[1.398s] INFO:colcon.colcon_core.shell:Creating package script '/home/chris/Racing-pipline/install/localisation/share/localisation/package.zsh'
[1.399s] Level 1:colcon.colcon_core.environment:create_file_with_runtime_dependencies(/home/chris/Racing-pipline/install/localisation/share/colcon-core/packages/localisation)
[1.399s] Level 1:colcon.colcon_core.environment:checking '/home/chris/Racing-pipline/install/pf_pkg' for CMake module files
[1.399s] Level 1:colcon.colcon_core.environment:checking '/home/chris/Racing-pipline/install/pf_pkg' for CMake config files
[1.400s] DEBUG:colcon.colcon_core.event_handler.log_command:Invoked command in '/home/chris/Racing-pipline/src/pf_pkg' returned '0': PYTHONPATH=/home/chris/Racing-pipline/build/pf_pkg/prefix_override:/home/chris/Racing-pipline/install/pf_pkg/lib/python3.10/site-packages:${PYTHONPATH} /usr/bin/python3 -W ignore:setup.py install is deprecated setup.py egg_info --egg-base ../../build/pf_pkg build --build-base /home/chris/Racing-pipline/build/pf_pkg/build install --record /home/chris/Racing-pipline/build/pf_pkg/install.log --single-version-externally-managed install_data
[1.400s] Level 1:colcon.colcon_core.environment:checking '/home/chris/Racing-pipline/install/pf_pkg/lib'
[1.400s] Level 1:colcon.colcon_core.environment:checking '/home/chris/Racing-pipline/install/pf_pkg/bin'
[1.400s] Level 1:colcon.colcon_core.environment:checking '/home/chris/Racing-pipline/install/pf_pkg/lib/pkgconfig/pf_pkg.pc'
[1.400s] Level 1:colcon.colcon_core.environment:checking '/home/chris/Racing-pipline/install/pf_pkg/lib/python3.10/site-packages'
[1.400s] Level 1:colcon.colcon_core.shell:create_environment_hook('pf_pkg', 'pythonpath')
[1.400s] INFO:colcon.colcon_core.shell:Creating environment hook '/home/chris/Racing-pipline/install/pf_pkg/share/pf_pkg/hook/pythonpath.ps1'
[1.401s] INFO:colcon.colcon_core.shell:Creating environment descriptor '/home/chris/Racing-pipline/install/pf_pkg/share/pf_pkg/hook/pythonpath.dsv'
[1.401s] INFO:colcon.colcon_core.shell:Creating environment hook '/home/chris/Racing-pipline/install/pf_pkg/share/pf_pkg/hook/pythonpath.sh'
[1.401s] Level 1:colcon.colcon_core.environment:checking '/home/chris/Racing-pipline/install/pf_pkg/bin'
[1.401s] Level 1:colcon.colcon_core.environment:create_environment_scripts_only(pf_pkg)
[1.401s] INFO:colcon.colcon_core.shell:Creating package script '/home/chris/Racing-pipline/install/pf_pkg/share/pf_pkg/package.ps1'
[1.401s] INFO:colcon.colcon_core.shell:Creating package descriptor '/home/chris/Racing-pipline/install/pf_pkg/share/pf_pkg/package.dsv'
[1.402s] INFO:colcon.colcon_core.shell:Creating package script '/home/chris/Racing-pipline/install/pf_pkg/share/pf_pkg/package.sh'
[1.402s] INFO:colcon.colcon_core.shell:Creating package script '/home/chris/Racing-pipline/install/pf_pkg/share/pf_pkg/package.bash'
[1.402s] INFO:colcon.colcon_core.shell:Creating package script '/home/chris/Racing-pipline/install/pf_pkg/share/pf_pkg/package.zsh'
[1.402s] Level 1:colcon.colcon_core.environment:create_file_with_runtime_dependencies(/home/chris/Racing-pipline/install/pf_pkg/share/colcon-core/packages/pf_pkg)
[1.403s] Level 1:colcon.colcon_core.environment:checking '/home/chris/Racing-pipline/install/particle_filter' for CMake module files
[1.404s] DEBUG:colcon.colcon_core.event_handler.log_command:Invoked command in '/home/chris/Racing-pipline/src/particle_filter' returned '0': PYTHONPATH=/home/chris/Racing-pipline/build/particle_filter/prefix_override:/home/chris/Racing-pipline/install/particle_filter/lib/python3.10/site-packages:${PYTHONPATH} /usr/bin/python3 -W ignore:setup.py install is deprecated setup.py egg_info --egg-base ../../build/particle_filter build --build-base /home/chris/Racing-pipline/build/particle_filter/build install --record /home/chris/Racing-pipline/build/particle_filter/install.log --single-version-externally-managed install_data
[1.404s] Level 1:colcon.colcon_core.environment:checking '/home/chris/Racing-pipline/install/particle_filter' for CMake config files
[1.404s] Level 1:colcon.colcon_core.environment:checking '/home/chris/Racing-pipline/install/particle_filter/lib'
[1.404s] Level 1:colcon.colcon_core.environment:checking '/home/chris/Racing-pipline/install/particle_filter/bin'
[1.404s] Level 1:colcon.colcon_core.environment:checking '/home/chris/Racing-pipline/install/particle_filter/lib/pkgconfig/particle_filter.pc'
[1.404s] Level 1:colcon.colcon_core.environment:checking '/home/chris/Racing-pipline/install/particle_filter/lib/python3.10/site-packages'
[1.404s] Level 1:colcon.colcon_core.shell:create_environment_hook('particle_filter', 'pythonpath')
[1.405s] INFO:colcon.colcon_core.shell:Creating environment hook '/home/chris/Racing-pipline/install/particle_filter/share/particle_filter/hook/pythonpath.ps1'
[1.405s] INFO:colcon.colcon_core.shell:Creating environment descriptor '/home/chris/Racing-pipline/install/particle_filter/share/particle_filter/hook/pythonpath.dsv'
[1.405s] INFO:colcon.colcon_core.shell:Creating environment hook '/home/chris/Racing-pipline/install/particle_filter/share/particle_filter/hook/pythonpath.sh'
[1.405s] Level 1:colcon.colcon_core.environment:checking '/home/chris/Racing-pipline/install/particle_filter/bin'
[1.406s] Level 1:colcon.colcon_core.environment:create_environment_scripts_only(particle_filter)
[1.406s] INFO:colcon.colcon_core.shell:Creating package script '/home/chris/Racing-pipline/install/particle_filter/share/particle_filter/package.ps1'
[1.406s] INFO:colcon.colcon_core.shell:Creating package descriptor '/home/chris/Racing-pipline/install/particle_filter/share/particle_filter/package.dsv'
[1.406s] INFO:colcon.colcon_core.shell:Creating package script '/home/chris/Racing-pipline/install/particle_filter/share/particle_filter/package.sh'
[1.407s] INFO:colcon.colcon_core.shell:Creating package script '/home/chris/Racing-pipline/install/particle_filter/share/particle_filter/package.bash'
[1.407s] INFO:colcon.colcon_core.shell:Creating package script '/home/chris/Racing-pipline/install/particle_filter/share/particle_filter/package.zsh'
[1.407s] Level 1:colcon.colcon_core.environment:create_file_with_runtime_dependencies(/home/chris/Racing-pipline/install/particle_filter/share/colcon-core/packages/particle_filter)
[1.408s] DEBUG:colcon.colcon_parallel_executor.executor.parallel:closing loop
[1.408s] DEBUG:colcon.colcon_parallel_executor.executor.parallel:loop closed
[1.408s] DEBUG:colcon.colcon_parallel_executor.executor.parallel:run_until_complete finished with '0'
[1.408s] DEBUG:colcon.colcon_core.event_reactor:joining thread
[1.412s] INFO:colcon.colcon_core.plugin_system:Skipping extension 'colcon_notification.desktop_notification.terminal_notifier': Not used on non-Darwin systems
[1.412s] INFO:colcon.colcon_core.plugin_system:Skipping extension 'colcon_notification.desktop_notification.win32': Not used on non-Windows systems
[1.412s] INFO:colcon.colcon_notification.desktop_notification:Sending desktop notification using 'notify2'
[1.419s] DEBUG:colcon.colcon_core.event_reactor:joined thread
[1.419s] INFO:colcon.colcon_core.shell:Creating prefix script '/home/chris/Racing-pipline/install/local_setup.ps1'
[1.420s] INFO:colcon.colcon_core.shell:Creating prefix util module '/home/chris/Racing-pipline/install/_local_setup_util_ps1.py'
[1.421s] INFO:colcon.colcon_core.shell:Creating prefix chain script '/home/chris/Racing-pipline/install/setup.ps1'
[1.422s] INFO:colcon.colcon_core.shell:Creating prefix script '/home/chris/Racing-pipline/install/local_setup.sh'
[1.422s] INFO:colcon.colcon_core.shell:Creating prefix util module '/home/chris/Racing-pipline/install/_local_setup_util_sh.py'
[1.423s] INFO:colcon.colcon_core.shell:Creating prefix chain script '/home/chris/Racing-pipline/install/setup.sh'
[1.423s] INFO:colcon.colcon_core.shell:Creating prefix script '/home/chris/Racing-pipline/install/local_setup.bash'
[1.424s] INFO:colcon.colcon_core.shell:Creating prefix chain script '/home/chris/Racing-pipline/install/setup.bash'
[1.425s] INFO:colcon.colcon_core.shell:Creating prefix script '/home/chris/Racing-pipline/install/local_setup.zsh'
[1.425s] INFO:colcon.colcon_core.shell:Creating prefix chain script '/home/chris/Racing-pipline/install/setup.zsh'
