[0.875s] Invoking command in '/home/chris/Racing-pipline/src/localisation': PYTHONPATH=/home/chris/Racing-pipline/build/localisation/prefix_override:/home/chris/Racing-pipline/install/localisation/lib/python3.10/site-packages:${PYTHONPATH} /usr/bin/python3 -W ignore:setup.py install is deprecated setup.py egg_info --egg-base ../../build/localisation build --build-base /home/chris/Racing-pipline/build/localisation/build install --record /home/chris/Racing-pipline/build/localisation/install.log --single-version-externally-managed install_data
[1.051s] running egg_info
[1.051s] writing ../../build/localisation/localisation.egg-info/PKG-INFO
[1.051s] writing dependency_links to ../../build/localisation/localisation.egg-info/dependency_links.txt
[1.052s] writing entry points to ../../build/localisation/localisation.egg-info/entry_points.txt
[1.052s] writing requirements to ../../build/localisation/localisation.egg-info/requires.txt
[1.052s] writing top-level names to ../../build/localisation/localisation.egg-info/top_level.txt
[1.053s] reading manifest file '../../build/localisation/localisation.egg-info/SOURCES.txt'
[1.054s] writing manifest file '../../build/localisation/localisation.egg-info/SOURCES.txt'
[1.054s] running build
[1.054s] running build_py
[1.054s] running install
[1.054s] running install_lib
[1.055s] running install_data
[1.055s] running install_egg_info
[1.056s] removing '/home/chris/Racing-pipline/install/localisation/lib/python3.10/site-packages/localisation-0.0.0-py3.10.egg-info' (and everything under it)
[1.056s] Copying ../../build/localisation/localisation.egg-info to /home/chris/Racing-pipline/install/localisation/lib/python3.10/site-packages/localisation-0.0.0-py3.10.egg-info
[1.057s] running install_scripts
[1.071s] Installing pf script to /home/chris/Racing-pipline/install/localisation/lib/localisation
[1.071s] writing list of installed files to '/home/chris/Racing-pipline/build/localisation/install.log'
[1.102s] Invoked command in '/home/chris/Racing-pipline/src/localisation' returned '0': PYTHONPATH=/home/chris/Racing-pipline/build/localisation/prefix_override:/home/chris/Racing-pipline/install/localisation/lib/python3.10/site-packages:${PYTHONPATH} /usr/bin/python3 -W ignore:setup.py install is deprecated setup.py egg_info --egg-base ../../build/localisation build --build-base /home/chris/Racing-pipline/build/localisation/build install --record /home/chris/Racing-pipline/build/localisation/install.log --single-version-externally-managed install_data
