[0.233s] DEBUG:colcon:Command line arguments: ['/usr/bin/colcon', 'build']
[0.234s] DEBUG:colcon:Parsed command line arguments: Namespace(log_base=None, log_level=None, verb_name='build', build_base='build', install_base='install', merge_install=False, symlink_install=False, test_result_base=None, continue_on_error=False, executor='parallel', parallel_workers=16, event_handlers=None, ignore_user_meta=False, metas=['./colcon.meta'], base_paths=['.'], packages_ignore=None, packages_ignore_regex=None, paths=None, packages_up_to=None, packages_up_to_regex=None, packages_above=None, packages_above_and_dependencies=None, packages_above_depth=None, packages_select_by_dep=None, packages_skip_by_dep=None, packages_skip_up_to=None, packages_select_build_failed=False, packages_skip_build_finished=False, packages_select_test_failures=False, packages_skip_test_passed=False, packages_select=None, packages_skip=None, packages_select_regex=None, packages_skip_regex=None, packages_start=None, packages_end=None, allow_overriding=[], cmake_args=None, cmake_target=None, cmake_target_skip_unavailable=False, cmake_clean_cache=False, cmake_clean_first=False, cmake_force_configure=False, ament_cmake_args=None, catkin_cmake_args=None, catkin_skip_building_tests=False, mixin_files=None, mixin=None, verb_parser=<colcon_mixin.mixin.mixin_argument.MixinArgumentDecorator object at 0x708cd32af520>, verb_extension=<colcon_core.verb.build.BuildVerb object at 0x708cd339bb80>, main=<bound method BuildVerb.main of <colcon_core.verb.build.BuildVerb object at 0x708cd339bb80>>, mixin_verb=('build',))
[0.596s] Level 1:colcon.colcon_core.package_discovery:discover_packages(colcon_meta) check parameters
[0.597s] Level 1:colcon.colcon_core.package_discovery:discover_packages(recursive) check parameters
[0.598s] Level 1:colcon.colcon_core.package_discovery:discover_packages(ignore) check parameters
[0.598s] Level 1:colcon.colcon_core.package_discovery:discover_packages(path) check parameters
[0.598s] Level 1:colcon.colcon_core.package_discovery:discover_packages(colcon_meta) discover
[0.598s] Level 1:colcon.colcon_core.package_discovery:discover_packages(recursive) discover
[0.599s] INFO:colcon.colcon_core.package_discovery:Crawling recursively for packages in '/home/chris/Racing-pipline'
[0.599s] Level 1:colcon.colcon_core.package_identification:_identify(.) by extensions ['ignore', 'ignore_ament_install']
[0.599s] Level 1:colcon.colcon_core.package_identification:_identify(.) by extension 'ignore'
[0.599s] Level 1:colcon.colcon_core.package_identification:_identify(.) by extension 'ignore_ament_install'
[0.599s] Level 1:colcon.colcon_core.package_identification:_identify(.) by extensions ['colcon_pkg']
[0.599s] Level 1:colcon.colcon_core.package_identification:_identify(.) by extension 'colcon_pkg'
[0.599s] Level 1:colcon.colcon_core.package_identification:_identify(.) by extensions ['colcon_meta']
[0.599s] Level 1:colcon.colcon_core.package_identification:_identify(.) by extension 'colcon_meta'
[0.600s] Level 1:colcon.colcon_core.package_identification:_identify(.) by extensions ['ros']
[0.600s] Level 1:colcon.colcon_core.package_identification:_identify(.) by extension 'ros'
[0.642s] Level 1:colcon.colcon_core.package_identification:_identify(.) by extensions ['cmake', 'python']
[0.642s] Level 1:colcon.colcon_core.package_identification:_identify(.) by extension 'cmake'
[0.642s] Level 1:colcon.colcon_core.package_identification:_identify(.) by extension 'python'
[0.642s] Level 1:colcon.colcon_core.package_identification:_identify(.) by extensions ['python_setup_py']
[0.642s] Level 1:colcon.colcon_core.package_identification:_identify(.) by extension 'python_setup_py'
[0.643s] Level 1:colcon.colcon_core.package_identification:_identify(build) by extensions ['ignore', 'ignore_ament_install']
[0.643s] Level 1:colcon.colcon_core.package_identification:_identify(build) by extension 'ignore'
[0.643s] Level 1:colcon.colcon_core.package_identification:_identify(build) ignored
[0.654s] Level 1:colcon.colcon_core.package_identification:_identify(install) by extensions ['ignore', 'ignore_ament_install']
[0.654s] Level 1:colcon.colcon_core.package_identification:_identify(install) by extension 'ignore'
[0.654s] Level 1:colcon.colcon_core.package_identification:_identify(install) ignored
[0.655s] Level 1:colcon.colcon_core.package_identification:_identify(log) by extensions ['ignore', 'ignore_ament_install']
[0.655s] Level 1:colcon.colcon_core.package_identification:_identify(log) by extension 'ignore'
[0.656s] Level 1:colcon.colcon_core.package_identification:_identify(log) ignored
[0.656s] Level 1:colcon.colcon_core.package_identification:_identify(src) by extensions ['ignore', 'ignore_ament_install']
[0.656s] Level 1:colcon.colcon_core.package_identification:_identify(src) by extension 'ignore'
[0.657s] Level 1:colcon.colcon_core.package_identification:_identify(src) by extension 'ignore_ament_install'
[0.657s] Level 1:colcon.colcon_core.package_identification:_identify(src) by extensions ['colcon_pkg']
[0.657s] Level 1:colcon.colcon_core.package_identification:_identify(src) by extension 'colcon_pkg'
[0.657s] Level 1:colcon.colcon_core.package_identification:_identify(src) by extensions ['colcon_meta']
[0.658s] Level 1:colcon.colcon_core.package_identification:_identify(src) by extension 'colcon_meta'
[0.658s] Level 1:colcon.colcon_core.package_identification:_identify(src) by extensions ['ros']
[0.658s] Level 1:colcon.colcon_core.package_identification:_identify(src) by extension 'ros'
[0.658s] Level 1:colcon.colcon_core.package_identification:_identify(src) by extensions ['cmake', 'python']
[0.659s] Level 1:colcon.colcon_core.package_identification:_identify(src) by extension 'cmake'
[0.659s] Level 1:colcon.colcon_core.package_identification:_identify(src) by extension 'python'
[0.659s] Level 1:colcon.colcon_core.package_identification:_identify(src) by extensions ['python_setup_py']
[0.659s] Level 1:colcon.colcon_core.package_identification:_identify(src) by extension 'python_setup_py'
[0.660s] Level 1:colcon.colcon_core.package_identification:_identify(src/benchmark_test_pkg) by extensions ['ignore', 'ignore_ament_install']
[0.660s] Level 1:colcon.colcon_core.package_identification:_identify(src/benchmark_test_pkg) by extension 'ignore'
[0.660s] Level 1:colcon.colcon_core.package_identification:_identify(src/benchmark_test_pkg) by extension 'ignore_ament_install'
[0.661s] Level 1:colcon.colcon_core.package_identification:_identify(src/benchmark_test_pkg) by extensions ['colcon_pkg']
[0.661s] Level 1:colcon.colcon_core.package_identification:_identify(src/benchmark_test_pkg) by extension 'colcon_pkg'
[0.661s] Level 1:colcon.colcon_core.package_identification:_identify(src/benchmark_test_pkg) by extensions ['colcon_meta']
[0.661s] Level 1:colcon.colcon_core.package_identification:_identify(src/benchmark_test_pkg) by extension 'colcon_meta'
[0.662s] Level 1:colcon.colcon_core.package_identification:_identify(src/benchmark_test_pkg) by extensions ['ros']
[0.662s] Level 1:colcon.colcon_core.package_identification:_identify(src/benchmark_test_pkg) by extension 'ros'
[0.666s] DEBUG:colcon.colcon_core.package_identification:Package 'src/benchmark_test_pkg' with type 'ros.ament_python' and name 'benchmark_test_pkg'
[0.671s] Level 1:colcon.colcon_core.package_identification:_identify(src/car_interfaces) by extensions ['ignore', 'ignore_ament_install']
[0.671s] Level 1:colcon.colcon_core.package_identification:_identify(src/car_interfaces) by extension 'ignore'
[0.671s] Level 1:colcon.colcon_core.package_identification:_identify(src/car_interfaces) by extension 'ignore_ament_install'
[0.672s] Level 1:colcon.colcon_core.package_identification:_identify(src/car_interfaces) by extensions ['colcon_pkg']
[0.672s] Level 1:colcon.colcon_core.package_identification:_identify(src/car_interfaces) by extension 'colcon_pkg'
[0.672s] Level 1:colcon.colcon_core.package_identification:_identify(src/car_interfaces) by extensions ['colcon_meta']
[0.673s] Level 1:colcon.colcon_core.package_identification:_identify(src/car_interfaces) by extension 'colcon_meta'
[0.673s] Level 1:colcon.colcon_core.package_identification:_identify(src/car_interfaces) by extensions ['ros']
[0.673s] Level 1:colcon.colcon_core.package_identification:_identify(src/car_interfaces) by extension 'ros'
[0.674s] DEBUG:colcon.colcon_core.package_identification:Package 'src/car_interfaces' with type 'ros.ament_cmake' and name 'car_interfaces'
[0.675s] Level 1:colcon.colcon_core.package_identification:_identify(src/particle_filter) by extensions ['ignore', 'ignore_ament_install']
[0.675s] Level 1:colcon.colcon_core.package_identification:_identify(src/particle_filter) by extension 'ignore'
[0.676s] Level 1:colcon.colcon_core.package_identification:_identify(src/particle_filter) by extension 'ignore_ament_install'
[0.676s] Level 1:colcon.colcon_core.package_identification:_identify(src/particle_filter) by extensions ['colcon_pkg']
[0.676s] Level 1:colcon.colcon_core.package_identification:_identify(src/particle_filter) by extension 'colcon_pkg'
[0.676s] Level 1:colcon.colcon_core.package_identification:_identify(src/particle_filter) by extensions ['colcon_meta']
[0.677s] Level 1:colcon.colcon_core.package_identification:_identify(src/particle_filter) by extension 'colcon_meta'
[0.677s] Level 1:colcon.colcon_core.package_identification:_identify(src/particle_filter) by extensions ['ros']
[0.677s] Level 1:colcon.colcon_core.package_identification:_identify(src/particle_filter) by extension 'ros'
[0.679s] DEBUG:colcon.colcon_core.package_identification:Package 'src/particle_filter' with type 'ros.ament_python' and name 'particle_filter'
[0.681s] Level 1:colcon.colcon_core.package_identification:_identify(src/test_pkg) by extensions ['ignore', 'ignore_ament_install']
[0.682s] Level 1:colcon.colcon_core.package_identification:_identify(src/test_pkg) by extension 'ignore'
[0.682s] Level 1:colcon.colcon_core.package_identification:_identify(src/test_pkg) by extension 'ignore_ament_install'
[0.682s] Level 1:colcon.colcon_core.package_identification:_identify(src/test_pkg) by extensions ['colcon_pkg']
[0.682s] Level 1:colcon.colcon_core.package_identification:_identify(src/test_pkg) by extension 'colcon_pkg'
[0.683s] Level 1:colcon.colcon_core.package_identification:_identify(src/test_pkg) by extensions ['colcon_meta']
[0.683s] Level 1:colcon.colcon_core.package_identification:_identify(src/test_pkg) by extension 'colcon_meta'
[0.683s] Level 1:colcon.colcon_core.package_identification:_identify(src/test_pkg) by extensions ['ros']
[0.683s] Level 1:colcon.colcon_core.package_identification:_identify(src/test_pkg) by extension 'ros'
[0.684s] DEBUG:colcon.colcon_core.package_identification:Package 'src/test_pkg' with type 'ros.ament_python' and name 'test_pkg'
[0.686s] Level 1:colcon.colcon_core.package_discovery:discover_packages(recursive) using defaults
[0.686s] Level 1:colcon.colcon_core.package_discovery:discover_packages(ignore) discover
[0.686s] Level 1:colcon.colcon_core.package_discovery:discover_packages(ignore) using defaults
[0.686s] Level 1:colcon.colcon_core.package_discovery:discover_packages(path) discover
[0.686s] Level 1:colcon.colcon_core.package_discovery:discover_packages(path) using defaults
[0.731s] Level 1:colcon.colcon_core.package_discovery:discover_packages(prefix_path) check parameters
[0.731s] Level 1:colcon.colcon_core.package_discovery:discover_packages(prefix_path) discover
[0.734s] DEBUG:colcon.colcon_installed_package_information.package_discovery:Found 4 installed packages in /home/chris/Racing-pipline/install
[0.734s] DEBUG:colcon.colcon_installed_package_information.package_discovery:Found 1 installed packages in /home/chris/Ros2PP/install
[0.735s] DEBUG:colcon.colcon_installed_package_information.package_discovery:Found 1 installed packages in /home/chris/sim_ws/install
[0.736s] DEBUG:colcon.colcon_installed_package_information.package_discovery:Found 2 installed packages in /home/chris/udemy_ws/install
[0.738s] DEBUG:colcon.colcon_installed_package_information.package_discovery:Found 326 installed packages in /opt/ros/humble
[0.742s] Level 1:colcon.colcon_core.package_discovery:discover_packages(prefix_path) using defaults
[0.807s] Level 5:colcon.colcon_core.verb:set package 'benchmark_test_pkg' build argument 'cmake_args' from command line to 'None'
[0.807s] Level 5:colcon.colcon_core.verb:set package 'benchmark_test_pkg' build argument 'cmake_target' from command line to 'None'
[0.807s] Level 5:colcon.colcon_core.verb:set package 'benchmark_test_pkg' build argument 'cmake_target_skip_unavailable' from command line to 'False'
[0.808s] Level 5:colcon.colcon_core.verb:set package 'benchmark_test_pkg' build argument 'cmake_clean_cache' from command line to 'False'
[0.808s] Level 5:colcon.colcon_core.verb:set package 'benchmark_test_pkg' build argument 'cmake_clean_first' from command line to 'False'
[0.808s] Level 5:colcon.colcon_core.verb:set package 'benchmark_test_pkg' build argument 'cmake_force_configure' from command line to 'False'
[0.808s] Level 5:colcon.colcon_core.verb:set package 'benchmark_test_pkg' build argument 'ament_cmake_args' from command line to 'None'
[0.808s] Level 5:colcon.colcon_core.verb:set package 'benchmark_test_pkg' build argument 'catkin_cmake_args' from command line to 'None'
[0.815s] Level 5:colcon.colcon_core.verb:set package 'benchmark_test_pkg' build argument 'catkin_skip_building_tests' from command line to 'False'
[0.816s] DEBUG:colcon.colcon_core.verb:Building package 'benchmark_test_pkg' with the following arguments: {'ament_cmake_args': None, 'build_base': '/home/chris/Racing-pipline/build/benchmark_test_pkg', 'catkin_cmake_args': None, 'catkin_skip_building_tests': False, 'cmake_args': None, 'cmake_clean_cache': False, 'cmake_clean_first': False, 'cmake_force_configure': False, 'cmake_target': None, 'cmake_target_skip_unavailable': False, 'install_base': '/home/chris/Racing-pipline/install/benchmark_test_pkg', 'merge_install': False, 'path': '/home/chris/Racing-pipline/src/benchmark_test_pkg', 'symlink_install': False, 'test_result_base': None}
[0.835s] Level 5:colcon.colcon_core.verb:set package 'car_interfaces' build argument 'cmake_args' from command line to 'None'
[0.836s] Level 5:colcon.colcon_core.verb:set package 'car_interfaces' build argument 'cmake_target' from command line to 'None'
[0.836s] Level 5:colcon.colcon_core.verb:set package 'car_interfaces' build argument 'cmake_target_skip_unavailable' from command line to 'False'
[0.836s] Level 5:colcon.colcon_core.verb:set package 'car_interfaces' build argument 'cmake_clean_cache' from command line to 'False'
[0.836s] Level 5:colcon.colcon_core.verb:set package 'car_interfaces' build argument 'cmake_clean_first' from command line to 'False'
[0.836s] Level 5:colcon.colcon_core.verb:set package 'car_interfaces' build argument 'cmake_force_configure' from command line to 'False'
[0.836s] Level 5:colcon.colcon_core.verb:set package 'car_interfaces' build argument 'ament_cmake_args' from command line to 'None'
[0.836s] Level 5:colcon.colcon_core.verb:set package 'car_interfaces' build argument 'catkin_cmake_args' from command line to 'None'
[0.837s] Level 5:colcon.colcon_core.verb:set package 'car_interfaces' build argument 'catkin_skip_building_tests' from command line to 'False'
[0.837s] DEBUG:colcon.colcon_core.verb:Building package 'car_interfaces' with the following arguments: {'ament_cmake_args': None, 'build_base': '/home/chris/Racing-pipline/build/car_interfaces', 'catkin_cmake_args': None, 'catkin_skip_building_tests': False, 'cmake_args': None, 'cmake_clean_cache': False, 'cmake_clean_first': False, 'cmake_force_configure': False, 'cmake_target': None, 'cmake_target_skip_unavailable': False, 'install_base': '/home/chris/Racing-pipline/install/car_interfaces', 'merge_install': False, 'path': '/home/chris/Racing-pipline/src/car_interfaces', 'symlink_install': False, 'test_result_base': None}
[0.838s] Level 5:colcon.colcon_core.verb:set package 'particle_filter' build argument 'cmake_args' from command line to 'None'
[0.838s] Level 5:colcon.colcon_core.verb:set package 'particle_filter' build argument 'cmake_target' from command line to 'None'
[0.838s] Level 5:colcon.colcon_core.verb:set package 'particle_filter' build argument 'cmake_target_skip_unavailable' from command line to 'False'
[0.838s] Level 5:colcon.colcon_core.verb:set package 'particle_filter' build argument 'cmake_clean_cache' from command line to 'False'
[0.838s] Level 5:colcon.colcon_core.verb:set package 'particle_filter' build argument 'cmake_clean_first' from command line to 'False'
[0.838s] Level 5:colcon.colcon_core.verb:set package 'particle_filter' build argument 'cmake_force_configure' from command line to 'False'
[0.838s] Level 5:colcon.colcon_core.verb:set package 'particle_filter' build argument 'ament_cmake_args' from command line to 'None'
[0.839s] Level 5:colcon.colcon_core.verb:set package 'particle_filter' build argument 'catkin_cmake_args' from command line to 'None'
[0.839s] Level 5:colcon.colcon_core.verb:set package 'particle_filter' build argument 'catkin_skip_building_tests' from command line to 'False'
[0.839s] DEBUG:colcon.colcon_core.verb:Building package 'particle_filter' with the following arguments: {'ament_cmake_args': None, 'build_base': '/home/chris/Racing-pipline/build/particle_filter', 'catkin_cmake_args': None, 'catkin_skip_building_tests': False, 'cmake_args': None, 'cmake_clean_cache': False, 'cmake_clean_first': False, 'cmake_force_configure': False, 'cmake_target': None, 'cmake_target_skip_unavailable': False, 'install_base': '/home/chris/Racing-pipline/install/particle_filter', 'merge_install': False, 'path': '/home/chris/Racing-pipline/src/particle_filter', 'symlink_install': False, 'test_result_base': None}
[0.840s] Level 5:colcon.colcon_core.verb:set package 'test_pkg' build argument 'cmake_args' from command line to 'None'
[0.840s] Level 5:colcon.colcon_core.verb:set package 'test_pkg' build argument 'cmake_target' from command line to 'None'
[0.840s] Level 5:colcon.colcon_core.verb:set package 'test_pkg' build argument 'cmake_target_skip_unavailable' from command line to 'False'
[0.840s] Level 5:colcon.colcon_core.verb:set package 'test_pkg' build argument 'cmake_clean_cache' from command line to 'False'
[0.840s] Level 5:colcon.colcon_core.verb:set package 'test_pkg' build argument 'cmake_clean_first' from command line to 'False'
[0.840s] Level 5:colcon.colcon_core.verb:set package 'test_pkg' build argument 'cmake_force_configure' from command line to 'False'
[0.840s] Level 5:colcon.colcon_core.verb:set package 'test_pkg' build argument 'ament_cmake_args' from command line to 'None'
[0.841s] Level 5:colcon.colcon_core.verb:set package 'test_pkg' build argument 'catkin_cmake_args' from command line to 'None'
[0.841s] Level 5:colcon.colcon_core.verb:set package 'test_pkg' build argument 'catkin_skip_building_tests' from command line to 'False'
[0.841s] DEBUG:colcon.colcon_core.verb:Building package 'test_pkg' with the following arguments: {'ament_cmake_args': None, 'build_base': '/home/chris/Racing-pipline/build/test_pkg', 'catkin_cmake_args': None, 'catkin_skip_building_tests': False, 'cmake_args': None, 'cmake_clean_cache': False, 'cmake_clean_first': False, 'cmake_force_configure': False, 'cmake_target': None, 'cmake_target_skip_unavailable': False, 'install_base': '/home/chris/Racing-pipline/install/test_pkg', 'merge_install': False, 'path': '/home/chris/Racing-pipline/src/test_pkg', 'symlink_install': False, 'test_result_base': None}
[0.841s] INFO:colcon.colcon_core.executor:Executing jobs using 'parallel' executor
[0.847s] DEBUG:colcon.colcon_parallel_executor.executor.parallel:run_until_complete
[0.847s] INFO:colcon.colcon_ros.task.ament_python.build:Building ROS package in '/home/chris/Racing-pipline/src/benchmark_test_pkg' with build type 'ament_python'
[0.847s] Level 1:colcon.colcon_core.shell:create_environment_hook('benchmark_test_pkg', 'ament_prefix_path')
[0.850s] INFO:colcon.colcon_core.plugin_system:Skipping extension 'colcon_core.shell.bat': Not used on non-Windows systems
[0.850s] INFO:colcon.colcon_core.shell:Creating environment hook '/home/chris/Racing-pipline/install/benchmark_test_pkg/share/benchmark_test_pkg/hook/ament_prefix_path.ps1'
[0.851s] INFO:colcon.colcon_core.shell:Creating environment descriptor '/home/chris/Racing-pipline/install/benchmark_test_pkg/share/benchmark_test_pkg/hook/ament_prefix_path.dsv'
[0.852s] INFO:colcon.colcon_core.shell:Creating environment hook '/home/chris/Racing-pipline/install/benchmark_test_pkg/share/benchmark_test_pkg/hook/ament_prefix_path.sh'
[0.853s] INFO:colcon.colcon_core.shell:Skip shell extension 'powershell' for command environment: Not usable outside of PowerShell
[0.853s] DEBUG:colcon.colcon_core.shell:Skip shell extension 'dsv' for command environment
[0.869s] INFO:colcon.colcon_ros.task.ament_cmake.build:Building ROS package in '/home/chris/Racing-pipline/src/car_interfaces' with build type 'ament_cmake'
[0.869s] INFO:colcon.colcon_cmake.task.cmake.build:Building CMake package in '/home/chris/Racing-pipline/src/car_interfaces'
[0.869s] INFO:colcon.colcon_core.shell:Skip shell extension 'powershell' for command environment: Not usable outside of PowerShell
[0.869s] DEBUG:colcon.colcon_core.shell:Skip shell extension 'dsv' for command environment
[0.878s] INFO:colcon.colcon_ros.task.ament_python.build:Building ROS package in '/home/chris/Racing-pipline/src/particle_filter' with build type 'ament_python'
[0.878s] Level 1:colcon.colcon_core.shell:create_environment_hook('particle_filter', 'ament_prefix_path')
[0.879s] INFO:colcon.colcon_core.shell:Creating environment hook '/home/chris/Racing-pipline/install/particle_filter/share/particle_filter/hook/ament_prefix_path.ps1'
[0.879s] INFO:colcon.colcon_core.shell:Creating environment descriptor '/home/chris/Racing-pipline/install/particle_filter/share/particle_filter/hook/ament_prefix_path.dsv'
[0.879s] INFO:colcon.colcon_core.shell:Creating environment hook '/home/chris/Racing-pipline/install/particle_filter/share/particle_filter/hook/ament_prefix_path.sh'
[0.880s] INFO:colcon.colcon_core.shell:Skip shell extension 'powershell' for command environment: Not usable outside of PowerShell
[0.880s] DEBUG:colcon.colcon_core.shell:Skip shell extension 'dsv' for command environment
[0.889s] INFO:colcon.colcon_ros.task.ament_python.build:Building ROS package in '/home/chris/Racing-pipline/src/test_pkg' with build type 'ament_python'
[0.889s] Level 1:colcon.colcon_core.shell:create_environment_hook('test_pkg', 'ament_prefix_path')
[0.889s] INFO:colcon.colcon_core.shell:Creating environment hook '/home/chris/Racing-pipline/install/test_pkg/share/test_pkg/hook/ament_prefix_path.ps1'
[0.890s] INFO:colcon.colcon_core.shell:Creating environment descriptor '/home/chris/Racing-pipline/install/test_pkg/share/test_pkg/hook/ament_prefix_path.dsv'
[0.890s] INFO:colcon.colcon_core.shell:Creating environment hook '/home/chris/Racing-pipline/install/test_pkg/share/test_pkg/hook/ament_prefix_path.sh'
[0.891s] INFO:colcon.colcon_core.shell:Skip shell extension 'powershell' for command environment: Not usable outside of PowerShell
[0.891s] DEBUG:colcon.colcon_core.shell:Skip shell extension 'dsv' for command environment
[1.325s] INFO:colcon.colcon_core.task.python.build:Building Python package in '/home/chris/Racing-pipline/src/benchmark_test_pkg'
[1.325s] INFO:colcon.colcon_core.shell:Skip shell extension 'powershell' for command environment: Not usable outside of PowerShell
[1.325s] DEBUG:colcon.colcon_core.shell:Skip shell extension 'dsv' for command environment
[1.338s] DEBUG:colcon.colcon_core.event_handler.log_command:Invoking command in '/home/chris/Racing-pipline/build/car_interfaces': CMAKE_PREFIX_PATH=${CMAKE_PREFIX_PATH}:/home/chris/sim_ws/install/f1tenth_gym_ros:/home/chris/Racing-pipline/install/test_pkg:/home/chris/Racing-pipline/install/particle_filter:/home/chris/Racing-pipline/install/benchmark_test_pkg:/home/chris/Ros2PP/install/my_waypoint_follower:/home/chris/udemy_ws/install/my_py_pkg:/opt/ros/humble /usr/bin/cmake --build /home/chris/Racing-pipline/build/car_interfaces -- -j16 -l16
[1.863s] INFO:colcon.colcon_core.task.python.build:Building Python package in '/home/chris/Racing-pipline/src/particle_filter'
[1.863s] INFO:colcon.colcon_core.shell:Skip shell extension 'powershell' for command environment: Not usable outside of PowerShell
[1.863s] DEBUG:colcon.colcon_core.shell:Skip shell extension 'dsv' for command environment
[2.322s] INFO:colcon.colcon_core.task.python.build:Building Python package in '/home/chris/Racing-pipline/src/test_pkg'
[2.322s] INFO:colcon.colcon_core.shell:Skip shell extension 'powershell' for command environment: Not usable outside of PowerShell
[2.322s] DEBUG:colcon.colcon_core.shell:Skip shell extension 'dsv' for command environment
[2.360s] DEBUG:colcon.colcon_core.event_handler.log_command:Invoked command in '/home/chris/Racing-pipline/build/car_interfaces' returned '0': CMAKE_PREFIX_PATH=${CMAKE_PREFIX_PATH}:/home/chris/sim_ws/install/f1tenth_gym_ros:/home/chris/Racing-pipline/install/test_pkg:/home/chris/Racing-pipline/install/particle_filter:/home/chris/Racing-pipline/install/benchmark_test_pkg:/home/chris/Ros2PP/install/my_waypoint_follower:/home/chris/udemy_ws/install/my_py_pkg:/opt/ros/humble /usr/bin/cmake --build /home/chris/Racing-pipline/build/car_interfaces -- -j16 -l16
[2.961s] DEBUG:colcon.colcon_core.event_handler.log_command:Invoking command in '/home/chris/Racing-pipline/build/car_interfaces': CMAKE_PREFIX_PATH=${CMAKE_PREFIX_PATH}:/home/chris/sim_ws/install/f1tenth_gym_ros:/home/chris/Racing-pipline/install/test_pkg:/home/chris/Racing-pipline/install/particle_filter:/home/chris/Racing-pipline/install/benchmark_test_pkg:/home/chris/Ros2PP/install/my_waypoint_follower:/home/chris/udemy_ws/install/my_py_pkg:/opt/ros/humble /usr/bin/cmake --install /home/chris/Racing-pipline/build/car_interfaces
[3.053s] DEBUG:colcon.colcon_core.event_handler.log_command:Invoking command in '/home/chris/Racing-pipline/src/particle_filter': PYTHONPATH=/home/chris/Racing-pipline/build/particle_filter/prefix_override:/home/chris/Racing-pipline/install/particle_filter/lib/python3.10/site-packages:${PYTHONPATH} /usr/bin/python3 -W ignore:setup.py install is deprecated setup.py egg_info --egg-base ../../build/particle_filter build --build-base /home/chris/Racing-pipline/build/particle_filter/build install --record /home/chris/Racing-pipline/build/particle_filter/install.log --single-version-externally-managed install_data
[3.122s] DEBUG:colcon.colcon_core.event_handler.log_command:Invoking command in '/home/chris/Racing-pipline/src/test_pkg': PYTHONPATH=/home/chris/Racing-pipline/build/test_pkg/prefix_override:/home/chris/Racing-pipline/install/test_pkg/lib/python3.10/site-packages:${PYTHONPATH} /usr/bin/python3 -W ignore:setup.py install is deprecated setup.py egg_info --egg-base ../../build/test_pkg build --build-base /home/chris/Racing-pipline/build/test_pkg/build install --record /home/chris/Racing-pipline/build/test_pkg/install.log --single-version-externally-managed install_data
[3.128s] DEBUG:colcon.colcon_core.event_handler.log_command:Invoking command in '/home/chris/Racing-pipline/src/benchmark_test_pkg': PYTHONPATH=/home/chris/Racing-pipline/build/benchmark_test_pkg/prefix_override:/home/chris/Racing-pipline/install/benchmark_test_pkg/lib/python3.10/site-packages:${PYTHONPATH} /usr/bin/python3 -W ignore:setup.py install is deprecated setup.py egg_info --egg-base ../../build/benchmark_test_pkg build --build-base /home/chris/Racing-pipline/build/benchmark_test_pkg/build install --record /home/chris/Racing-pipline/build/benchmark_test_pkg/install.log --single-version-externally-managed install_data
[3.164s] Level 1:colcon.colcon_core.environment:create_environment_scripts_only(car_interfaces)
[3.167s] Level 1:colcon.colcon_core.environment:checking '/home/chris/Racing-pipline/install/car_interfaces' for CMake module files
[3.168s] Level 1:colcon.colcon_core.environment:checking '/home/chris/Racing-pipline/install/car_interfaces' for CMake config files
[3.168s] Level 1:colcon.colcon_core.shell:create_environment_hook('car_interfaces', 'cmake_prefix_path')
[3.169s] INFO:colcon.colcon_core.shell:Creating environment hook '/home/chris/Racing-pipline/install/car_interfaces/share/car_interfaces/hook/cmake_prefix_path.ps1'
[3.169s] INFO:colcon.colcon_core.shell:Creating environment descriptor '/home/chris/Racing-pipline/install/car_interfaces/share/car_interfaces/hook/cmake_prefix_path.dsv'
[3.170s] INFO:colcon.colcon_core.shell:Creating environment hook '/home/chris/Racing-pipline/install/car_interfaces/share/car_interfaces/hook/cmake_prefix_path.sh'
[3.171s] Level 1:colcon.colcon_core.environment:checking '/home/chris/Racing-pipline/install/car_interfaces/lib'
[3.171s] Level 1:colcon.colcon_core.shell:create_environment_hook('car_interfaces', 'ld_library_path_lib')
[3.171s] INFO:colcon.colcon_core.shell:Creating environment hook '/home/chris/Racing-pipline/install/car_interfaces/share/car_interfaces/hook/ld_library_path_lib.ps1'
[3.171s] INFO:colcon.colcon_core.shell:Creating environment descriptor '/home/chris/Racing-pipline/install/car_interfaces/share/car_interfaces/hook/ld_library_path_lib.dsv'
[3.172s] INFO:colcon.colcon_core.shell:Creating environment hook '/home/chris/Racing-pipline/install/car_interfaces/share/car_interfaces/hook/ld_library_path_lib.sh'
[3.172s] Level 1:colcon.colcon_core.environment:checking '/home/chris/Racing-pipline/install/car_interfaces/bin'
[3.172s] Level 1:colcon.colcon_core.environment:checking '/home/chris/Racing-pipline/install/car_interfaces/lib/pkgconfig/car_interfaces.pc'
[3.173s] Level 1:colcon.colcon_core.environment:checking '/home/chris/Racing-pipline/install/car_interfaces/lib/python3.10/site-packages'
[3.173s] Level 1:colcon.colcon_core.environment:checking '/home/chris/Racing-pipline/install/car_interfaces/bin'
[3.173s] INFO:colcon.colcon_core.shell:Creating package script '/home/chris/Racing-pipline/install/car_interfaces/share/car_interfaces/package.ps1'
[3.175s] INFO:colcon.colcon_core.shell:Creating package descriptor '/home/chris/Racing-pipline/install/car_interfaces/share/car_interfaces/package.dsv'
[3.176s] DEBUG:colcon.colcon_core.event_handler.log_command:Invoked command in '/home/chris/Racing-pipline/build/car_interfaces' returned '0': CMAKE_PREFIX_PATH=${CMAKE_PREFIX_PATH}:/home/chris/sim_ws/install/f1tenth_gym_ros:/home/chris/Racing-pipline/install/test_pkg:/home/chris/Racing-pipline/install/particle_filter:/home/chris/Racing-pipline/install/benchmark_test_pkg:/home/chris/Ros2PP/install/my_waypoint_follower:/home/chris/udemy_ws/install/my_py_pkg:/opt/ros/humble /usr/bin/cmake --install /home/chris/Racing-pipline/build/car_interfaces
[3.176s] INFO:colcon.colcon_core.shell:Creating package script '/home/chris/Racing-pipline/install/car_interfaces/share/car_interfaces/package.sh'
[3.177s] INFO:colcon.colcon_core.shell:Creating package script '/home/chris/Racing-pipline/install/car_interfaces/share/car_interfaces/package.bash'
[3.178s] INFO:colcon.colcon_core.shell:Creating package script '/home/chris/Racing-pipline/install/car_interfaces/share/car_interfaces/package.zsh'
[3.179s] Level 1:colcon.colcon_core.environment:create_file_with_runtime_dependencies(/home/chris/Racing-pipline/install/car_interfaces/share/colcon-core/packages/car_interfaces)
[3.563s] Level 1:colcon.colcon_core.environment:checking '/home/chris/Racing-pipline/install/particle_filter' for CMake module files
[3.564s] Level 1:colcon.colcon_core.environment:checking '/home/chris/Racing-pipline/install/particle_filter' for CMake config files
[3.564s] Level 1:colcon.colcon_core.environment:checking '/home/chris/Racing-pipline/install/particle_filter/lib'
[3.564s] Level 1:colcon.colcon_core.environment:checking '/home/chris/Racing-pipline/install/particle_filter/bin'
[3.565s] Level 1:colcon.colcon_core.environment:checking '/home/chris/Racing-pipline/install/particle_filter/lib/pkgconfig/particle_filter.pc'
[3.565s] Level 1:colcon.colcon_core.environment:checking '/home/chris/Racing-pipline/install/particle_filter/lib/python3.10/site-packages'
[3.565s] Level 1:colcon.colcon_core.shell:create_environment_hook('particle_filter', 'pythonpath')
[3.565s] INFO:colcon.colcon_core.shell:Creating environment hook '/home/chris/Racing-pipline/install/particle_filter/share/particle_filter/hook/pythonpath.ps1'
[3.566s] INFO:colcon.colcon_core.shell:Creating environment descriptor '/home/chris/Racing-pipline/install/particle_filter/share/particle_filter/hook/pythonpath.dsv'
[3.566s] INFO:colcon.colcon_core.shell:Creating environment hook '/home/chris/Racing-pipline/install/particle_filter/share/particle_filter/hook/pythonpath.sh'
[3.567s] Level 1:colcon.colcon_core.environment:checking '/home/chris/Racing-pipline/install/particle_filter/bin'
[3.567s] Level 1:colcon.colcon_core.environment:create_environment_scripts_only(particle_filter)
[3.567s] INFO:colcon.colcon_core.shell:Creating package script '/home/chris/Racing-pipline/install/particle_filter/share/particle_filter/package.ps1'
[3.568s] INFO:colcon.colcon_core.shell:Creating package descriptor '/home/chris/Racing-pipline/install/particle_filter/share/particle_filter/package.dsv'
[3.568s] INFO:colcon.colcon_core.shell:Creating package script '/home/chris/Racing-pipline/install/particle_filter/share/particle_filter/package.sh'
[3.569s] INFO:colcon.colcon_core.shell:Creating package script '/home/chris/Racing-pipline/install/particle_filter/share/particle_filter/package.bash'
[3.569s] INFO:colcon.colcon_core.shell:Creating package script '/home/chris/Racing-pipline/install/particle_filter/share/particle_filter/package.zsh'
[3.570s] Level 1:colcon.colcon_core.environment:create_file_with_runtime_dependencies(/home/chris/Racing-pipline/install/particle_filter/share/colcon-core/packages/particle_filter)
[3.570s] DEBUG:colcon.colcon_core.event_handler.log_command:Invoked command in '/home/chris/Racing-pipline/src/particle_filter' returned '0': PYTHONPATH=/home/chris/Racing-pipline/build/particle_filter/prefix_override:/home/chris/Racing-pipline/install/particle_filter/lib/python3.10/site-packages:${PYTHONPATH} /usr/bin/python3 -W ignore:setup.py install is deprecated setup.py egg_info --egg-base ../../build/particle_filter build --build-base /home/chris/Racing-pipline/build/particle_filter/build install --record /home/chris/Racing-pipline/build/particle_filter/install.log --single-version-externally-managed install_data
[3.646s] Level 1:colcon.colcon_core.environment:create_environment_scripts_only(car_interfaces)
[3.646s] Level 1:colcon.colcon_core.environment:checking '/home/chris/Racing-pipline/install/car_interfaces' for CMake module files
[3.647s] Level 1:colcon.colcon_core.environment:checking '/home/chris/Racing-pipline/install/car_interfaces' for CMake config files
[3.648s] Level 1:colcon.colcon_core.shell:create_environment_hook('car_interfaces', 'cmake_prefix_path')
[3.648s] INFO:colcon.colcon_core.shell:Creating environment hook '/home/chris/Racing-pipline/install/car_interfaces/share/car_interfaces/hook/cmake_prefix_path.ps1'
[3.649s] INFO:colcon.colcon_core.shell:Creating environment descriptor '/home/chris/Racing-pipline/install/car_interfaces/share/car_interfaces/hook/cmake_prefix_path.dsv'
[3.649s] INFO:colcon.colcon_core.shell:Creating environment hook '/home/chris/Racing-pipline/install/car_interfaces/share/car_interfaces/hook/cmake_prefix_path.sh'
[3.650s] Level 1:colcon.colcon_core.environment:checking '/home/chris/Racing-pipline/install/car_interfaces/lib'
[3.650s] Level 1:colcon.colcon_core.shell:create_environment_hook('car_interfaces', 'ld_library_path_lib')
[3.650s] INFO:colcon.colcon_core.shell:Creating environment hook '/home/chris/Racing-pipline/install/car_interfaces/share/car_interfaces/hook/ld_library_path_lib.ps1'
[3.652s] INFO:colcon.colcon_core.shell:Creating environment descriptor '/home/chris/Racing-pipline/install/car_interfaces/share/car_interfaces/hook/ld_library_path_lib.dsv'
[3.652s] INFO:colcon.colcon_core.shell:Creating environment hook '/home/chris/Racing-pipline/install/car_interfaces/share/car_interfaces/hook/ld_library_path_lib.sh'
[3.653s] Level 1:colcon.colcon_core.environment:checking '/home/chris/Racing-pipline/install/car_interfaces/bin'
[3.653s] Level 1:colcon.colcon_core.environment:checking '/home/chris/Racing-pipline/install/car_interfaces/lib/pkgconfig/car_interfaces.pc'
[3.654s] Level 1:colcon.colcon_core.environment:checking '/home/chris/Racing-pipline/install/car_interfaces/lib/python3.10/site-packages'
[3.654s] Level 1:colcon.colcon_core.environment:checking '/home/chris/Racing-pipline/install/car_interfaces/bin'
[3.655s] INFO:colcon.colcon_core.shell:Creating package script '/home/chris/Racing-pipline/install/car_interfaces/share/car_interfaces/package.ps1'
[3.656s] INFO:colcon.colcon_core.shell:Creating package descriptor '/home/chris/Racing-pipline/install/car_interfaces/share/car_interfaces/package.dsv'
[3.657s] INFO:colcon.colcon_core.shell:Creating package script '/home/chris/Racing-pipline/install/car_interfaces/share/car_interfaces/package.sh'
[3.657s] INFO:colcon.colcon_core.shell:Creating package script '/home/chris/Racing-pipline/install/car_interfaces/share/car_interfaces/package.bash'
[3.658s] INFO:colcon.colcon_core.shell:Creating package script '/home/chris/Racing-pipline/install/car_interfaces/share/car_interfaces/package.zsh'
[3.658s] Level 1:colcon.colcon_core.environment:create_file_with_runtime_dependencies(/home/chris/Racing-pipline/install/car_interfaces/share/colcon-core/packages/car_interfaces)
[3.660s] Level 1:colcon.colcon_core.environment:checking '/home/chris/Racing-pipline/install/benchmark_test_pkg' for CMake module files
[3.661s] DEBUG:colcon.colcon_core.event_handler.log_command:Invoked command in '/home/chris/Racing-pipline/src/benchmark_test_pkg' returned '0': PYTHONPATH=/home/chris/Racing-pipline/build/benchmark_test_pkg/prefix_override:/home/chris/Racing-pipline/install/benchmark_test_pkg/lib/python3.10/site-packages:${PYTHONPATH} /usr/bin/python3 -W ignore:setup.py install is deprecated setup.py egg_info --egg-base ../../build/benchmark_test_pkg build --build-base /home/chris/Racing-pipline/build/benchmark_test_pkg/build install --record /home/chris/Racing-pipline/build/benchmark_test_pkg/install.log --single-version-externally-managed install_data
[3.662s] Level 1:colcon.colcon_core.environment:checking '/home/chris/Racing-pipline/install/benchmark_test_pkg' for CMake config files
[3.663s] Level 1:colcon.colcon_core.environment:checking '/home/chris/Racing-pipline/install/benchmark_test_pkg/lib'
[3.663s] Level 1:colcon.colcon_core.environment:checking '/home/chris/Racing-pipline/install/benchmark_test_pkg/bin'
[3.663s] Level 1:colcon.colcon_core.environment:checking '/home/chris/Racing-pipline/install/benchmark_test_pkg/lib/pkgconfig/benchmark_test_pkg.pc'
[3.663s] Level 1:colcon.colcon_core.environment:checking '/home/chris/Racing-pipline/install/benchmark_test_pkg/lib/python3.10/site-packages'
[3.664s] Level 1:colcon.colcon_core.shell:create_environment_hook('benchmark_test_pkg', 'pythonpath')
[3.664s] INFO:colcon.colcon_core.shell:Creating environment hook '/home/chris/Racing-pipline/install/benchmark_test_pkg/share/benchmark_test_pkg/hook/pythonpath.ps1'
[3.665s] INFO:colcon.colcon_core.shell:Creating environment descriptor '/home/chris/Racing-pipline/install/benchmark_test_pkg/share/benchmark_test_pkg/hook/pythonpath.dsv'
[3.665s] INFO:colcon.colcon_core.shell:Creating environment hook '/home/chris/Racing-pipline/install/benchmark_test_pkg/share/benchmark_test_pkg/hook/pythonpath.sh'
[3.666s] Level 1:colcon.colcon_core.environment:checking '/home/chris/Racing-pipline/install/benchmark_test_pkg/bin'
[3.666s] Level 1:colcon.colcon_core.environment:create_environment_scripts_only(benchmark_test_pkg)
[3.673s] INFO:colcon.colcon_core.shell:Creating package script '/home/chris/Racing-pipline/install/benchmark_test_pkg/share/benchmark_test_pkg/package.ps1'
[3.674s] INFO:colcon.colcon_core.shell:Creating package descriptor '/home/chris/Racing-pipline/install/benchmark_test_pkg/share/benchmark_test_pkg/package.dsv'
[3.675s] INFO:colcon.colcon_core.shell:Creating package script '/home/chris/Racing-pipline/install/benchmark_test_pkg/share/benchmark_test_pkg/package.sh'
[3.675s] INFO:colcon.colcon_core.shell:Creating package script '/home/chris/Racing-pipline/install/benchmark_test_pkg/share/benchmark_test_pkg/package.bash'
[3.676s] INFO:colcon.colcon_core.shell:Creating package script '/home/chris/Racing-pipline/install/benchmark_test_pkg/share/benchmark_test_pkg/package.zsh'
[3.676s] Level 1:colcon.colcon_core.environment:create_file_with_runtime_dependencies(/home/chris/Racing-pipline/install/benchmark_test_pkg/share/colcon-core/packages/benchmark_test_pkg)
[3.934s] Level 1:colcon.colcon_core.environment:checking '/home/chris/Racing-pipline/install/test_pkg' for CMake module files
[3.934s] Level 1:colcon.colcon_core.environment:checking '/home/chris/Racing-pipline/install/test_pkg' for CMake config files
[3.935s] Level 1:colcon.colcon_core.environment:checking '/home/chris/Racing-pipline/install/test_pkg/lib'
[3.935s] Level 1:colcon.colcon_core.environment:checking '/home/chris/Racing-pipline/install/test_pkg/bin'
[3.935s] Level 1:colcon.colcon_core.environment:checking '/home/chris/Racing-pipline/install/test_pkg/lib/pkgconfig/test_pkg.pc'
[3.935s] Level 1:colcon.colcon_core.environment:checking '/home/chris/Racing-pipline/install/test_pkg/lib/python3.10/site-packages'
[3.936s] Level 1:colcon.colcon_core.shell:create_environment_hook('test_pkg', 'pythonpath')
[3.936s] INFO:colcon.colcon_core.shell:Creating environment hook '/home/chris/Racing-pipline/install/test_pkg/share/test_pkg/hook/pythonpath.ps1'
[3.936s] INFO:colcon.colcon_core.shell:Creating environment descriptor '/home/chris/Racing-pipline/install/test_pkg/share/test_pkg/hook/pythonpath.dsv'
[3.937s] INFO:colcon.colcon_core.shell:Creating environment hook '/home/chris/Racing-pipline/install/test_pkg/share/test_pkg/hook/pythonpath.sh'
[3.937s] Level 1:colcon.colcon_core.environment:checking '/home/chris/Racing-pipline/install/test_pkg/bin'
[3.938s] DEBUG:colcon.colcon_core.event_handler.log_command:Invoked command in '/home/chris/Racing-pipline/src/test_pkg' returned '0': PYTHONPATH=/home/chris/Racing-pipline/build/test_pkg/prefix_override:/home/chris/Racing-pipline/install/test_pkg/lib/python3.10/site-packages:${PYTHONPATH} /usr/bin/python3 -W ignore:setup.py install is deprecated setup.py egg_info --egg-base ../../build/test_pkg build --build-base /home/chris/Racing-pipline/build/test_pkg/build install --record /home/chris/Racing-pipline/build/test_pkg/install.log --single-version-externally-managed install_data
[3.939s] Level 1:colcon.colcon_core.environment:create_environment_scripts_only(test_pkg)
[3.939s] INFO:colcon.colcon_core.shell:Creating package script '/home/chris/Racing-pipline/install/test_pkg/share/test_pkg/package.ps1'
[3.940s] INFO:colcon.colcon_core.shell:Creating package descriptor '/home/chris/Racing-pipline/install/test_pkg/share/test_pkg/package.dsv'
[3.940s] INFO:colcon.colcon_core.shell:Creating package script '/home/chris/Racing-pipline/install/test_pkg/share/test_pkg/package.sh'
[3.941s] INFO:colcon.colcon_core.shell:Creating package script '/home/chris/Racing-pipline/install/test_pkg/share/test_pkg/package.bash'
[3.941s] INFO:colcon.colcon_core.shell:Creating package script '/home/chris/Racing-pipline/install/test_pkg/share/test_pkg/package.zsh'
[3.942s] Level 1:colcon.colcon_core.environment:create_file_with_runtime_dependencies(/home/chris/Racing-pipline/install/test_pkg/share/colcon-core/packages/test_pkg)
[3.946s] DEBUG:colcon.colcon_parallel_executor.executor.parallel:closing loop
[3.947s] DEBUG:colcon.colcon_parallel_executor.executor.parallel:loop closed
[3.947s] DEBUG:colcon.colcon_parallel_executor.executor.parallel:run_until_complete finished with '0'
[3.947s] DEBUG:colcon.colcon_core.event_reactor:joining thread
[3.956s] INFO:colcon.colcon_core.plugin_system:Skipping extension 'colcon_notification.desktop_notification.terminal_notifier': Not used on non-Darwin systems
[3.957s] INFO:colcon.colcon_core.plugin_system:Skipping extension 'colcon_notification.desktop_notification.win32': Not used on non-Windows systems
[3.957s] INFO:colcon.colcon_notification.desktop_notification:Sending desktop notification using 'notify2'
[3.972s] DEBUG:colcon.colcon_core.event_reactor:joined thread
[3.973s] INFO:colcon.colcon_core.shell:Creating prefix script '/home/chris/Racing-pipline/install/local_setup.ps1'
[3.979s] INFO:colcon.colcon_core.shell:Creating prefix util module '/home/chris/Racing-pipline/install/_local_setup_util_ps1.py'
[3.984s] INFO:colcon.colcon_core.shell:Creating prefix chain script '/home/chris/Racing-pipline/install/setup.ps1'
[3.989s] INFO:colcon.colcon_core.shell:Creating prefix script '/home/chris/Racing-pipline/install/local_setup.sh'
[3.990s] INFO:colcon.colcon_core.shell:Creating prefix util module '/home/chris/Racing-pipline/install/_local_setup_util_sh.py'
[3.991s] INFO:colcon.colcon_core.shell:Creating prefix chain script '/home/chris/Racing-pipline/install/setup.sh'
[3.996s] INFO:colcon.colcon_core.shell:Creating prefix script '/home/chris/Racing-pipline/install/local_setup.bash'
[3.997s] INFO:colcon.colcon_core.shell:Creating prefix chain script '/home/chris/Racing-pipline/install/setup.bash'
[3.999s] INFO:colcon.colcon_core.shell:Creating prefix script '/home/chris/Racing-pipline/install/local_setup.zsh'
[4.000s] INFO:colcon.colcon_core.shell:Creating prefix chain script '/home/chris/Racing-pipline/install/setup.zsh'
