[3.376s] Invoking command in '/home/chris/Racing-pipline/src/pf_pkg': PYTHONPATH=/home/chris/Racing-pipline/build/pf_pkg/prefix_override:/home/chris/Racing-pipline/install/pf_pkg/lib/python3.10/site-packages:${PYTHONPATH} /usr/bin/python3 -W ignore:setup.py install is deprecated setup.py egg_info --egg-base ../../build/pf_pkg build --build-base /home/chris/Racing-pipline/build/pf_pkg/build install --record /home/chris/Racing-pipline/build/pf_pkg/install.log --single-version-externally-managed install_data
[4.003s] running egg_info
[4.012s] writing ../../build/pf_pkg/pf_pkg.egg-info/PKG-INFO
[4.014s] writing dependency_links to ../../build/pf_pkg/pf_pkg.egg-info/dependency_links.txt
[4.014s] writing entry points to ../../build/pf_pkg/pf_pkg.egg-info/entry_points.txt
[4.015s] writing requirements to ../../build/pf_pkg/pf_pkg.egg-info/requires.txt
[4.015s] writing top-level names to ../../build/pf_pkg/pf_pkg.egg-info/top_level.txt
[4.017s] reading manifest file '../../build/pf_pkg/pf_pkg.egg-info/SOURCES.txt'
[4.018s] writing manifest file '../../build/pf_pkg/pf_pkg.egg-info/SOURCES.txt'
[4.022s] running build
[4.023s] running build_py
[4.023s] running install
[4.023s] running install_lib
[4.025s] byte-compiling /home/chris/Racing-pipline/install/pf_pkg/lib/python3.10/site-packages/pf_pkg/pf.py to pf.cpython-310.pyc
[4.026s] Sorry: IndentationError: expected an indented block after function definition on line 22 (pf.py, line 29)
[4.026s] running install_data
[4.026s] running install_egg_info
[4.028s] removing '/home/chris/Racing-pipline/install/pf_pkg/lib/python3.10/site-packages/pf_pkg-0.0.0-py3.10.egg-info' (and everything under it)
[4.038s] Copying ../../build/pf_pkg/pf_pkg.egg-info to /home/chris/Racing-pipline/install/pf_pkg/lib/python3.10/site-packages/pf_pkg-0.0.0-py3.10.egg-info
[4.053s] running install_scripts
[4.091s] writing list of installed files to '/home/chris/Racing-pipline/build/pf_pkg/install.log'
[4.131s] Invoked command in '/home/chris/Racing-pipline/src/pf_pkg' returned '0': PYTHONPATH=/home/chris/Racing-pipline/build/pf_pkg/prefix_override:/home/chris/Racing-pipline/install/pf_pkg/lib/python3.10/site-packages:${PYTHONPATH} /usr/bin/python3 -W ignore:setup.py install is deprecated setup.py egg_info --egg-base ../../build/pf_pkg build --build-base /home/chris/Racing-pipline/build/pf_pkg/build install --record /home/chris/Racing-pipline/build/pf_pkg/install.log --single-version-externally-managed install_data
