running egg_info
creating ../../build/localisation/localisation.egg-info
writing ../../build/localisation/localisation.egg-info/PKG-INFO
writing dependency_links to ../../build/localisation/localisation.egg-info/dependency_links.txt
writing entry points to ../../build/localisation/localisation.egg-info/entry_points.txt
writing requirements to ../../build/localisation/localisation.egg-info/requires.txt
writing top-level names to ../../build/localisation/localisation.egg-info/top_level.txt
writing manifest file '../../build/localisation/localisation.egg-info/SOURCES.txt'
reading manifest file '../../build/localisation/localisation.egg-info/SOURCES.txt'
writing manifest file '../../build/localisation/localisation.egg-info/SOURCES.txt'
running build
running build_py
creating /home/chris/Racing-pipline/build/localisation/build
creating /home/chris/Racing-pipline/build/localisation/build/lib
creating /home/chris/Racing-pipline/build/localisation/build/lib/localisation
copying localisation/__init__.py -> /home/chris/Racing-pipline/build/localisation/build/lib/localisation
copying localisation/particle_filter.py -> /home/chris/Racing-pipline/build/localisation/build/lib/localisation
running install
running install_lib
creating /home/chris/Racing-pipline/install/localisation/lib/python3.10/site-packages/localisation
copying /home/chris/Racing-pipline/build/localisation/build/lib/localisation/__init__.py -> /home/chris/Racing-pipline/install/localisation/lib/python3.10/site-packages/localisation
copying /home/chris/Racing-pipline/build/localisation/build/lib/localisation/particle_filter.py -> /home/chris/Racing-pipline/install/localisation/lib/python3.10/site-packages/localisation
byte-compiling /home/chris/Racing-pipline/install/localisation/lib/python3.10/site-packages/localisation/__init__.py to __init__.cpython-310.pyc
byte-compiling /home/chris/Racing-pipline/install/localisation/lib/python3.10/site-packages/localisation/particle_filter.py to particle_filter.cpython-310.pyc
running install_data
creating /home/chris/Racing-pipline/install/localisation/share/ament_index
creating /home/chris/Racing-pipline/install/localisation/share/ament_index/resource_index
creating /home/chris/Racing-pipline/install/localisation/share/ament_index/resource_index/packages
copying resource/localisation -> /home/chris/Racing-pipline/install/localisation/share/ament_index/resource_index/packages
copying package.xml -> /home/chris/Racing-pipline/install/localisation/share/localisation
running install_egg_info
Copying ../../build/localisation/localisation.egg-info to /home/chris/Racing-pipline/install/localisation/lib/python3.10/site-packages/localisation-0.0.0-py3.10.egg-info
running install_scripts
Installing pf script to /home/chris/Racing-pipline/install/localisation/lib/localisation
writing list of installed files to '/home/chris/Racing-pipline/build/localisation/install.log'
