[0.596s] Invoking command in '/home/chris/Racing-pipline/src/localisation': PYTHONPATH=/home/chris/Racing-pipline/build/localisation/prefix_override:/home/chris/Racing-pipline/install/localisation/lib/python3.10/site-packages:${PYTHONPATH} /usr/bin/python3 -W ignore:setup.py install is deprecated setup.py egg_info --egg-base ../../build/localisation build --build-base /home/chris/Racing-pipline/build/localisation/build install --record /home/chris/Racing-pipline/build/localisation/install.log --single-version-externally-managed install_data
[0.750s] running egg_info
[0.751s] creating ../../build/localisation/localisation.egg-info
[0.751s] writing ../../build/localisation/localisation.egg-info/PKG-INFO
[0.751s] writing dependency_links to ../../build/localisation/localisation.egg-info/dependency_links.txt
[0.751s] writing entry points to ../../build/localisation/localisation.egg-info/entry_points.txt
[0.751s] writing requirements to ../../build/localisation/localisation.egg-info/requires.txt
[0.751s] writing top-level names to ../../build/localisation/localisation.egg-info/top_level.txt
[0.751s] writing manifest file '../../build/localisation/localisation.egg-info/SOURCES.txt'
[0.752s] reading manifest file '../../build/localisation/localisation.egg-info/SOURCES.txt'
[0.753s] writing manifest file '../../build/localisation/localisation.egg-info/SOURCES.txt'
[0.753s] running build
[0.753s] running build_py
[0.753s] creating /home/chris/Racing-pipline/build/localisation/build
[0.753s] creating /home/chris/Racing-pipline/build/localisation/build/lib
[0.753s] creating /home/chris/Racing-pipline/build/localisation/build/lib/localisation
[0.753s] copying localisation/__init__.py -> /home/chris/Racing-pipline/build/localisation/build/lib/localisation
[0.753s] copying localisation/particle_filter.py -> /home/chris/Racing-pipline/build/localisation/build/lib/localisation
[0.753s] running install
[0.753s] running install_lib
[0.754s] creating /home/chris/Racing-pipline/install/localisation/lib/python3.10/site-packages/localisation
[0.754s] copying /home/chris/Racing-pipline/build/localisation/build/lib/localisation/__init__.py -> /home/chris/Racing-pipline/install/localisation/lib/python3.10/site-packages/localisation
[0.754s] copying /home/chris/Racing-pipline/build/localisation/build/lib/localisation/particle_filter.py -> /home/chris/Racing-pipline/install/localisation/lib/python3.10/site-packages/localisation
[0.754s] byte-compiling /home/chris/Racing-pipline/install/localisation/lib/python3.10/site-packages/localisation/__init__.py to __init__.cpython-310.pyc
[0.754s] byte-compiling /home/chris/Racing-pipline/install/localisation/lib/python3.10/site-packages/localisation/particle_filter.py to particle_filter.cpython-310.pyc
[0.754s] running install_data
[0.754s] creating /home/chris/Racing-pipline/install/localisation/share/ament_index
[0.755s] creating /home/chris/Racing-pipline/install/localisation/share/ament_index/resource_index
[0.755s] creating /home/chris/Racing-pipline/install/localisation/share/ament_index/resource_index/packages
[0.755s] copying resource/localisation -> /home/chris/Racing-pipline/install/localisation/share/ament_index/resource_index/packages
[0.755s] copying package.xml -> /home/chris/Racing-pipline/install/localisation/share/localisation
[0.755s] running install_egg_info
[0.756s] Copying ../../build/localisation/localisation.egg-info to /home/chris/Racing-pipline/install/localisation/lib/python3.10/site-packages/localisation-0.0.0-py3.10.egg-info
[0.756s] running install_scripts
[0.768s] Installing pf script to /home/chris/Racing-pipline/install/localisation/lib/localisation
[0.768s] writing list of installed files to '/home/chris/Racing-pipline/build/localisation/install.log'
[0.788s] Invoked command in '/home/chris/Racing-pipline/src/localisation' returned '0': PYTHONPATH=/home/chris/Racing-pipline/build/localisation/prefix_override:/home/chris/Racing-pipline/install/localisation/lib/python3.10/site-packages:${PYTHONPATH} /usr/bin/python3 -W ignore:setup.py install is deprecated setup.py egg_info --egg-base ../../build/localisation build --build-base /home/chris/Racing-pipline/build/localisation/build install --record /home/chris/Racing-pipline/build/localisation/install.log --single-version-externally-managed install_data
