[0.969s] Invoking command in '/home/chris/Racing-pipline/src/localisation': PYTHONPATH=/home/chris/Racing-pipline/build/localisation/prefix_override:/home/chris/Racing-pipline/install/localisation/lib/python3.10/site-packages:${PYTHONPATH} /usr/bin/python3 -W ignore:setup.py install is deprecated setup.py egg_info --egg-base ../../build/localisation build --build-base /home/chris/Racing-pipline/build/localisation/build install --record /home/chris/Racing-pipline/build/localisation/install.log --single-version-externally-managed install_data
[1.132s] running egg_info
[1.133s] writing ../../build/localisation/localisation.egg-info/PKG-INFO
[1.133s] writing dependency_links to ../../build/localisation/localisation.egg-info/dependency_links.txt
[1.133s] writing entry points to ../../build/localisation/localisation.egg-info/entry_points.txt
[1.133s] writing requirements to ../../build/localisation/localisation.egg-info/requires.txt
[1.133s] writing top-level names to ../../build/localisation/localisation.egg-info/top_level.txt
[1.135s] reading manifest file '../../build/localisation/localisation.egg-info/SOURCES.txt'
[1.182s] writing manifest file '../../build/localisation/localisation.egg-info/SOURCES.txt'
[1.182s] running build
[1.183s] running build_py
[1.183s] running install
[1.183s] running install_lib
[1.184s] running install_data
[1.184s] running install_egg_info
[1.186s] removing '/home/chris/Racing-pipline/install/localisation/lib/python3.10/site-packages/localisation-0.0.0-py3.10.egg-info' (and everything under it)
[1.187s] Copying ../../build/localisation/localisation.egg-info to /home/chris/Racing-pipline/install/localisation/lib/python3.10/site-packages/localisation-0.0.0-py3.10.egg-info
[1.189s] running install_scripts
[1.205s] Installing pf script to /home/chris/Racing-pipline/install/localisation/lib/localisation
[1.206s] writing list of installed files to '/home/chris/Racing-pipline/build/localisation/install.log'
[1.234s] Invoked command in '/home/chris/Racing-pipline/src/localisation' returned '0': PYTHONPATH=/home/chris/Racing-pipline/build/localisation/prefix_override:/home/chris/Racing-pipline/install/localisation/lib/python3.10/site-packages:${PYTHONPATH} /usr/bin/python3 -W ignore:setup.py install is deprecated setup.py egg_info --egg-base ../../build/localisation build --build-base /home/chris/Racing-pipline/build/localisation/build install --record /home/chris/Racing-pipline/build/localisation/install.log --single-version-externally-managed install_data
