[0.074s] DEBUG:colcon:Command line arguments: ['/usr/bin/colcon', 'list', '-p', '--base-paths', '/home/chris/Racing-pipline']
[0.074s] DEBUG:colcon:Parsed command line arguments: Namespace(log_base=None, log_level=None, verb_name='list', build_base='build', ignore_user_meta=False, metas=['./colcon.meta'], base_paths=['/home/chris/Racing-pipline'], packages_ignore=None, packages_ignore_regex=None, paths=None, packages_up_to=None, packages_up_to_regex=None, packages_above=None, packages_above_and_dependencies=None, packages_above_depth=None, packages_select_by_dep=None, packages_skip_by_dep=None, packages_skip_up_to=None, packages_select_build_failed=False, packages_skip_build_finished=False, packages_select_test_failures=False, packages_skip_test_passed=False, packages_select=None, packages_skip=None, packages_select_regex=None, packages_skip_regex=None, packages_start=None, packages_end=None, allow_overriding=[], topological_order=False, names_only=False, paths_only=True, topological_graph=False, topological_graph_dot=False, topological_graph_density=False, topological_graph_legend=False, topological_graph_dot_cluster=False, topological_graph_dot_include_skipped=False, mixin_files=None, mixin=None, verb_parser=<colcon_mixin.mixin.mixin_argument.MixinArgumentDecorator object at 0x746d40380490>, verb_extension=<colcon_package_information.verb.list.ListVerb object at 0x746d4033f6a0>, main=<bound method ListVerb.main of <colcon_package_information.verb.list.ListVerb object at 0x746d4033f6a0>>, mixin_verb=('list',))
[0.223s] Level 1:colcon.colcon_core.package_discovery:discover_packages(colcon_meta) check parameters
[0.223s] Level 1:colcon.colcon_core.package_discovery:discover_packages(recursive) check parameters
[0.223s] Level 1:colcon.colcon_core.package_discovery:discover_packages(ignore) check parameters
[0.223s] Level 1:colcon.colcon_core.package_discovery:discover_packages(path) check parameters
[0.223s] Level 1:colcon.colcon_core.package_discovery:discover_packages(recursive) discover
[0.224s] INFO:colcon.colcon_core.package_discovery:Crawling recursively for packages in '/home/chris/Racing-pipline'
[0.224s] Level 1:colcon.colcon_core.package_identification:_identify(/home/chris/Racing-pipline) by extensions ['ignore', 'ignore_ament_install']
[0.224s] Level 1:colcon.colcon_core.package_identification:_identify(/home/chris/Racing-pipline) by extension 'ignore'
[0.224s] Level 1:colcon.colcon_core.package_identification:_identify(/home/chris/Racing-pipline) by extension 'ignore_ament_install'
[0.224s] Level 1:colcon.colcon_core.package_identification:_identify(/home/chris/Racing-pipline) by extensions ['colcon_pkg']
[0.224s] Level 1:colcon.colcon_core.package_identification:_identify(/home/chris/Racing-pipline) by extension 'colcon_pkg'
[0.224s] Level 1:colcon.colcon_core.package_identification:_identify(/home/chris/Racing-pipline) by extensions ['colcon_meta']
[0.224s] Level 1:colcon.colcon_core.package_identification:_identify(/home/chris/Racing-pipline) by extension 'colcon_meta'
[0.224s] Level 1:colcon.colcon_core.package_identification:_identify(/home/chris/Racing-pipline) by extensions ['ros']
[0.224s] Level 1:colcon.colcon_core.package_identification:_identify(/home/chris/Racing-pipline) by extension 'ros'
[0.232s] Level 1:colcon.colcon_core.package_identification:_identify(/home/chris/Racing-pipline) by extensions ['cmake', 'python']
[0.232s] Level 1:colcon.colcon_core.package_identification:_identify(/home/chris/Racing-pipline) by extension 'cmake'
[0.232s] Level 1:colcon.colcon_core.package_identification:_identify(/home/chris/Racing-pipline) by extension 'python'
[0.232s] Level 1:colcon.colcon_core.package_identification:_identify(/home/chris/Racing-pipline) by extensions ['python_setup_py']
[0.232s] Level 1:colcon.colcon_core.package_identification:_identify(/home/chris/Racing-pipline) by extension 'python_setup_py'
[0.233s] Level 1:colcon.colcon_core.package_identification:_identify(/home/chris/Racing-pipline/build) by extensions ['ignore', 'ignore_ament_install']
[0.233s] Level 1:colcon.colcon_core.package_identification:_identify(/home/chris/Racing-pipline/build) by extension 'ignore'
[0.233s] Level 1:colcon.colcon_core.package_identification:_identify(/home/chris/Racing-pipline/build) ignored
[0.233s] Level 1:colcon.colcon_core.package_identification:_identify(/home/chris/Racing-pipline/install) by extensions ['ignore', 'ignore_ament_install']
[0.233s] Level 1:colcon.colcon_core.package_identification:_identify(/home/chris/Racing-pipline/install) by extension 'ignore'
[0.233s] Level 1:colcon.colcon_core.package_identification:_identify(/home/chris/Racing-pipline/install) ignored
[0.233s] Level 1:colcon.colcon_core.package_identification:_identify(/home/chris/Racing-pipline/log) by extensions ['ignore', 'ignore_ament_install']
[0.233s] Level 1:colcon.colcon_core.package_identification:_identify(/home/chris/Racing-pipline/log) by extension 'ignore'
[0.233s] Level 1:colcon.colcon_core.package_identification:_identify(/home/chris/Racing-pipline/log) ignored
[0.233s] Level 1:colcon.colcon_core.package_identification:_identify(/home/chris/Racing-pipline/src) by extensions ['ignore', 'ignore_ament_install']
[0.233s] Level 1:colcon.colcon_core.package_identification:_identify(/home/chris/Racing-pipline/src) by extension 'ignore'
[0.233s] Level 1:colcon.colcon_core.package_identification:_identify(/home/chris/Racing-pipline/src) by extension 'ignore_ament_install'
[0.233s] Level 1:colcon.colcon_core.package_identification:_identify(/home/chris/Racing-pipline/src) by extensions ['colcon_pkg']
[0.233s] Level 1:colcon.colcon_core.package_identification:_identify(/home/chris/Racing-pipline/src) by extension 'colcon_pkg'
[0.233s] Level 1:colcon.colcon_core.package_identification:_identify(/home/chris/Racing-pipline/src) by extensions ['colcon_meta']
[0.233s] Level 1:colcon.colcon_core.package_identification:_identify(/home/chris/Racing-pipline/src) by extension 'colcon_meta'
[0.233s] Level 1:colcon.colcon_core.package_identification:_identify(/home/chris/Racing-pipline/src) by extensions ['ros']
[0.233s] Level 1:colcon.colcon_core.package_identification:_identify(/home/chris/Racing-pipline/src) by extension 'ros'
[0.234s] Level 1:colcon.colcon_core.package_identification:_identify(/home/chris/Racing-pipline/src) by extensions ['cmake', 'python']
[0.234s] Level 1:colcon.colcon_core.package_identification:_identify(/home/chris/Racing-pipline/src) by extension 'cmake'
[0.234s] Level 1:colcon.colcon_core.package_identification:_identify(/home/chris/Racing-pipline/src) by extension 'python'
[0.234s] Level 1:colcon.colcon_core.package_identification:_identify(/home/chris/Racing-pipline/src) by extensions ['python_setup_py']
[0.234s] Level 1:colcon.colcon_core.package_identification:_identify(/home/chris/Racing-pipline/src) by extension 'python_setup_py'
[0.234s] Level 1:colcon.colcon_core.package_identification:_identify(/home/chris/Racing-pipline/src/localisation) by extensions ['ignore', 'ignore_ament_install']
[0.234s] Level 1:colcon.colcon_core.package_identification:_identify(/home/chris/Racing-pipline/src/localisation) by extension 'ignore'
[0.234s] Level 1:colcon.colcon_core.package_identification:_identify(/home/chris/Racing-pipline/src/localisation) by extension 'ignore_ament_install'
[0.234s] Level 1:colcon.colcon_core.package_identification:_identify(/home/chris/Racing-pipline/src/localisation) by extensions ['colcon_pkg']
[0.234s] Level 1:colcon.colcon_core.package_identification:_identify(/home/chris/Racing-pipline/src/localisation) by extension 'colcon_pkg'
[0.234s] Level 1:colcon.colcon_core.package_identification:_identify(/home/chris/Racing-pipline/src/localisation) by extensions ['colcon_meta']
[0.234s] Level 1:colcon.colcon_core.package_identification:_identify(/home/chris/Racing-pipline/src/localisation) by extension 'colcon_meta'
[0.234s] Level 1:colcon.colcon_core.package_identification:_identify(/home/chris/Racing-pipline/src/localisation) by extensions ['ros']
[0.234s] Level 1:colcon.colcon_core.package_identification:_identify(/home/chris/Racing-pipline/src/localisation) by extension 'ros'
[0.236s] DEBUG:colcon.colcon_core.package_identification:Package '/home/chris/Racing-pipline/src/localisation' with type 'ros.ament_python' and name 'localisation'
[0.236s] Level 1:colcon.colcon_core.package_identification:_identify(/home/chris/Racing-pipline/src/particle_filter) by extensions ['ignore', 'ignore_ament_install']
[0.236s] Level 1:colcon.colcon_core.package_identification:_identify(/home/chris/Racing-pipline/src/particle_filter) by extension 'ignore'
[0.236s] Level 1:colcon.colcon_core.package_identification:_identify(/home/chris/Racing-pipline/src/particle_filter) by extension 'ignore_ament_install'
[0.236s] Level 1:colcon.colcon_core.package_identification:_identify(/home/chris/Racing-pipline/src/particle_filter) by extensions ['colcon_pkg']
[0.236s] Level 1:colcon.colcon_core.package_identification:_identify(/home/chris/Racing-pipline/src/particle_filter) by extension 'colcon_pkg'
[0.236s] Level 1:colcon.colcon_core.package_identification:_identify(/home/chris/Racing-pipline/src/particle_filter) by extensions ['colcon_meta']
[0.236s] Level 1:colcon.colcon_core.package_identification:_identify(/home/chris/Racing-pipline/src/particle_filter) by extension 'colcon_meta'
[0.236s] Level 1:colcon.colcon_core.package_identification:_identify(/home/chris/Racing-pipline/src/particle_filter) by extensions ['ros']
[0.236s] Level 1:colcon.colcon_core.package_identification:_identify(/home/chris/Racing-pipline/src/particle_filter) by extension 'ros'
[0.237s] DEBUG:colcon.colcon_core.package_identification:Package '/home/chris/Racing-pipline/src/particle_filter' with type 'ros.ament_python' and name 'particle_filter'
[0.237s] Level 1:colcon.colcon_core.package_identification:_identify(/home/chris/Racing-pipline/src/pf_pkg) by extensions ['ignore', 'ignore_ament_install']
[0.237s] Level 1:colcon.colcon_core.package_identification:_identify(/home/chris/Racing-pipline/src/pf_pkg) by extension 'ignore'
[0.237s] Level 1:colcon.colcon_core.package_identification:_identify(/home/chris/Racing-pipline/src/pf_pkg) by extension 'ignore_ament_install'
[0.237s] Level 1:colcon.colcon_core.package_identification:_identify(/home/chris/Racing-pipline/src/pf_pkg) by extensions ['colcon_pkg']
[0.237s] Level 1:colcon.colcon_core.package_identification:_identify(/home/chris/Racing-pipline/src/pf_pkg) by extension 'colcon_pkg'
[0.237s] Level 1:colcon.colcon_core.package_identification:_identify(/home/chris/Racing-pipline/src/pf_pkg) by extensions ['colcon_meta']
[0.238s] Level 1:colcon.colcon_core.package_identification:_identify(/home/chris/Racing-pipline/src/pf_pkg) by extension 'colcon_meta'
[0.238s] Level 1:colcon.colcon_core.package_identification:_identify(/home/chris/Racing-pipline/src/pf_pkg) by extensions ['ros']
[0.238s] Level 1:colcon.colcon_core.package_identification:_identify(/home/chris/Racing-pipline/src/pf_pkg) by extension 'ros'
[0.238s] DEBUG:colcon.colcon_core.package_identification:Package '/home/chris/Racing-pipline/src/pf_pkg' with type 'ros.ament_python' and name 'pf_pkg'
[0.238s] Level 1:colcon.colcon_core.package_discovery:discover_packages(recursive) using defaults
