[3.373s] Invoking command in '/home/chris/Racing-pipline/src/localisation': PYTHONPATH=/home/chris/Racing-pipline/build/localisation/prefix_override:/home/chris/Racing-pipline/install/localisation/lib/python3.10/site-packages:${PYTHONPATH} /usr/bin/python3 -W ignore:setup.py install is deprecated setup.py egg_info --egg-base ../../build/localisation build --build-base /home/chris/Racing-pipline/build/localisation/build install --record /home/chris/Racing-pipline/build/localisation/install.log --single-version-externally-managed install_data
[3.987s] running egg_info
[3.988s] writing ../../build/localisation/localisation.egg-info/PKG-INFO
[3.988s] writing dependency_links to ../../build/localisation/localisation.egg-info/dependency_links.txt
[3.989s] writing entry points to ../../build/localisation/localisation.egg-info/entry_points.txt
[3.989s] writing requirements to ../../build/localisation/localisation.egg-info/requires.txt
[3.989s] writing top-level names to ../../build/localisation/localisation.egg-info/top_level.txt
[3.991s] reading manifest file '../../build/localisation/localisation.egg-info/SOURCES.txt'
[3.992s] writing manifest file '../../build/localisation/localisation.egg-info/SOURCES.txt'
[3.992s] running build
[3.992s] running build_py
[3.993s] running install
[3.993s] running install_lib
[3.995s] running install_data
[3.995s] running install_egg_info
[3.999s] removing '/home/chris/Racing-pipline/install/localisation/lib/python3.10/site-packages/localisation-0.0.0-py3.10.egg-info' (and everything under it)
[4.010s] Copying ../../build/localisation/localisation.egg-info to /home/chris/Racing-pipline/install/localisation/lib/python3.10/site-packages/localisation-0.0.0-py3.10.egg-info
[4.027s] running install_scripts
[4.059s] Installing pf script to /home/chris/Racing-pipline/install/localisation/lib/localisation
[4.060s] writing list of installed files to '/home/chris/Racing-pipline/build/localisation/install.log'
[4.095s] Invoked command in '/home/chris/Racing-pipline/src/localisation' returned '0': PYTHONPATH=/home/chris/Racing-pipline/build/localisation/prefix_override:/home/chris/Racing-pipline/install/localisation/lib/python3.10/site-packages:${PYTHONPATH} /usr/bin/python3 -W ignore:setup.py install is deprecated setup.py egg_info --egg-base ../../build/localisation build --build-base /home/chris/Racing-pipline/build/localisation/build install --record /home/chris/Racing-pipline/build/localisation/install.log --single-version-externally-managed install_data
