[0.813s] Invoking command in '/home/chris/Racing-pipline/src/pf_pkg': PYTHONPATH=/home/chris/Racing-pipline/build/pf_pkg/prefix_override:/home/chris/Racing-pipline/install/pf_pkg/lib/python3.10/site-packages:${PYTHONPATH} /usr/bin/python3 -W ignore:setup.py install is deprecated setup.py egg_info --egg-base ../../build/pf_pkg build --build-base /home/chris/Racing-pipline/build/pf_pkg/build install --record /home/chris/Racing-pipline/build/pf_pkg/install.log --single-version-externally-managed install_data
[0.975s] running egg_info
[0.975s] writing ../../build/pf_pkg/pf_pkg.egg-info/PKG-INFO
[0.977s] writing dependency_links to ../../build/pf_pkg/pf_pkg.egg-info/dependency_links.txt
[0.977s] writing entry points to ../../build/pf_pkg/pf_pkg.egg-info/entry_points.txt
[0.977s] writing requirements to ../../build/pf_pkg/pf_pkg.egg-info/requires.txt
[0.977s] writing top-level names to ../../build/pf_pkg/pf_pkg.egg-info/top_level.txt
[0.978s] reading manifest file '../../build/pf_pkg/pf_pkg.egg-info/SOURCES.txt'
[0.978s] writing manifest file '../../build/pf_pkg/pf_pkg.egg-info/SOURCES.txt'
[0.979s] running build
[0.979s] running build_py
[0.979s] running install
[0.979s] running install_lib
[0.980s] byte-compiling /home/chris/Racing-pipline/install/pf_pkg/lib/python3.10/site-packages/pf_pkg/pf.py to pf.cpython-310.pyc
[0.980s] Sorry: IndentationError: expected an indented block after function definition on line 22 (pf.py, line 29)
[0.980s] running install_data
[0.980s] running install_egg_info
[0.981s] removing '/home/chris/Racing-pipline/install/pf_pkg/lib/python3.10/site-packages/pf_pkg-0.0.0-py3.10.egg-info' (and everything under it)
[0.981s] Copying ../../build/pf_pkg/pf_pkg.egg-info to /home/chris/Racing-pipline/install/pf_pkg/lib/python3.10/site-packages/pf_pkg-0.0.0-py3.10.egg-info
[0.982s] running install_scripts
[0.995s] writing list of installed files to '/home/chris/Racing-pipline/build/pf_pkg/install.log'
[1.031s] Invoked command in '/home/chris/Racing-pipline/src/pf_pkg' returned '0': PYTHONPATH=/home/chris/Racing-pipline/build/pf_pkg/prefix_override:/home/chris/Racing-pipline/install/pf_pkg/lib/python3.10/site-packages:${PYTHONPATH} /usr/bin/python3 -W ignore:setup.py install is deprecated setup.py egg_info --egg-base ../../build/pf_pkg build --build-base /home/chris/Racing-pipline/build/pf_pkg/build install --record /home/chris/Racing-pipline/build/pf_pkg/install.log --single-version-externally-managed install_data
