[0.503s] Invoking command in '/home/chris/Racing-pipline/build/car_interfaces': CMAKE_PREFIX_PATH=${CMAKE_PREFIX_PATH}:/home/chris/sim_ws/install/f1tenth_gym_ros:/home/chris/Racing-pipline/install/test_pkg:/home/chris/Racing-pipline/install/particle_filter:/home/chris/Racing-pipline/install/benchmark_test_pkg:/home/chris/Ros2PP/install/my_waypoint_follower:/home/chris/udemy_ws/install/my_py_pkg:/opt/ros/humble /usr/bin/cmake --build /home/chris/Racing-pipline/build/car_interfaces -- -j16 -l16
[0.959s] [  2%] Built target car_interfaces__cpp
[0.959s] [  2%] Built target ament_cmake_python_copy_car_interfaces
[0.959s] [ 12%] Built target car_interfaces__rosidl_typesupport_cpp
[1.335s] running egg_info
[1.336s] writing car_interfaces.egg-info/PKG-INFO
[1.337s] writing dependency_links to car_interfaces.egg-info/dependency_links.txt
[1.337s] writing top-level names to car_interfaces.egg-info/top_level.txt
[1.341s] reading manifest file 'car_interfaces.egg-info/SOURCES.txt'
[1.343s] writing manifest file 'car_interfaces.egg-info/SOURCES.txt'
[1.376s] [ 12%] Built target ament_cmake_python_build_car_interfaces_egg
[1.479s] [ 23%] Built target car_interfaces__rosidl_typesupport_introspection_cpp
[1.567s] [ 33%] Built target car_interfaces__rosidl_typesupport_fastrtps_cpp
[1.639s] [ 43%] Built target car_interfaces__rosidl_generator_c
[1.732s] [ 53%] Built target car_interfaces__rosidl_typesupport_fastrtps_c
[1.793s] [ 64%] Built target car_interfaces__rosidl_typesupport_c
[1.875s] [ 74%] Built target car_interfaces__rosidl_typesupport_introspection_c
[1.963s] [ 74%] Built target car_interfaces
[2.050s] [ 76%] Built target car_interfaces__py
[2.157s] [ 84%] Built target car_interfaces__rosidl_generator_py
[2.256s] [ 89%] Built target car_interfaces__rosidl_typesupport_fastrtps_c__pyext
[2.358s] [ 94%] Built target car_interfaces__rosidl_typesupport_c__pyext
[2.457s] [100%] Built target car_interfaces__rosidl_typesupport_introspection_c__pyext
[2.499s] Invoked command in '/home/chris/Racing-pipline/build/car_interfaces' returned '0': CMAKE_PREFIX_PATH=${CMAKE_PREFIX_PATH}:/home/chris/sim_ws/install/f1tenth_gym_ros:/home/chris/Racing-pipline/install/test_pkg:/home/chris/Racing-pipline/install/particle_filter:/home/chris/Racing-pipline/install/benchmark_test_pkg:/home/chris/Ros2PP/install/my_waypoint_follower:/home/chris/udemy_ws/install/my_py_pkg:/opt/ros/humble /usr/bin/cmake --build /home/chris/Racing-pipline/build/car_interfaces -- -j16 -l16
[2.885s] Invoking command in '/home/chris/Racing-pipline/build/car_interfaces': CMAKE_PREFIX_PATH=${CMAKE_PREFIX_PATH}:/home/chris/sim_ws/install/f1tenth_gym_ros:/home/chris/Racing-pipline/install/test_pkg:/home/chris/Racing-pipline/install/particle_filter:/home/chris/Racing-pipline/install/benchmark_test_pkg:/home/chris/Ros2PP/install/my_waypoint_follower:/home/chris/udemy_ws/install/my_py_pkg:/opt/ros/humble /usr/bin/cmake --install /home/chris/Racing-pipline/build/car_interfaces
[2.905s] -- Install configuration: ""
[2.907s] -- Up-to-date: /home/chris/Racing-pipline/install/car_interfaces/share/ament_index/resource_index/rosidl_interfaces/car_interfaces
[2.907s] -- Up-to-date: /home/chris/Racing-pipline/install/car_interfaces/include/car_interfaces/car_interfaces
[2.907s] -- Up-to-date: /home/chris/Racing-pipline/install/car_interfaces/include/car_interfaces/car_interfaces/srv
[2.907s] -- Up-to-date: /home/chris/Racing-pipline/install/car_interfaces/include/car_interfaces/car_interfaces/srv/detail
[2.907s] -- Up-to-date: /home/chris/Racing-pipline/install/car_interfaces/include/car_interfaces/car_interfaces/srv/detail/car_control__functions.c
[2.907s] -- Up-to-date: /home/chris/Racing-pipline/install/car_interfaces/include/car_interfaces/car_interfaces/srv/detail/car_control__struct.h
[2.908s] -- Up-to-date: /home/chris/Racing-pipline/install/car_interfaces/include/car_interfaces/car_interfaces/srv/detail/car_control__functions.h
[2.908s] -- Up-to-date: /home/chris/Racing-pipline/install/car_interfaces/include/car_interfaces/car_interfaces/srv/detail/car_control__type_support.h
[2.908s] -- Up-to-date: /home/chris/Racing-pipline/install/car_interfaces/include/car_interfaces/car_interfaces/srv/car_control.h
[2.908s] -- Up-to-date: /home/chris/Racing-pipline/install/car_interfaces/include/car_interfaces/car_interfaces/msg
[2.908s] -- Up-to-date: /home/chris/Racing-pipline/install/car_interfaces/include/car_interfaces/car_interfaces/msg/start_position.h
[2.908s] -- Up-to-date: /home/chris/Racing-pipline/install/car_interfaces/include/car_interfaces/car_interfaces/msg/detail
[2.908s] -- Up-to-date: /home/chris/Racing-pipline/install/car_interfaces/include/car_interfaces/car_interfaces/msg/detail/start_position__type_support.h
[2.908s] -- Up-to-date: /home/chris/Racing-pipline/install/car_interfaces/include/car_interfaces/car_interfaces/msg/detail/start_position__functions.c
[2.908s] -- Up-to-date: /home/chris/Racing-pipline/install/car_interfaces/include/car_interfaces/car_interfaces/msg/detail/start_position__struct.h
[2.908s] -- Up-to-date: /home/chris/Racing-pipline/install/car_interfaces/include/car_interfaces/car_interfaces/msg/detail/start_position__functions.h
[2.909s] -- Up-to-date: /home/chris/Racing-pipline/install/car_interfaces/include/car_interfaces/car_interfaces/msg/rosidl_generator_c__visibility_control.h
[2.909s] -- Up-to-date: /home/chris/Racing-pipline/install/car_interfaces/share/car_interfaces/environment/library_path.sh
[2.909s] -- Up-to-date: /home/chris/Racing-pipline/install/car_interfaces/share/car_interfaces/environment/library_path.dsv
[2.909s] -- Up-to-date: /home/chris/Racing-pipline/install/car_interfaces/lib/libcar_interfaces__rosidl_generator_c.so
[2.909s] -- Up-to-date: /home/chris/Racing-pipline/install/car_interfaces/include/car_interfaces/car_interfaces
[2.909s] -- Up-to-date: /home/chris/Racing-pipline/install/car_interfaces/include/car_interfaces/car_interfaces/srv
[2.909s] -- Up-to-date: /home/chris/Racing-pipline/install/car_interfaces/include/car_interfaces/car_interfaces/srv/detail
[2.910s] -- Up-to-date: /home/chris/Racing-pipline/install/car_interfaces/include/car_interfaces/car_interfaces/srv/detail/car_control__rosidl_typesupport_fastrtps_c.h
[2.910s] -- Up-to-date: /home/chris/Racing-pipline/install/car_interfaces/include/car_interfaces/car_interfaces/msg
[2.910s] -- Up-to-date: /home/chris/Racing-pipline/install/car_interfaces/include/car_interfaces/car_interfaces/msg/rosidl_typesupport_fastrtps_c__visibility_control.h
[2.910s] -- Up-to-date: /home/chris/Racing-pipline/install/car_interfaces/include/car_interfaces/car_interfaces/msg/detail
[2.910s] -- Up-to-date: /home/chris/Racing-pipline/install/car_interfaces/include/car_interfaces/car_interfaces/msg/detail/start_position__rosidl_typesupport_fastrtps_c.h
[2.910s] -- Up-to-date: /home/chris/Racing-pipline/install/car_interfaces/lib/libcar_interfaces__rosidl_typesupport_fastrtps_c.so
[2.911s] -- Up-to-date: /home/chris/Racing-pipline/install/car_interfaces/include/car_interfaces/car_interfaces
[2.911s] -- Up-to-date: /home/chris/Racing-pipline/install/car_interfaces/include/car_interfaces/car_interfaces/srv
[2.911s] -- Up-to-date: /home/chris/Racing-pipline/install/car_interfaces/include/car_interfaces/car_interfaces/srv/detail
[2.911s] -- Up-to-date: /home/chris/Racing-pipline/install/car_interfaces/include/car_interfaces/car_interfaces/srv/detail/car_control__type_support.c
[2.911s] -- Up-to-date: /home/chris/Racing-pipline/install/car_interfaces/include/car_interfaces/car_interfaces/srv/detail/car_control__rosidl_typesupport_introspection_c.h
[2.911s] -- Up-to-date: /home/chris/Racing-pipline/install/car_interfaces/include/car_interfaces/car_interfaces/msg
[2.911s] -- Up-to-date: /home/chris/Racing-pipline/install/car_interfaces/include/car_interfaces/car_interfaces/msg/rosidl_typesupport_introspection_c__visibility_control.h
[2.911s] -- Up-to-date: /home/chris/Racing-pipline/install/car_interfaces/include/car_interfaces/car_interfaces/msg/detail
[2.911s] -- Up-to-date: /home/chris/Racing-pipline/install/car_interfaces/include/car_interfaces/car_interfaces/msg/detail/start_position__type_support.c
[2.912s] -- Up-to-date: /home/chris/Racing-pipline/install/car_interfaces/include/car_interfaces/car_interfaces/msg/detail/start_position__rosidl_typesupport_introspection_c.h
[2.912s] -- Up-to-date: /home/chris/Racing-pipline/install/car_interfaces/lib/libcar_interfaces__rosidl_typesupport_introspection_c.so
[2.912s] -- Up-to-date: /home/chris/Racing-pipline/install/car_interfaces/lib/libcar_interfaces__rosidl_typesupport_c.so
[2.913s] -- Up-to-date: /home/chris/Racing-pipline/install/car_interfaces/include/car_interfaces/car_interfaces
[2.913s] -- Up-to-date: /home/chris/Racing-pipline/install/car_interfaces/include/car_interfaces/car_interfaces/srv
[2.913s] -- Up-to-date: /home/chris/Racing-pipline/install/car_interfaces/include/car_interfaces/car_interfaces/srv/detail
[2.913s] -- Up-to-date: /home/chris/Racing-pipline/install/car_interfaces/include/car_interfaces/car_interfaces/srv/detail/car_control__struct.hpp
[2.913s] -- Up-to-date: /home/chris/Racing-pipline/install/car_interfaces/include/car_interfaces/car_interfaces/srv/detail/car_control__builder.hpp
[2.913s] -- Up-to-date: /home/chris/Racing-pipline/install/car_interfaces/include/car_interfaces/car_interfaces/srv/detail/car_control__traits.hpp
[2.913s] -- Up-to-date: /home/chris/Racing-pipline/install/car_interfaces/include/car_interfaces/car_interfaces/srv/car_control.hpp
[2.913s] -- Up-to-date: /home/chris/Racing-pipline/install/car_interfaces/include/car_interfaces/car_interfaces/msg
[2.913s] -- Up-to-date: /home/chris/Racing-pipline/install/car_interfaces/include/car_interfaces/car_interfaces/msg/detail
[2.914s] -- Up-to-date: /home/chris/Racing-pipline/install/car_interfaces/include/car_interfaces/car_interfaces/msg/detail/start_position__struct.hpp
[2.914s] -- Up-to-date: /home/chris/Racing-pipline/install/car_interfaces/include/car_interfaces/car_interfaces/msg/detail/start_position__builder.hpp
[2.914s] -- Up-to-date: /home/chris/Racing-pipline/install/car_interfaces/include/car_interfaces/car_interfaces/msg/detail/start_position__traits.hpp
[2.914s] -- Up-to-date: /home/chris/Racing-pipline/install/car_interfaces/include/car_interfaces/car_interfaces/msg/start_position.hpp
[2.914s] -- Up-to-date: /home/chris/Racing-pipline/install/car_interfaces/include/car_interfaces/car_interfaces
[2.914s] -- Up-to-date: /home/chris/Racing-pipline/install/car_interfaces/include/car_interfaces/car_interfaces/srv
[2.914s] -- Up-to-date: /home/chris/Racing-pipline/install/car_interfaces/include/car_interfaces/car_interfaces/srv/detail
[2.914s] -- Up-to-date: /home/chris/Racing-pipline/install/car_interfaces/include/car_interfaces/car_interfaces/srv/detail/dds_fastrtps
[2.914s] -- Up-to-date: /home/chris/Racing-pipline/install/car_interfaces/include/car_interfaces/car_interfaces/srv/detail/car_control__rosidl_typesupport_fastrtps_cpp.hpp
[2.915s] -- Up-to-date: /home/chris/Racing-pipline/install/car_interfaces/include/car_interfaces/car_interfaces/msg
[2.915s] -- Up-to-date: /home/chris/Racing-pipline/install/car_interfaces/include/car_interfaces/car_interfaces/msg/rosidl_typesupport_fastrtps_cpp__visibility_control.h
[2.915s] -- Up-to-date: /home/chris/Racing-pipline/install/car_interfaces/include/car_interfaces/car_interfaces/msg/detail
[2.915s] -- Up-to-date: /home/chris/Racing-pipline/install/car_interfaces/include/car_interfaces/car_interfaces/msg/detail/dds_fastrtps
[2.915s] -- Up-to-date: /home/chris/Racing-pipline/install/car_interfaces/include/car_interfaces/car_interfaces/msg/detail/start_position__rosidl_typesupport_fastrtps_cpp.hpp
[2.915s] -- Up-to-date: /home/chris/Racing-pipline/install/car_interfaces/lib/libcar_interfaces__rosidl_typesupport_fastrtps_cpp.so
[2.915s] -- Up-to-date: /home/chris/Racing-pipline/install/car_interfaces/include/car_interfaces/car_interfaces
[2.915s] -- Up-to-date: /home/chris/Racing-pipline/install/car_interfaces/include/car_interfaces/car_interfaces/srv
[2.916s] -- Up-to-date: /home/chris/Racing-pipline/install/car_interfaces/include/car_interfaces/car_interfaces/srv/detail
[2.916s] -- Up-to-date: /home/chris/Racing-pipline/install/car_interfaces/include/car_interfaces/car_interfaces/srv/detail/car_control__rosidl_typesupport_introspection_cpp.hpp
[2.916s] -- Up-to-date: /home/chris/Racing-pipline/install/car_interfaces/include/car_interfaces/car_interfaces/srv/detail/car_control__type_support.cpp
[2.916s] -- Up-to-date: /home/chris/Racing-pipline/install/car_interfaces/include/car_interfaces/car_interfaces/msg
[2.916s] -- Up-to-date: /home/chris/Racing-pipline/install/car_interfaces/include/car_interfaces/car_interfaces/msg/detail
[2.916s] -- Up-to-date: /home/chris/Racing-pipline/install/car_interfaces/include/car_interfaces/car_interfaces/msg/detail/start_position__rosidl_typesupport_introspection_cpp.hpp
[2.916s] -- Up-to-date: /home/chris/Racing-pipline/install/car_interfaces/include/car_interfaces/car_interfaces/msg/detail/start_position__type_support.cpp
[2.916s] -- Up-to-date: /home/chris/Racing-pipline/install/car_interfaces/lib/libcar_interfaces__rosidl_typesupport_introspection_cpp.so
[2.917s] -- Up-to-date: /home/chris/Racing-pipline/install/car_interfaces/lib/libcar_interfaces__rosidl_typesupport_cpp.so
[2.917s] -- Up-to-date: /home/chris/Racing-pipline/install/car_interfaces/share/car_interfaces/environment/pythonpath.sh
[2.917s] -- Up-to-date: /home/chris/Racing-pipline/install/car_interfaces/share/car_interfaces/environment/pythonpath.dsv
[2.917s] -- Up-to-date: /home/chris/Racing-pipline/install/car_interfaces/local/lib/python3.10/dist-packages/car_interfaces-0.0.0-py3.10.egg-info
[2.917s] -- Installing: /home/chris/Racing-pipline/install/car_interfaces/local/lib/python3.10/dist-packages/car_interfaces-0.0.0-py3.10.egg-info/top_level.txt
[2.918s] -- Installing: /home/chris/Racing-pipline/install/car_interfaces/local/lib/python3.10/dist-packages/car_interfaces-0.0.0-py3.10.egg-info/dependency_links.txt
[2.918s] -- Installing: /home/chris/Racing-pipline/install/car_interfaces/local/lib/python3.10/dist-packages/car_interfaces-0.0.0-py3.10.egg-info/PKG-INFO
[2.918s] -- Installing: /home/chris/Racing-pipline/install/car_interfaces/local/lib/python3.10/dist-packages/car_interfaces-0.0.0-py3.10.egg-info/SOURCES.txt
[2.919s] -- Up-to-date: /home/chris/Racing-pipline/install/car_interfaces/local/lib/python3.10/dist-packages/car_interfaces
[2.919s] -- Up-to-date: /home/chris/Racing-pipline/install/car_interfaces/local/lib/python3.10/dist-packages/car_interfaces/__init__.py
[2.919s] -- Up-to-date: /home/chris/Racing-pipline/install/car_interfaces/local/lib/python3.10/dist-packages/car_interfaces/srv
[2.919s] -- Up-to-date: /home/chris/Racing-pipline/install/car_interfaces/local/lib/python3.10/dist-packages/car_interfaces/srv/__init__.py
[2.920s] -- Up-to-date: /home/chris/Racing-pipline/install/car_interfaces/local/lib/python3.10/dist-packages/car_interfaces/srv/_car_control_s.c
[2.920s] -- Up-to-date: /home/chris/Racing-pipline/install/car_interfaces/local/lib/python3.10/dist-packages/car_interfaces/srv/_car_control.py
[2.920s] -- Up-to-date: /home/chris/Racing-pipline/install/car_interfaces/local/lib/python3.10/dist-packages/car_interfaces/car_interfaces_s__rosidl_typesupport_fastrtps_c.cpython-310-x86_64-linux-gnu.so
[2.920s] -- Up-to-date: /home/chris/Racing-pipline/install/car_interfaces/local/lib/python3.10/dist-packages/car_interfaces/_car_interfaces_s.ep.rosidl_typesupport_fastrtps_c.c
[2.920s] -- Up-to-date: /home/chris/Racing-pipline/install/car_interfaces/local/lib/python3.10/dist-packages/car_interfaces/car_interfaces_s__rosidl_typesupport_c.cpython-310-x86_64-linux-gnu.so
[2.920s] -- Up-to-date: /home/chris/Racing-pipline/install/car_interfaces/local/lib/python3.10/dist-packages/car_interfaces/car_interfaces_s__rosidl_typesupport_introspection_c.cpython-310-x86_64-linux-gnu.so
[2.920s] -- Up-to-date: /home/chris/Racing-pipline/install/car_interfaces/local/lib/python3.10/dist-packages/car_interfaces/_car_interfaces_s.ep.rosidl_typesupport_introspection_c.c
[2.920s] -- Up-to-date: /home/chris/Racing-pipline/install/car_interfaces/local/lib/python3.10/dist-packages/car_interfaces/libcar_interfaces__rosidl_generator_py.so
[2.920s] -- Up-to-date: /home/chris/Racing-pipline/install/car_interfaces/local/lib/python3.10/dist-packages/car_interfaces/_car_interfaces_s.ep.rosidl_typesupport_c.c
[2.920s] -- Up-to-date: /home/chris/Racing-pipline/install/car_interfaces/local/lib/python3.10/dist-packages/car_interfaces/msg
[2.921s] -- Up-to-date: /home/chris/Racing-pipline/install/car_interfaces/local/lib/python3.10/dist-packages/car_interfaces/msg/__init__.py
[2.921s] -- Up-to-date: /home/chris/Racing-pipline/install/car_interfaces/local/lib/python3.10/dist-packages/car_interfaces/msg/_start_position_s.c
[2.921s] -- Up-to-date: /home/chris/Racing-pipline/install/car_interfaces/local/lib/python3.10/dist-packages/car_interfaces/msg/_start_position.py
[3.000s] Listing '/home/chris/Racing-pipline/install/car_interfaces/local/lib/python3.10/dist-packages/car_interfaces'...
[3.000s] Listing '/home/chris/Racing-pipline/install/car_interfaces/local/lib/python3.10/dist-packages/car_interfaces/msg'...
[3.000s] Listing '/home/chris/Racing-pipline/install/car_interfaces/local/lib/python3.10/dist-packages/car_interfaces/srv'...
[3.006s] -- Up-to-date: /home/chris/Racing-pipline/install/car_interfaces/local/lib/python3.10/dist-packages/car_interfaces/car_interfaces_s__rosidl_typesupport_fastrtps_c.cpython-310-x86_64-linux-gnu.so
[3.006s] -- Up-to-date: /home/chris/Racing-pipline/install/car_interfaces/local/lib/python3.10/dist-packages/car_interfaces/car_interfaces_s__rosidl_typesupport_introspection_c.cpython-310-x86_64-linux-gnu.so
[3.006s] -- Up-to-date: /home/chris/Racing-pipline/install/car_interfaces/local/lib/python3.10/dist-packages/car_interfaces/car_interfaces_s__rosidl_typesupport_c.cpython-310-x86_64-linux-gnu.so
[3.007s] -- Up-to-date: /home/chris/Racing-pipline/install/car_interfaces/lib/libcar_interfaces__rosidl_generator_py.so
[3.007s] -- Up-to-date: /home/chris/Racing-pipline/install/car_interfaces/share/car_interfaces/msg/StartPosition.idl
[3.007s] -- Up-to-date: /home/chris/Racing-pipline/install/car_interfaces/share/car_interfaces/srv/CarControl.idl
[3.008s] -- Up-to-date: /home/chris/Racing-pipline/install/car_interfaces/share/car_interfaces/msg/StartPosition.msg
[3.008s] -- Up-to-date: /home/chris/Racing-pipline/install/car_interfaces/share/car_interfaces/srv/CarControl.srv
[3.008s] -- Up-to-date: /home/chris/Racing-pipline/install/car_interfaces/share/car_interfaces/srv/CarControl_Request.msg
[3.008s] -- Up-to-date: /home/chris/Racing-pipline/install/car_interfaces/share/car_interfaces/srv/CarControl_Response.msg
[3.008s] -- Up-to-date: /home/chris/Racing-pipline/install/car_interfaces/share/ament_index/resource_index/package_run_dependencies/car_interfaces
[3.009s] -- Up-to-date: /home/chris/Racing-pipline/install/car_interfaces/share/ament_index/resource_index/parent_prefix_path/car_interfaces
[3.009s] -- Up-to-date: /home/chris/Racing-pipline/install/car_interfaces/share/car_interfaces/environment/ament_prefix_path.sh
[3.009s] -- Up-to-date: /home/chris/Racing-pipline/install/car_interfaces/share/car_interfaces/environment/ament_prefix_path.dsv
[3.009s] -- Up-to-date: /home/chris/Racing-pipline/install/car_interfaces/share/car_interfaces/environment/path.sh
[3.010s] -- Up-to-date: /home/chris/Racing-pipline/install/car_interfaces/share/car_interfaces/environment/path.dsv
[3.010s] -- Up-to-date: /home/chris/Racing-pipline/install/car_interfaces/share/car_interfaces/local_setup.bash
[3.010s] -- Up-to-date: /home/chris/Racing-pipline/install/car_interfaces/share/car_interfaces/local_setup.sh
[3.010s] -- Up-to-date: /home/chris/Racing-pipline/install/car_interfaces/share/car_interfaces/local_setup.zsh
[3.010s] -- Up-to-date: /home/chris/Racing-pipline/install/car_interfaces/share/car_interfaces/local_setup.dsv
[3.011s] -- Installing: /home/chris/Racing-pipline/install/car_interfaces/share/car_interfaces/package.dsv
[3.011s] -- Up-to-date: /home/chris/Racing-pipline/install/car_interfaces/share/ament_index/resource_index/packages/car_interfaces
[3.011s] -- Up-to-date: /home/chris/Racing-pipline/install/car_interfaces/share/car_interfaces/cmake/export_car_interfaces__rosidl_generator_cExport.cmake
[3.012s] -- Up-to-date: /home/chris/Racing-pipline/install/car_interfaces/share/car_interfaces/cmake/export_car_interfaces__rosidl_generator_cExport-noconfig.cmake
[3.012s] -- Up-to-date: /home/chris/Racing-pipline/install/car_interfaces/share/car_interfaces/cmake/export_car_interfaces__rosidl_typesupport_fastrtps_cExport.cmake
[3.012s] -- Up-to-date: /home/chris/Racing-pipline/install/car_interfaces/share/car_interfaces/cmake/export_car_interfaces__rosidl_typesupport_fastrtps_cExport-noconfig.cmake
[3.012s] -- Up-to-date: /home/chris/Racing-pipline/install/car_interfaces/share/car_interfaces/cmake/car_interfaces__rosidl_typesupport_introspection_cExport.cmake
[3.013s] -- Up-to-date: /home/chris/Racing-pipline/install/car_interfaces/share/car_interfaces/cmake/car_interfaces__rosidl_typesupport_introspection_cExport-noconfig.cmake
[3.013s] -- Up-to-date: /home/chris/Racing-pipline/install/car_interfaces/share/car_interfaces/cmake/car_interfaces__rosidl_typesupport_cExport.cmake
[3.013s] -- Up-to-date: /home/chris/Racing-pipline/install/car_interfaces/share/car_interfaces/cmake/car_interfaces__rosidl_typesupport_cExport-noconfig.cmake
[3.013s] -- Up-to-date: /home/chris/Racing-pipline/install/car_interfaces/share/car_interfaces/cmake/export_car_interfaces__rosidl_generator_cppExport.cmake
[3.014s] -- Up-to-date: /home/chris/Racing-pipline/install/car_interfaces/share/car_interfaces/cmake/export_car_interfaces__rosidl_typesupport_fastrtps_cppExport.cmake
[3.014s] -- Up-to-date: /home/chris/Racing-pipline/install/car_interfaces/share/car_interfaces/cmake/export_car_interfaces__rosidl_typesupport_fastrtps_cppExport-noconfig.cmake
[3.014s] -- Up-to-date: /home/chris/Racing-pipline/install/car_interfaces/share/car_interfaces/cmake/car_interfaces__rosidl_typesupport_introspection_cppExport.cmake
[3.014s] -- Up-to-date: /home/chris/Racing-pipline/install/car_interfaces/share/car_interfaces/cmake/car_interfaces__rosidl_typesupport_introspection_cppExport-noconfig.cmake
[3.015s] -- Up-to-date: /home/chris/Racing-pipline/install/car_interfaces/share/car_interfaces/cmake/car_interfaces__rosidl_typesupport_cppExport.cmake
[3.015s] -- Up-to-date: /home/chris/Racing-pipline/install/car_interfaces/share/car_interfaces/cmake/car_interfaces__rosidl_typesupport_cppExport-noconfig.cmake
[3.015s] -- Up-to-date: /home/chris/Racing-pipline/install/car_interfaces/share/car_interfaces/cmake/export_car_interfaces__rosidl_generator_pyExport.cmake
[3.015s] -- Up-to-date: /home/chris/Racing-pipline/install/car_interfaces/share/car_interfaces/cmake/export_car_interfaces__rosidl_generator_pyExport-noconfig.cmake
[3.016s] -- Up-to-date: /home/chris/Racing-pipline/install/car_interfaces/share/car_interfaces/cmake/rosidl_cmake-extras.cmake
[3.016s] -- Up-to-date: /home/chris/Racing-pipline/install/car_interfaces/share/car_interfaces/cmake/ament_cmake_export_include_directories-extras.cmake
[3.016s] -- Up-to-date: /home/chris/Racing-pipline/install/car_interfaces/share/car_interfaces/cmake/ament_cmake_export_libraries-extras.cmake
[3.016s] -- Up-to-date: /home/chris/Racing-pipline/install/car_interfaces/share/car_interfaces/cmake/ament_cmake_export_targets-extras.cmake
[3.017s] -- Up-to-date: /home/chris/Racing-pipline/install/car_interfaces/share/car_interfaces/cmake/rosidl_cmake_export_typesupport_targets-extras.cmake
[3.017s] -- Up-to-date: /home/chris/Racing-pipline/install/car_interfaces/share/car_interfaces/cmake/ament_cmake_export_dependencies-extras.cmake
[3.017s] -- Up-to-date: /home/chris/Racing-pipline/install/car_interfaces/share/car_interfaces/cmake/rosidl_cmake_export_typesupport_libraries-extras.cmake
[3.017s] -- Up-to-date: /home/chris/Racing-pipline/install/car_interfaces/share/car_interfaces/cmake/car_interfacesConfig.cmake
[3.017s] -- Up-to-date: /home/chris/Racing-pipline/install/car_interfaces/share/car_interfaces/cmake/car_interfacesConfig-version.cmake
[3.018s] -- Up-to-date: /home/chris/Racing-pipline/install/car_interfaces/share/car_interfaces/package.xml
[3.032s] Invoked command in '/home/chris/Racing-pipline/build/car_interfaces' returned '0': CMAKE_PREFIX_PATH=${CMAKE_PREFIX_PATH}:/home/chris/sim_ws/install/f1tenth_gym_ros:/home/chris/Racing-pipline/install/test_pkg:/home/chris/Racing-pipline/install/particle_filter:/home/chris/Racing-pipline/install/benchmark_test_pkg:/home/chris/Ros2PP/install/my_waypoint_follower:/home/chris/udemy_ws/install/my_py_pkg:/opt/ros/humble /usr/bin/cmake --install /home/chris/Racing-pipline/build/car_interfaces
