running egg_info
creating ../../build/pf_pkg/pf_pkg.egg-info
writing ../../build/pf_pkg/pf_pkg.egg-info/PKG-INFO
writing dependency_links to ../../build/pf_pkg/pf_pkg.egg-info/dependency_links.txt
writing entry points to ../../build/pf_pkg/pf_pkg.egg-info/entry_points.txt
writing requirements to ../../build/pf_pkg/pf_pkg.egg-info/requires.txt
writing top-level names to ../../build/pf_pkg/pf_pkg.egg-info/top_level.txt
writing manifest file '../../build/pf_pkg/pf_pkg.egg-info/SOURCES.txt'
reading manifest file '../../build/pf_pkg/pf_pkg.egg-info/SOURCES.txt'
writing manifest file '../../build/pf_pkg/pf_pkg.egg-info/SOURCES.txt'
running build
running build_py
creating /home/chris/Racing-pipline/build/pf_pkg/build
creating /home/chris/Racing-pipline/build/pf_pkg/build/lib
creating /home/chris/Racing-pipline/build/pf_pkg/build/lib/pf_pkg
copying pf_pkg/__init__.py -> /home/chris/Racing-pipline/build/pf_pkg/build/lib/pf_pkg
running install
running install_lib
creating /home/chris/Racing-pipline/install/pf_pkg/lib/python3.10/site-packages/pf_pkg
copying /home/chris/Racing-pipline/build/pf_pkg/build/lib/pf_pkg/__init__.py -> /home/chris/Racing-pipline/install/pf_pkg/lib/python3.10/site-packages/pf_pkg
byte-compiling /home/chris/Racing-pipline/install/pf_pkg/lib/python3.10/site-packages/pf_pkg/__init__.py to __init__.cpython-310.pyc
running install_data
creating /home/chris/Racing-pipline/install/pf_pkg/share/ament_index
creating /home/chris/Racing-pipline/install/pf_pkg/share/ament_index/resource_index
creating /home/chris/Racing-pipline/install/pf_pkg/share/ament_index/resource_index/packages
copying resource/pf_pkg -> /home/chris/Racing-pipline/install/pf_pkg/share/ament_index/resource_index/packages
copying package.xml -> /home/chris/Racing-pipline/install/pf_pkg/share/pf_pkg
running install_egg_info
Copying ../../build/pf_pkg/pf_pkg.egg-info to /home/chris/Racing-pipline/install/pf_pkg/lib/python3.10/site-packages/pf_pkg-0.0.0-py3.10.egg-info
running install_scripts
writing list of installed files to '/home/chris/Racing-pipline/build/pf_pkg/install.log'
