[0.644s] Invoking command in '/home/chris/Racing-pipline/src/localisation': PYTHONPATH=/home/chris/Racing-pipline/build/localisation/prefix_override:/home/chris/Racing-pipline/install/localisation/lib/python3.10/site-packages:${PYTHONPATH} /usr/bin/python3 -W ignore:setup.py install is deprecated setup.py egg_info --egg-base ../../build/localisation build --build-base /home/chris/Racing-pipline/build/localisation/build install --record /home/chris/Racing-pipline/build/localisation/install.log --single-version-externally-managed install_data
[0.806s] running egg_info
[0.807s] writing ../../build/localisation/localisation.egg-info/PKG-INFO
[0.807s] writing dependency_links to ../../build/localisation/localisation.egg-info/dependency_links.txt
[0.807s] writing entry points to ../../build/localisation/localisation.egg-info/entry_points.txt
[0.807s] writing requirements to ../../build/localisation/localisation.egg-info/requires.txt
[0.807s] writing top-level names to ../../build/localisation/localisation.egg-info/top_level.txt
[0.808s] reading manifest file '../../build/localisation/localisation.egg-info/SOURCES.txt'
[0.808s] writing manifest file '../../build/localisation/localisation.egg-info/SOURCES.txt'
[0.809s] running build
[0.809s] running build_py
[0.809s] running install
[0.809s] running install_lib
[0.810s] running install_data
[0.810s] running install_egg_info
[0.811s] removing '/home/chris/Racing-pipline/install/localisation/lib/python3.10/site-packages/localisation-0.0.0-py3.10.egg-info' (and everything under it)
[0.811s] Copying ../../build/localisation/localisation.egg-info to /home/chris/Racing-pipline/install/localisation/lib/python3.10/site-packages/localisation-0.0.0-py3.10.egg-info
[0.811s] running install_scripts
[0.824s] Installing pf script to /home/chris/Racing-pipline/install/localisation/lib/localisation
[0.824s] writing list of installed files to '/home/chris/Racing-pipline/build/localisation/install.log'
[0.845s] Invoked command in '/home/chris/Racing-pipline/src/localisation' returned '0': PYTHONPATH=/home/chris/Racing-pipline/build/localisation/prefix_override:/home/chris/Racing-pipline/install/localisation/lib/python3.10/site-packages:${PYTHONPATH} /usr/bin/python3 -W ignore:setup.py install is deprecated setup.py egg_info --egg-base ../../build/localisation build --build-base /home/chris/Racing-pipline/build/localisation/build install --record /home/chris/Racing-pipline/build/localisation/install.log --single-version-externally-managed install_data
