[0.514s] Invoking command in '/home/chris/Racing-pipline/build/car_interfaces': CMAKE_PREFIX_PATH=${CMAKE_PREFIX_PATH}:/home/chris/sim_ws/install/f1tenth_gym_ros:/home/chris/Racing-pipline/install/test_pkg:/home/chris/Racing-pipline/install/particle_filter:/home/chris/Racing-pipline/install/benchmark_test_pkg:/home/chris/Ros2PP/install/my_waypoint_follower:/home/chris/udemy_ws/install/my_py_pkg:/opt/ros/humble /usr/bin/cmake --build /home/chris/Racing-pipline/build/car_interfaces -- -j16 -l16
[1.023s] [  2%] Built target car_interfaces__cpp
[1.024s] [  2%] Built target ament_cmake_python_copy_car_interfaces
[1.024s] [ 12%] Built target car_interfaces__rosidl_typesupport_cpp
[1.722s] running egg_info
[1.723s] writing car_interfaces.egg-info/PKG-INFO
[1.723s] writing dependency_links to car_interfaces.egg-info/dependency_links.txt
[1.725s] writing top-level names to car_interfaces.egg-info/top_level.txt
[1.732s] reading manifest file 'car_interfaces.egg-info/SOURCES.txt'
[1.734s] writing manifest file 'car_interfaces.egg-info/SOURCES.txt'
[1.789s] [ 12%] Built target ament_cmake_python_build_car_interfaces_egg
[1.857s] [ 23%] Built target car_interfaces__rosidl_typesupport_introspection_cpp
[1.955s] [ 33%] Built target car_interfaces__rosidl_typesupport_fastrtps_cpp
[2.052s] [ 43%] Built target car_interfaces__rosidl_generator_c
[2.139s] [ 53%] Built target car_interfaces__rosidl_typesupport_fastrtps_c
[2.210s] [ 64%] Built target car_interfaces__rosidl_typesupport_c
[2.296s] [ 74%] Built target car_interfaces__rosidl_typesupport_introspection_c
[2.390s] [ 74%] Built target car_interfaces
[2.474s] [ 76%] Built target car_interfaces__py
[2.570s] [ 84%] Built target car_interfaces__rosidl_generator_py
[2.656s] [ 89%] Built target car_interfaces__rosidl_typesupport_fastrtps_c__pyext
[2.733s] [ 94%] Built target car_interfaces__rosidl_typesupport_c__pyext
[2.793s] [100%] Built target car_interfaces__rosidl_typesupport_introspection_c__pyext
[2.828s] Invoked command in '/home/chris/Racing-pipline/build/car_interfaces' returned '0': CMAKE_PREFIX_PATH=${CMAKE_PREFIX_PATH}:/home/chris/sim_ws/install/f1tenth_gym_ros:/home/chris/Racing-pipline/install/test_pkg:/home/chris/Racing-pipline/install/particle_filter:/home/chris/Racing-pipline/install/benchmark_test_pkg:/home/chris/Ros2PP/install/my_waypoint_follower:/home/chris/udemy_ws/install/my_py_pkg:/opt/ros/humble /usr/bin/cmake --build /home/chris/Racing-pipline/build/car_interfaces -- -j16 -l16
[3.117s] Invoking command in '/home/chris/Racing-pipline/build/car_interfaces': CMAKE_PREFIX_PATH=${CMAKE_PREFIX_PATH}:/home/chris/sim_ws/install/f1tenth_gym_ros:/home/chris/Racing-pipline/install/test_pkg:/home/chris/Racing-pipline/install/particle_filter:/home/chris/Racing-pipline/install/benchmark_test_pkg:/home/chris/Ros2PP/install/my_waypoint_follower:/home/chris/udemy_ws/install/my_py_pkg:/opt/ros/humble /usr/bin/cmake --install /home/chris/Racing-pipline/build/car_interfaces
[3.129s] -- Install configuration: ""
[3.129s] -- Up-to-date: /home/chris/Racing-pipline/install/car_interfaces/share/ament_index/resource_index/rosidl_interfaces/car_interfaces
[3.129s] -- Up-to-date: /home/chris/Racing-pipline/install/car_interfaces/include/car_interfaces/car_interfaces
[3.129s] -- Up-to-date: /home/chris/Racing-pipline/install/car_interfaces/include/car_interfaces/car_interfaces/srv
[3.129s] -- Up-to-date: /home/chris/Racing-pipline/install/car_interfaces/include/car_interfaces/car_interfaces/srv/detail
[3.129s] -- Up-to-date: /home/chris/Racing-pipline/install/car_interfaces/include/car_interfaces/car_interfaces/srv/detail/car_control__functions.c
[3.129s] -- Up-to-date: /home/chris/Racing-pipline/install/car_interfaces/include/car_interfaces/car_interfaces/srv/detail/car_control__struct.h
[3.130s] -- Up-to-date: /home/chris/Racing-pipline/install/car_interfaces/include/car_interfaces/car_interfaces/srv/detail/car_control__functions.h
[3.130s] -- Up-to-date: /home/chris/Racing-pipline/install/car_interfaces/include/car_interfaces/car_interfaces/srv/detail/car_control__type_support.h
[3.130s] -- Up-to-date: /home/chris/Racing-pipline/install/car_interfaces/include/car_interfaces/car_interfaces/srv/car_control.h
[3.130s] -- Up-to-date: /home/chris/Racing-pipline/install/car_interfaces/include/car_interfaces/car_interfaces/msg
[3.130s] -- Up-to-date: /home/chris/Racing-pipline/install/car_interfaces/include/car_interfaces/car_interfaces/msg/start_position.h
[3.130s] -- Up-to-date: /home/chris/Racing-pipline/install/car_interfaces/include/car_interfaces/car_interfaces/msg/detail
[3.131s] -- Up-to-date: /home/chris/Racing-pipline/install/car_interfaces/include/car_interfaces/car_interfaces/msg/detail/start_position__type_support.h
[3.131s] -- Up-to-date: /home/chris/Racing-pipline/install/car_interfaces/include/car_interfaces/car_interfaces/msg/detail/start_position__functions.c
[3.131s] -- Up-to-date: /home/chris/Racing-pipline/install/car_interfaces/include/car_interfaces/car_interfaces/msg/detail/start_position__struct.h
[3.131s] -- Up-to-date: /home/chris/Racing-pipline/install/car_interfaces/include/car_interfaces/car_interfaces/msg/detail/start_position__functions.h
[3.131s] -- Up-to-date: /home/chris/Racing-pipline/install/car_interfaces/include/car_interfaces/car_interfaces/msg/rosidl_generator_c__visibility_control.h
[3.131s] -- Up-to-date: /home/chris/Racing-pipline/install/car_interfaces/share/car_interfaces/environment/library_path.sh
[3.132s] -- Up-to-date: /home/chris/Racing-pipline/install/car_interfaces/share/car_interfaces/environment/library_path.dsv
[3.132s] -- Up-to-date: /home/chris/Racing-pipline/install/car_interfaces/lib/libcar_interfaces__rosidl_generator_c.so
[3.133s] -- Up-to-date: /home/chris/Racing-pipline/install/car_interfaces/include/car_interfaces/car_interfaces
[3.133s] -- Up-to-date: /home/chris/Racing-pipline/install/car_interfaces/include/car_interfaces/car_interfaces/srv
[3.133s] -- Up-to-date: /home/chris/Racing-pipline/install/car_interfaces/include/car_interfaces/car_interfaces/srv/detail
[3.133s] -- Up-to-date: /home/chris/Racing-pipline/install/car_interfaces/include/car_interfaces/car_interfaces/srv/detail/car_control__rosidl_typesupport_fastrtps_c.h
[3.133s] -- Up-to-date: /home/chris/Racing-pipline/install/car_interfaces/include/car_interfaces/car_interfaces/msg
[3.133s] -- Up-to-date: /home/chris/Racing-pipline/install/car_interfaces/include/car_interfaces/car_interfaces/msg/rosidl_typesupport_fastrtps_c__visibility_control.h
[3.134s] -- Up-to-date: /home/chris/Racing-pipline/install/car_interfaces/include/car_interfaces/car_interfaces/msg/detail
[3.134s] -- Up-to-date: /home/chris/Racing-pipline/install/car_interfaces/include/car_interfaces/car_interfaces/msg/detail/start_position__rosidl_typesupport_fastrtps_c.h
[3.134s] -- Up-to-date: /home/chris/Racing-pipline/install/car_interfaces/lib/libcar_interfaces__rosidl_typesupport_fastrtps_c.so
[3.135s] -- Up-to-date: /home/chris/Racing-pipline/install/car_interfaces/include/car_interfaces/car_interfaces
[3.135s] -- Up-to-date: /home/chris/Racing-pipline/install/car_interfaces/include/car_interfaces/car_interfaces/srv
[3.135s] -- Up-to-date: /home/chris/Racing-pipline/install/car_interfaces/include/car_interfaces/car_interfaces/srv/detail
[3.135s] -- Up-to-date: /home/chris/Racing-pipline/install/car_interfaces/include/car_interfaces/car_interfaces/srv/detail/car_control__type_support.c
[3.135s] -- Up-to-date: /home/chris/Racing-pipline/install/car_interfaces/include/car_interfaces/car_interfaces/srv/detail/car_control__rosidl_typesupport_introspection_c.h
[3.135s] -- Up-to-date: /home/chris/Racing-pipline/install/car_interfaces/include/car_interfaces/car_interfaces/msg
[3.136s] -- Up-to-date: /home/chris/Racing-pipline/install/car_interfaces/include/car_interfaces/car_interfaces/msg/rosidl_typesupport_introspection_c__visibility_control.h
[3.136s] -- Up-to-date: /home/chris/Racing-pipline/install/car_interfaces/include/car_interfaces/car_interfaces/msg/detail
[3.136s] -- Up-to-date: /home/chris/Racing-pipline/install/car_interfaces/include/car_interfaces/car_interfaces/msg/detail/start_position__type_support.c
[3.136s] -- Up-to-date: /home/chris/Racing-pipline/install/car_interfaces/include/car_interfaces/car_interfaces/msg/detail/start_position__rosidl_typesupport_introspection_c.h
[3.137s] -- Up-to-date: /home/chris/Racing-pipline/install/car_interfaces/lib/libcar_interfaces__rosidl_typesupport_introspection_c.so
[3.137s] -- Up-to-date: /home/chris/Racing-pipline/install/car_interfaces/lib/libcar_interfaces__rosidl_typesupport_c.so
[3.137s] -- Up-to-date: /home/chris/Racing-pipline/install/car_interfaces/include/car_interfaces/car_interfaces
[3.138s] -- Up-to-date: /home/chris/Racing-pipline/install/car_interfaces/include/car_interfaces/car_interfaces/srv
[3.138s] -- Up-to-date: /home/chris/Racing-pipline/install/car_interfaces/include/car_interfaces/car_interfaces/srv/detail
[3.138s] -- Up-to-date: /home/chris/Racing-pipline/install/car_interfaces/include/car_interfaces/car_interfaces/srv/detail/car_control__struct.hpp
[3.138s] -- Up-to-date: /home/chris/Racing-pipline/install/car_interfaces/include/car_interfaces/car_interfaces/srv/detail/car_control__builder.hpp
[3.138s] -- Up-to-date: /home/chris/Racing-pipline/install/car_interfaces/include/car_interfaces/car_interfaces/srv/detail/car_control__traits.hpp
[3.138s] -- Up-to-date: /home/chris/Racing-pipline/install/car_interfaces/include/car_interfaces/car_interfaces/srv/car_control.hpp
[3.139s] -- Up-to-date: /home/chris/Racing-pipline/install/car_interfaces/include/car_interfaces/car_interfaces/msg
[3.139s] -- Up-to-date: /home/chris/Racing-pipline/install/car_interfaces/include/car_interfaces/car_interfaces/msg/detail
[3.139s] -- Up-to-date: /home/chris/Racing-pipline/install/car_interfaces/include/car_interfaces/car_interfaces/msg/detail/start_position__struct.hpp
[3.139s] -- Up-to-date: /home/chris/Racing-pipline/install/car_interfaces/include/car_interfaces/car_interfaces/msg/detail/start_position__builder.hpp
[3.139s] -- Up-to-date: /home/chris/Racing-pipline/install/car_interfaces/include/car_interfaces/car_interfaces/msg/detail/start_position__traits.hpp
[3.140s] -- Up-to-date: /home/chris/Racing-pipline/install/car_interfaces/include/car_interfaces/car_interfaces/msg/start_position.hpp
[3.140s] -- Up-to-date: /home/chris/Racing-pipline/install/car_interfaces/include/car_interfaces/car_interfaces
[3.140s] -- Up-to-date: /home/chris/Racing-pipline/install/car_interfaces/include/car_interfaces/car_interfaces/srv
[3.140s] -- Up-to-date: /home/chris/Racing-pipline/install/car_interfaces/include/car_interfaces/car_interfaces/srv/detail
[3.141s] -- Up-to-date: /home/chris/Racing-pipline/install/car_interfaces/include/car_interfaces/car_interfaces/srv/detail/dds_fastrtps
[3.141s] -- Up-to-date: /home/chris/Racing-pipline/install/car_interfaces/include/car_interfaces/car_interfaces/srv/detail/car_control__rosidl_typesupport_fastrtps_cpp.hpp
[3.141s] -- Up-to-date: /home/chris/Racing-pipline/install/car_interfaces/include/car_interfaces/car_interfaces/msg
[3.141s] -- Up-to-date: /home/chris/Racing-pipline/install/car_interfaces/include/car_interfaces/car_interfaces/msg/rosidl_typesupport_fastrtps_cpp__visibility_control.h
[3.141s] -- Up-to-date: /home/chris/Racing-pipline/install/car_interfaces/include/car_interfaces/car_interfaces/msg/detail
[3.142s] -- Up-to-date: /home/chris/Racing-pipline/install/car_interfaces/include/car_interfaces/car_interfaces/msg/detail/dds_fastrtps
[3.142s] -- Up-to-date: /home/chris/Racing-pipline/install/car_interfaces/include/car_interfaces/car_interfaces/msg/detail/start_position__rosidl_typesupport_fastrtps_cpp.hpp
[3.142s] -- Up-to-date: /home/chris/Racing-pipline/install/car_interfaces/lib/libcar_interfaces__rosidl_typesupport_fastrtps_cpp.so
[3.143s] -- Up-to-date: /home/chris/Racing-pipline/install/car_interfaces/include/car_interfaces/car_interfaces
[3.143s] -- Up-to-date: /home/chris/Racing-pipline/install/car_interfaces/include/car_interfaces/car_interfaces/srv
[3.143s] -- Up-to-date: /home/chris/Racing-pipline/install/car_interfaces/include/car_interfaces/car_interfaces/srv/detail
[3.143s] -- Up-to-date: /home/chris/Racing-pipline/install/car_interfaces/include/car_interfaces/car_interfaces/srv/detail/car_control__rosidl_typesupport_introspection_cpp.hpp
[3.144s] -- Up-to-date: /home/chris/Racing-pipline/install/car_interfaces/include/car_interfaces/car_interfaces/srv/detail/car_control__type_support.cpp
[3.144s] -- Up-to-date: /home/chris/Racing-pipline/install/car_interfaces/include/car_interfaces/car_interfaces/msg
[3.144s] -- Up-to-date: /home/chris/Racing-pipline/install/car_interfaces/include/car_interfaces/car_interfaces/msg/detail
[3.144s] -- Up-to-date: /home/chris/Racing-pipline/install/car_interfaces/include/car_interfaces/car_interfaces/msg/detail/start_position__rosidl_typesupport_introspection_cpp.hpp
[3.144s] -- Up-to-date: /home/chris/Racing-pipline/install/car_interfaces/include/car_interfaces/car_interfaces/msg/detail/start_position__type_support.cpp
[3.145s] -- Up-to-date: /home/chris/Racing-pipline/install/car_interfaces/lib/libcar_interfaces__rosidl_typesupport_introspection_cpp.so
[3.145s] -- Up-to-date: /home/chris/Racing-pipline/install/car_interfaces/lib/libcar_interfaces__rosidl_typesupport_cpp.so
[3.146s] -- Up-to-date: /home/chris/Racing-pipline/install/car_interfaces/share/car_interfaces/environment/pythonpath.sh
[3.146s] -- Up-to-date: /home/chris/Racing-pipline/install/car_interfaces/share/car_interfaces/environment/pythonpath.dsv
[3.146s] -- Up-to-date: /home/chris/Racing-pipline/install/car_interfaces/local/lib/python3.10/dist-packages/car_interfaces-0.0.0-py3.10.egg-info
[3.146s] -- Installing: /home/chris/Racing-pipline/install/car_interfaces/local/lib/python3.10/dist-packages/car_interfaces-0.0.0-py3.10.egg-info/top_level.txt
[3.147s] -- Installing: /home/chris/Racing-pipline/install/car_interfaces/local/lib/python3.10/dist-packages/car_interfaces-0.0.0-py3.10.egg-info/dependency_links.txt
[3.147s] -- Installing: /home/chris/Racing-pipline/install/car_interfaces/local/lib/python3.10/dist-packages/car_interfaces-0.0.0-py3.10.egg-info/PKG-INFO
[3.147s] -- Installing: /home/chris/Racing-pipline/install/car_interfaces/local/lib/python3.10/dist-packages/car_interfaces-0.0.0-py3.10.egg-info/SOURCES.txt
[3.147s] -- Up-to-date: /home/chris/Racing-pipline/install/car_interfaces/local/lib/python3.10/dist-packages/car_interfaces
[3.148s] -- Up-to-date: /home/chris/Racing-pipline/install/car_interfaces/local/lib/python3.10/dist-packages/car_interfaces/__init__.py
[3.148s] -- Up-to-date: /home/chris/Racing-pipline/install/car_interfaces/local/lib/python3.10/dist-packages/car_interfaces/srv
[3.148s] -- Up-to-date: /home/chris/Racing-pipline/install/car_interfaces/local/lib/python3.10/dist-packages/car_interfaces/srv/__init__.py
[3.148s] -- Up-to-date: /home/chris/Racing-pipline/install/car_interfaces/local/lib/python3.10/dist-packages/car_interfaces/srv/_car_control_s.c
[3.148s] -- Up-to-date: /home/chris/Racing-pipline/install/car_interfaces/local/lib/python3.10/dist-packages/car_interfaces/srv/_car_control.py
[3.149s] -- Up-to-date: /home/chris/Racing-pipline/install/car_interfaces/local/lib/python3.10/dist-packages/car_interfaces/car_interfaces_s__rosidl_typesupport_fastrtps_c.cpython-310-x86_64-linux-gnu.so
[3.149s] -- Up-to-date: /home/chris/Racing-pipline/install/car_interfaces/local/lib/python3.10/dist-packages/car_interfaces/_car_interfaces_s.ep.rosidl_typesupport_fastrtps_c.c
[3.149s] -- Up-to-date: /home/chris/Racing-pipline/install/car_interfaces/local/lib/python3.10/dist-packages/car_interfaces/car_interfaces_s__rosidl_typesupport_c.cpython-310-x86_64-linux-gnu.so
[3.149s] -- Up-to-date: /home/chris/Racing-pipline/install/car_interfaces/local/lib/python3.10/dist-packages/car_interfaces/car_interfaces_s__rosidl_typesupport_introspection_c.cpython-310-x86_64-linux-gnu.so
[3.149s] -- Up-to-date: /home/chris/Racing-pipline/install/car_interfaces/local/lib/python3.10/dist-packages/car_interfaces/_car_interfaces_s.ep.rosidl_typesupport_introspection_c.c
[3.149s] -- Up-to-date: /home/chris/Racing-pipline/install/car_interfaces/local/lib/python3.10/dist-packages/car_interfaces/libcar_interfaces__rosidl_generator_py.so
[3.150s] -- Up-to-date: /home/chris/Racing-pipline/install/car_interfaces/local/lib/python3.10/dist-packages/car_interfaces/_car_interfaces_s.ep.rosidl_typesupport_c.c
[3.150s] -- Up-to-date: /home/chris/Racing-pipline/install/car_interfaces/local/lib/python3.10/dist-packages/car_interfaces/msg
[3.150s] -- Up-to-date: /home/chris/Racing-pipline/install/car_interfaces/local/lib/python3.10/dist-packages/car_interfaces/msg/__init__.py
[3.150s] -- Up-to-date: /home/chris/Racing-pipline/install/car_interfaces/local/lib/python3.10/dist-packages/car_interfaces/msg/_start_position_s.c
[3.151s] -- Up-to-date: /home/chris/Racing-pipline/install/car_interfaces/local/lib/python3.10/dist-packages/car_interfaces/msg/_start_position.py
[3.233s] Listing '/home/chris/Racing-pipline/install/car_interfaces/local/lib/python3.10/dist-packages/car_interfaces'...
[3.233s] Listing '/home/chris/Racing-pipline/install/car_interfaces/local/lib/python3.10/dist-packages/car_interfaces/msg'...
[3.233s] Listing '/home/chris/Racing-pipline/install/car_interfaces/local/lib/python3.10/dist-packages/car_interfaces/srv'...
[3.240s] -- Up-to-date: /home/chris/Racing-pipline/install/car_interfaces/local/lib/python3.10/dist-packages/car_interfaces/car_interfaces_s__rosidl_typesupport_fastrtps_c.cpython-310-x86_64-linux-gnu.so
[3.241s] -- Up-to-date: /home/chris/Racing-pipline/install/car_interfaces/local/lib/python3.10/dist-packages/car_interfaces/car_interfaces_s__rosidl_typesupport_introspection_c.cpython-310-x86_64-linux-gnu.so
[3.242s] -- Up-to-date: /home/chris/Racing-pipline/install/car_interfaces/local/lib/python3.10/dist-packages/car_interfaces/car_interfaces_s__rosidl_typesupport_c.cpython-310-x86_64-linux-gnu.so
[3.243s] -- Up-to-date: /home/chris/Racing-pipline/install/car_interfaces/lib/libcar_interfaces__rosidl_generator_py.so
[3.244s] -- Up-to-date: /home/chris/Racing-pipline/install/car_interfaces/share/car_interfaces/msg/StartPosition.idl
[3.244s] -- Up-to-date: /home/chris/Racing-pipline/install/car_interfaces/share/car_interfaces/srv/CarControl.idl
[3.244s] -- Up-to-date: /home/chris/Racing-pipline/install/car_interfaces/share/car_interfaces/msg/StartPosition.msg
[3.244s] -- Up-to-date: /home/chris/Racing-pipline/install/car_interfaces/share/car_interfaces/srv/CarControl.srv
[3.244s] -- Up-to-date: /home/chris/Racing-pipline/install/car_interfaces/share/car_interfaces/srv/CarControl_Request.msg
[3.244s] -- Up-to-date: /home/chris/Racing-pipline/install/car_interfaces/share/car_interfaces/srv/CarControl_Response.msg
[3.245s] -- Up-to-date: /home/chris/Racing-pipline/install/car_interfaces/share/ament_index/resource_index/package_run_dependencies/car_interfaces
[3.245s] -- Up-to-date: /home/chris/Racing-pipline/install/car_interfaces/share/ament_index/resource_index/parent_prefix_path/car_interfaces
[3.248s] -- Up-to-date: /home/chris/Racing-pipline/install/car_interfaces/share/car_interfaces/environment/ament_prefix_path.sh
[3.248s] -- Up-to-date: /home/chris/Racing-pipline/install/car_interfaces/share/car_interfaces/environment/ament_prefix_path.dsv
[3.248s] -- Up-to-date: /home/chris/Racing-pipline/install/car_interfaces/share/car_interfaces/environment/path.sh
[3.248s] -- Up-to-date: /home/chris/Racing-pipline/install/car_interfaces/share/car_interfaces/environment/path.dsv
[3.248s] -- Up-to-date: /home/chris/Racing-pipline/install/car_interfaces/share/car_interfaces/local_setup.bash
[3.249s] -- Up-to-date: /home/chris/Racing-pipline/install/car_interfaces/share/car_interfaces/local_setup.sh
[3.249s] -- Up-to-date: /home/chris/Racing-pipline/install/car_interfaces/share/car_interfaces/local_setup.zsh
[3.249s] -- Up-to-date: /home/chris/Racing-pipline/install/car_interfaces/share/car_interfaces/local_setup.dsv
[3.249s] -- Installing: /home/chris/Racing-pipline/install/car_interfaces/share/car_interfaces/package.dsv
[3.249s] -- Up-to-date: /home/chris/Racing-pipline/install/car_interfaces/share/ament_index/resource_index/packages/car_interfaces
[3.249s] -- Up-to-date: /home/chris/Racing-pipline/install/car_interfaces/share/car_interfaces/cmake/export_car_interfaces__rosidl_generator_cExport.cmake
[3.250s] -- Up-to-date: /home/chris/Racing-pipline/install/car_interfaces/share/car_interfaces/cmake/export_car_interfaces__rosidl_generator_cExport-noconfig.cmake
[3.250s] -- Up-to-date: /home/chris/Racing-pipline/install/car_interfaces/share/car_interfaces/cmake/export_car_interfaces__rosidl_typesupport_fastrtps_cExport.cmake
[3.250s] -- Up-to-date: /home/chris/Racing-pipline/install/car_interfaces/share/car_interfaces/cmake/export_car_interfaces__rosidl_typesupport_fastrtps_cExport-noconfig.cmake
[3.250s] -- Up-to-date: /home/chris/Racing-pipline/install/car_interfaces/share/car_interfaces/cmake/car_interfaces__rosidl_typesupport_introspection_cExport.cmake
[3.250s] -- Up-to-date: /home/chris/Racing-pipline/install/car_interfaces/share/car_interfaces/cmake/car_interfaces__rosidl_typesupport_introspection_cExport-noconfig.cmake
[3.250s] -- Up-to-date: /home/chris/Racing-pipline/install/car_interfaces/share/car_interfaces/cmake/car_interfaces__rosidl_typesupport_cExport.cmake
[3.250s] -- Up-to-date: /home/chris/Racing-pipline/install/car_interfaces/share/car_interfaces/cmake/car_interfaces__rosidl_typesupport_cExport-noconfig.cmake
[3.250s] -- Up-to-date: /home/chris/Racing-pipline/install/car_interfaces/share/car_interfaces/cmake/export_car_interfaces__rosidl_generator_cppExport.cmake
[3.251s] -- Up-to-date: /home/chris/Racing-pipline/install/car_interfaces/share/car_interfaces/cmake/export_car_interfaces__rosidl_typesupport_fastrtps_cppExport.cmake
[3.251s] -- Up-to-date: /home/chris/Racing-pipline/install/car_interfaces/share/car_interfaces/cmake/export_car_interfaces__rosidl_typesupport_fastrtps_cppExport-noconfig.cmake
[3.251s] -- Up-to-date: /home/chris/Racing-pipline/install/car_interfaces/share/car_interfaces/cmake/car_interfaces__rosidl_typesupport_introspection_cppExport.cmake
[3.251s] -- Up-to-date: /home/chris/Racing-pipline/install/car_interfaces/share/car_interfaces/cmake/car_interfaces__rosidl_typesupport_introspection_cppExport-noconfig.cmake
[3.251s] -- Up-to-date: /home/chris/Racing-pipline/install/car_interfaces/share/car_interfaces/cmake/car_interfaces__rosidl_typesupport_cppExport.cmake
[3.251s] -- Up-to-date: /home/chris/Racing-pipline/install/car_interfaces/share/car_interfaces/cmake/car_interfaces__rosidl_typesupport_cppExport-noconfig.cmake
[3.251s] -- Up-to-date: /home/chris/Racing-pipline/install/car_interfaces/share/car_interfaces/cmake/export_car_interfaces__rosidl_generator_pyExport.cmake
[3.251s] -- Up-to-date: /home/chris/Racing-pipline/install/car_interfaces/share/car_interfaces/cmake/export_car_interfaces__rosidl_generator_pyExport-noconfig.cmake
[3.251s] -- Up-to-date: /home/chris/Racing-pipline/install/car_interfaces/share/car_interfaces/cmake/rosidl_cmake-extras.cmake
[3.251s] -- Up-to-date: /home/chris/Racing-pipline/install/car_interfaces/share/car_interfaces/cmake/ament_cmake_export_include_directories-extras.cmake
[3.252s] -- Up-to-date: /home/chris/Racing-pipline/install/car_interfaces/share/car_interfaces/cmake/ament_cmake_export_libraries-extras.cmake
[3.252s] -- Up-to-date: /home/chris/Racing-pipline/install/car_interfaces/share/car_interfaces/cmake/ament_cmake_export_targets-extras.cmake
[3.252s] -- Up-to-date: /home/chris/Racing-pipline/install/car_interfaces/share/car_interfaces/cmake/rosidl_cmake_export_typesupport_targets-extras.cmake
[3.252s] -- Up-to-date: /home/chris/Racing-pipline/install/car_interfaces/share/car_interfaces/cmake/ament_cmake_export_dependencies-extras.cmake
[3.252s] -- Up-to-date: /home/chris/Racing-pipline/install/car_interfaces/share/car_interfaces/cmake/rosidl_cmake_export_typesupport_libraries-extras.cmake
[3.252s] -- Up-to-date: /home/chris/Racing-pipline/install/car_interfaces/share/car_interfaces/cmake/car_interfacesConfig.cmake
[3.252s] -- Up-to-date: /home/chris/Racing-pipline/install/car_interfaces/share/car_interfaces/cmake/car_interfacesConfig-version.cmake
[3.252s] -- Up-to-date: /home/chris/Racing-pipline/install/car_interfaces/share/car_interfaces/package.xml
[3.266s] Invoked command in '/home/chris/Racing-pipline/build/car_interfaces' returned '0': CMAKE_PREFIX_PATH=${CMAKE_PREFIX_PATH}:/home/chris/sim_ws/install/f1tenth_gym_ros:/home/chris/Racing-pipline/install/test_pkg:/home/chris/Racing-pipline/install/particle_filter:/home/chris/Racing-pipline/install/benchmark_test_pkg:/home/chris/Ros2PP/install/my_waypoint_follower:/home/chris/udemy_ws/install/my_py_pkg:/opt/ros/humble /usr/bin/cmake --install /home/chris/Racing-pipline/build/car_interfaces
