[0.624s] Invoking command in '/home/chris/Racing-pipline/src/localisation': PYTHONPATH=/home/chris/Racing-pipline/build/localisation/prefix_override:/home/chris/Racing-pipline/install/localisation/lib/python3.10/site-packages:${PYTHONPATH} /usr/bin/python3 -W ignore:setup.py install is deprecated setup.py egg_info --egg-base ../../build/localisation build --build-base /home/chris/Racing-pipline/build/localisation/build install --record /home/chris/Racing-pipline/build/localisation/install.log --single-version-externally-managed install_data
[0.784s] running egg_info
[0.785s] writing ../../build/localisation/localisation.egg-info/PKG-INFO
[0.785s] writing dependency_links to ../../build/localisation/localisation.egg-info/dependency_links.txt
[0.785s] writing entry points to ../../build/localisation/localisation.egg-info/entry_points.txt
[0.785s] writing requirements to ../../build/localisation/localisation.egg-info/requires.txt
[0.785s] writing top-level names to ../../build/localisation/localisation.egg-info/top_level.txt
[0.786s] reading manifest file '../../build/localisation/localisation.egg-info/SOURCES.txt'
[0.787s] writing manifest file '../../build/localisation/localisation.egg-info/SOURCES.txt'
[0.787s] running build
[0.787s] running build_py
[0.787s] running install
[0.787s] running install_lib
[0.788s] running install_data
[0.788s] running install_egg_info
[0.789s] removing '/home/chris/Racing-pipline/install/localisation/lib/python3.10/site-packages/localisation-0.0.0-py3.10.egg-info' (and everything under it)
[0.789s] Copying ../../build/localisation/localisation.egg-info to /home/chris/Racing-pipline/install/localisation/lib/python3.10/site-packages/localisation-0.0.0-py3.10.egg-info
[0.789s] running install_scripts
[0.802s] Installing pf script to /home/chris/Racing-pipline/install/localisation/lib/localisation
[0.802s] writing list of installed files to '/home/chris/Racing-pipline/build/localisation/install.log'
[0.824s] Invoked command in '/home/chris/Racing-pipline/src/localisation' returned '0': PYTHONPATH=/home/chris/Racing-pipline/build/localisation/prefix_override:/home/chris/Racing-pipline/install/localisation/lib/python3.10/site-packages:${PYTHONPATH} /usr/bin/python3 -W ignore:setup.py install is deprecated setup.py egg_info --egg-base ../../build/localisation build --build-base /home/chris/Racing-pipline/build/localisation/build install --record /home/chris/Racing-pipline/build/localisation/install.log --single-version-externally-managed install_data
